{"meta": {"format": 3, "version": "7.11.0", "timestamp": "2025-10-31T14:58:28.675860", "branch_coverage": true, "show_contexts": false}, "files": {"src/pyvider/rpcplugin/__init__.py": {"executed_lines": [6, 11, 12, 13, 18, 26, 32, 33, 35], "summary": {"covered_lines": 8, "num_statements": 8, "percent_covered": 100.0, "percent_covered_display": "100.00", "missing_lines": 0, "excluded_lines": 0, "num_branches": 0, "num_partial_branches": 0, "covered_branches": 0, "missing_branches": 0}, "missing_lines": [], "excluded_lines": [], "executed_branches": [], "missing_branches": [], "functions": {"": {"executed_lines": [6, 11, 12, 13, 18, 26, 32, 33, 35], "summary": {"covered_lines": 8, "num_statements": 8, "percent_covered": 100.0, "percent_covered_display": "100.00", "missing_lines": 0, "excluded_lines": 0, "num_branches": 0, "num_partial_branches": 0, "covered_branches": 0, "missing_branches": 0}, "missing_lines": [], "excluded_lines": [], "executed_branches": [], "missing_branches": []}}, "classes": {"": {"executed_lines": [6, 11, 12, 13, 18, 26, 32, 33, 35], "summary": {"covered_lines": 8, "num_statements": 8, "percent_covered": 100.0, "percent_covered_display": "100.00", "missing_lines": 0, "excluded_lines": 0, "num_branches": 0, "num_partial_branches": 0, "covered_branches": 0, "missing_branches": 0}, "missing_lines": [], "excluded_lines": [], "executed_branches": [], "missing_branches": []}}}, "src/pyvider/rpcplugin/_version.py": {"executed_lines": [6, 8, 10, 15, 17], "summary": {"covered_lines": 4, "num_statements": 4, "percent_covered": 100.0, "percent_covered_display": "100.00", "missing_lines": 0, "excluded_lines": 0, "num_branches": 0, "num_partial_branches": 0, "covered_branches": 0, "missing_branches": 0}, "missing_lines": [], "excluded_lines": [], "executed_branches": [], "missing_branches": [], "functions": {"": {"executed_lines": [6, 8, 10, 15, 17], "summary": {"covered_lines": 4, "num_statements": 4, "percent_covered": 100.0, "percent_covered_display": "100.00", "missing_lines": 0, "excluded_lines": 0, "num_branches": 0, "num_partial_branches": 0, "covered_branches": 0, "missing_branches": 0}, "missing_lines": [], "excluded_lines": [], "executed_branches": [], "missing_branches": []}}, "classes": {"": {"executed_lines": [6, 8, 10, 15, 17], "summary": {"covered_lines": 4, "num_statements": 4, "percent_covered": 100.0, "percent_covered_display": "100.00", "missing_lines": 0, "excluded_lines": 0, "num_branches": 0, "num_partial_branches": 0, "covered_branches": 0, "missing_branches": 0}, "missing_lines": [], "excluded_lines": [], "executed_branches": [], "missing_branches": []}}}, "src/pyvider/rpcplugin/client/__init__.py": {"executed_lines": [6, 11, 12, 13, 21], "summary": {"covered_lines": 4, "num_statements": 4, "percent_covered": 100.0, "percent_covered_display": "100.00", "missing_lines": 0, "excluded_lines": 0, "num_branches": 0, "num_partial_branches": 0, "covered_branches": 0, "missing_branches": 0}, "missing_lines": [], "excluded_lines": [], "executed_branches": [], "missing_branches": [], "functions": {"": {"executed_lines": [6, 11, 12, 13, 21], "summary": {"covered_lines": 4, "num_statements": 4, "percent_covered": 100.0, "percent_covered_display": "100.00", "missing_lines": 0, "excluded_lines": 0, "num_branches": 0, "num_partial_branches": 0, "covered_branches": 0, "missing_branches": 0}, "missing_lines": [], "excluded_lines": [], "executed_branches": [], "missing_branches": []}}, "classes": {"": {"executed_lines": [6, 11, 12, 13, 21], "summary": {"covered_lines": 4, "num_statements": 4, "percent_covered": 100.0, "percent_covered_display": "100.00", "missing_lines": 0, "excluded_lines": 0, "num_branches": 0, "num_partial_branches": 0, "covered_branches": 0, "missing_branches": 0}, "missing_lines": [], "excluded_lines": [], "executed_branches": [], "missing_branches": []}}}, "src/pyvider/rpcplugin/client/connection.py": {"executed_lines": [6, 13, 14, 18, 20, 21, 23, 25, 28, 29, 32, 33, 34, 52, 53, 54, 55, 56, 57, 58, 59, 61, 63, 64, 65, 66, 68, 69, 71, 73, 81, 82, 83, 91, 101, 102, 103, 104, 105, 106, 107, 108, 110, 123, 124, 125, 126, 127, 128, 129, 130, 131, 132, 134, 144, 145, 146, 148, 151, 153, 166, 167, 168, 170, 174, 175, 177, 183, 184, 186, 187, 189, 190, 191, 192, 193, 194, 195, 200, 207, 208, 210, 211, 213, 214, 215, 216], "summary": {"covered_lines": 85, "num_statements": 85, "percent_covered": 98.13084112149532, "percent_covered_display": "98.13", "missing_lines": 0, "excluded_lines": 0, "num_branches": 22, "num_partial_branches": 2, "covered_branches": 20, "missing_branches": 2}, "missing_lines": [], "excluded_lines": [], "executed_branches": [[63, 64], [65, 66], [126, 127], [126, 129], [144, 145], [144, 146], [146, 148], [146, 151], [166, 167], [166, 168], [168, 170], [168, 174], [183, 184], [183, 186], [189, -177], [189, 190], [207, -200], [207, 208], [214, 215], [214, 216]], "missing_branches": [[63, 65], [65, -61]], "functions": {"ClientConnection.__attrs_post_init__": {"executed_lines": [63, 64, 65, 66], "summary": {"covered_lines": 4, "num_statements": 4, "percent_covered": 75.0, "percent_covered_display": "75.00", "missing_lines": 0, "excluded_lines": 0, "num_branches": 4, "num_partial_branches": 2, "covered_branches": 2, "missing_branches": 2}, "missing_lines": [], "excluded_lines": [], "executed_branches": [[63, 64], [65, 66]], "missing_branches": [[63, 65], [65, -61]]}, "ClientConnection.is_closed": {"executed_lines": [71], "summary": {"covered_lines": 1, "num_statements": 1, "percent_covered": 100.0, "percent_covered_display": "100.00", "missing_lines": 0, "excluded_lines": 0, "num_branches": 0, "num_partial_branches": 0, "covered_branches": 0, "missing_branches": 0}, "missing_lines": [], "excluded_lines": [], "executed_branches": [], "missing_branches": []}, "ClientConnection.update_metrics": {"executed_lines": [81, 82, 83], "summary": {"covered_lines": 3, "num_statements": 3, "percent_covered": 100.0, "percent_covered_display": "100.00", "missing_lines": 0, "excluded_lines": 0, "num_branches": 0, "num_partial_branches": 0, "covered_branches": 0, "missing_branches": 0}, "missing_lines": [], "excluded_lines": [], "executed_branches": [], "missing_branches": []}, "ClientConnection._default_send": {"executed_lines": [101, 102, 103, 104, 105, 106, 107, 108], "summary": {"covered_lines": 8, "num_statements": 8, "percent_covered": 100.0, "percent_covered_display": "100.00", "missing_lines": 0, "excluded_lines": 0, "num_branches": 0, "num_partial_branches": 0, "covered_branches": 0, "missing_branches": 0}, "missing_lines": [], "excluded_lines": [], "executed_branches": [], "missing_branches": []}, "ClientConnection._default_receive": {"executed_lines": [123, 124, 125, 126, 127, 128, 129, 130, 131, 132], "summary": {"covered_lines": 10, "num_statements": 10, "percent_covered": 100.0, "percent_covered_display": "100.00", "missing_lines": 0, "excluded_lines": 0, "num_branches": 2, "num_partial_branches": 0, "covered_branches": 2, "missing_branches": 0}, "missing_lines": [], "excluded_lines": [], "executed_branches": [[126, 127], [126, 129]], "missing_branches": []}, "ClientConnection.send_data": {"executed_lines": [144, 145, 146, 148, 151], "summary": {"covered_lines": 5, "num_statements": 5, "percent_covered": 100.0, "percent_covered_display": "100.00", "missing_lines": 0, "excluded_lines": 0, "num_branches": 4, "num_partial_branches": 0, "covered_branches": 4, "missing_branches": 0}, "missing_lines": [], "excluded_lines": [], "executed_branches": [[144, 145], [144, 146], [146, 148], [146, 151]], "missing_branches": []}, "ClientConnection.receive_data": {"executed_lines": [166, 167, 168, 170, 174, 175], "summary": {"covered_lines": 6, "num_statements": 6, "percent_covered": 100.0, "percent_covered_display": "100.00", "missing_lines": 0, "excluded_lines": 0, "num_branches": 4, "num_partial_branches": 0, "covered_branches": 4, "missing_branches": 0}, "missing_lines": [], "excluded_lines": [], "executed_branches": [[166, 167], [166, 168], [168, 170], [168, 174]], "missing_branches": []}, "ClientConnection.close": {"executed_lines": [183, 184, 186, 187, 189, 190, 191, 192, 193, 194, 195], "summary": {"covered_lines": 11, "num_statements": 11, "percent_covered": 100.0, "percent_covered_display": "100.00", "missing_lines": 0, "excluded_lines": 0, "num_branches": 4, "num_partial_branches": 0, "covered_branches": 4, "missing_branches": 0}, "missing_lines": [], "excluded_lines": [], "executed_branches": [[183, 184], [183, 186], [189, -177], [189, 190]], "missing_branches": []}, "ClientConnection.__del__": {"executed_lines": [207, 208], "summary": {"covered_lines": 2, "num_statements": 2, "percent_covered": 100.0, "percent_covered_display": "100.00", "missing_lines": 0, "excluded_lines": 0, "num_branches": 2, "num_partial_branches": 0, "covered_branches": 2, "missing_branches": 0}, "missing_lines": [], "excluded_lines": [], "executed_branches": [[207, -200], [207, 208]], "missing_branches": []}, "ClientConnection.__hash__": {"executed_lines": [211], "summary": {"covered_lines": 1, "num_statements": 1, "percent_covered": 100.0, "percent_covered_display": "100.00", "missing_lines": 0, "excluded_lines": 0, "num_branches": 0, "num_partial_branches": 0, "covered_branches": 0, "missing_branches": 0}, "missing_lines": [], "excluded_lines": [], "executed_branches": [], "missing_branches": []}, "ClientConnection.__eq__": {"executed_lines": [214, 215, 216], "summary": {"covered_lines": 3, "num_statements": 3, "percent_covered": 100.0, "percent_covered_display": "100.00", "missing_lines": 0, "excluded_lines": 0, "num_branches": 2, "num_partial_branches": 0, "covered_branches": 2, "missing_branches": 0}, "missing_lines": [], "excluded_lines": [], "executed_branches": [[214, 215], [214, 216]], "missing_branches": []}, "": {"executed_lines": [6, 13, 14, 18, 20, 21, 23, 25, 28, 29, 32, 33, 34, 52, 53, 54, 55, 56, 57, 58, 59, 61, 68, 69, 73, 91, 110, 134, 153, 177, 200, 210, 213], "summary": {"covered_lines": 31, "num_statements": 31, "percent_covered": 100.0, "percent_covered_display": "100.00", "missing_lines": 0, "excluded_lines": 0, "num_branches": 0, "num_partial_branches": 0, "covered_branches": 0, "missing_branches": 0}, "missing_lines": [], "excluded_lines": [], "executed_branches": [], "missing_branches": []}}, "classes": {"ClientConnection": {"executed_lines": [63, 64, 65, 66, 71, 81, 82, 83, 101, 102, 103, 104, 105, 106, 107, 108, 123, 124, 125, 126, 127, 128, 129, 130, 131, 132, 144, 145, 146, 148, 151, 166, 167, 168, 170, 174, 175, 183, 184, 186, 187, 189, 190, 191, 192, 193, 194, 195, 207, 208, 211, 214, 215, 216], "summary": {"covered_lines": 54, "num_statements": 54, "percent_covered": 97.36842105263158, "percent_covered_display": "97.37", "missing_lines": 0, "excluded_lines": 0, "num_branches": 22, "num_partial_branches": 2, "covered_branches": 20, "missing_branches": 2}, "missing_lines": [], "excluded_lines": [], "executed_branches": [[63, 64], [65, 66], [126, 127], [126, 129], [144, 145], [144, 146], [146, 148], [146, 151], [166, 167], [166, 168], [168, 170], [168, 174], [183, 184], [183, 186], [189, -177], [189, 190], [207, -200], [207, 208], [214, 215], [214, 216]], "missing_branches": [[63, 65], [65, -61]]}, "": {"executed_lines": [6, 13, 14, 18, 20, 21, 23, 25, 28, 29, 32, 33, 34, 52, 53, 54, 55, 56, 57, 58, 59, 61, 68, 69, 73, 91, 110, 134, 153, 177, 200, 210, 213], "summary": {"covered_lines": 31, "num_statements": 31, "percent_covered": 100.0, "percent_covered_display": "100.00", "missing_lines": 0, "excluded_lines": 0, "num_branches": 0, "num_partial_branches": 0, "covered_branches": 0, "missing_branches": 0}, "missing_lines": [], "excluded_lines": [], "executed_branches": [], "missing_branches": []}}}, "src/pyvider/rpcplugin/client/core.py": {"executed_lines": [6, 11, 13, 14, 15, 17, 18, 19, 21, 22, 23, 24, 27, 28, 29, 30, 31, 33, 36, 39, 40, 41, 86, 87, 90, 91, 92, 94, 95, 96, 97, 98, 101, 102, 105, 106, 107, 110, 111, 114, 115, 116, 117, 118, 120, 124, 126, 138, 140, 141, 142, 143, 144, 145, 147, 148, 150, 157, 158, 159, 160, 162, 163, 165, 166, 167, 170, 172, 174, 178, 179, 180, 181, 182, 183, 184, 185, 186, 188, 190, 191, 192, 193, 194, 196, 198, 200, 203, 205, 206, 210, 211, 213, 216, 218, 219, 225, 227, 229, 230, 231, 232, 233, 234, 236, 238, 240, 241, 242, 243, 244, 246, 254, 256, 257, 258, 259, 260, 262, 264, 265, 267, 274, 275, 276, 277, 279], "summary": {"covered_lines": 124, "num_statements": 125, "percent_covered": 97.12230215827338, "percent_covered_display": "97.12", "missing_lines": 1, "excluded_lines": 2, "num_branches": 14, "num_partial_branches": 3, "covered_branches": 11, "missing_branches": 3}, "missing_lines": [201], "excluded_lines": [33, 34], "executed_branches": [[158, 159], [158, 162], [174, -172], [174, 178], [178, 174], [178, 179], [190, 191], [200, 203], [210, 211], [210, 213], [229, 230]], "missing_branches": [[190, -188], [200, 201], [229, -227]], "functions": {"RPCPluginClient.__attrs_post_init__": {"executed_lines": [124], "summary": {"covered_lines": 1, "num_statements": 1, "percent_covered": 100.0, "percent_covered_display": "100.00", "missing_lines": 0, "excluded_lines": 0, "num_branches": 0, "num_partial_branches": 0, "covered_branches": 0, "missing_branches": 0}, "missing_lines": [], "excluded_lines": [], "executed_branches": [], "missing_branches": []}, "RPCPluginClient.start": {"executed_lines": [138, 140, 141, 142, 143, 144, 145, 147, 148], "summary": {"covered_lines": 9, "num_statements": 9, "percent_covered": 100.0, "percent_covered_display": "100.00", "missing_lines": 0, "excluded_lines": 0, "num_branches": 0, "num_partial_branches": 0, "covered_branches": 0, "missing_branches": 0}, "missing_lines": [], "excluded_lines": [], "executed_branches": [], "missing_branches": []}, "RPCPluginClient.shutdown_plugin": {"executed_lines": [157, 158, 159, 160, 162, 163, 165, 166, 167, 170], "summary": {"covered_lines": 10, "num_statements": 10, "percent_covered": 100.0, "percent_covered_display": "100.00", "missing_lines": 0, "excluded_lines": 0, "num_branches": 2, "num_partial_branches": 0, "covered_branches": 2, "missing_branches": 0}, "missing_lines": [], "excluded_lines": [], "executed_branches": [[158, 159], [158, 162]], "missing_branches": []}, "RPCPluginClient._cancel_tasks": {"executed_lines": [174, 178, 179, 180, 181, 182, 183, 184, 185, 186], "summary": {"covered_lines": 10, "num_statements": 10, "percent_covered": 100.0, "percent_covered_display": "100.00", "missing_lines": 0, "excluded_lines": 0, "num_branches": 4, "num_partial_branches": 0, "covered_branches": 4, "missing_branches": 0}, "missing_lines": [], "excluded_lines": [], "executed_branches": [[174, -172], [174, 178], [178, 174], [178, 179]], "missing_branches": []}, "RPCPluginClient._close_grpc_channel": {"executed_lines": [190, 191, 192, 193, 194, 196], "summary": {"covered_lines": 6, "num_statements": 6, "percent_covered": 87.5, "percent_covered_display": "87.50", "missing_lines": 0, "excluded_lines": 0, "num_branches": 2, "num_partial_branches": 1, "covered_branches": 1, "missing_branches": 1}, "missing_lines": [], "excluded_lines": [], "executed_branches": [[190, 191]], "missing_branches": [[190, -188]]}, "RPCPluginClient._terminate_process": {"executed_lines": [200, 203, 205, 206, 210, 211, 213, 216, 218, 219, 225], "summary": {"covered_lines": 11, "num_statements": 12, "percent_covered": 87.5, "percent_covered_display": "87.50", "missing_lines": 1, "excluded_lines": 0, "num_branches": 4, "num_partial_branches": 1, "covered_branches": 3, "missing_branches": 1}, "missing_lines": [201], "excluded_lines": [], "executed_branches": [[200, 203], [210, 211], [210, 213]], "missing_branches": [[200, 201]]}, "RPCPluginClient._close_transport": {"executed_lines": [229, 230, 231, 232, 233, 234, 236], "summary": {"covered_lines": 7, "num_statements": 7, "percent_covered": 88.88888888888889, "percent_covered_display": "88.89", "missing_lines": 0, "excluded_lines": 0, "num_branches": 2, "num_partial_branches": 1, "covered_branches": 1, "missing_branches": 1}, "missing_lines": [], "excluded_lines": [], "executed_branches": [[229, 230]], "missing_branches": [[229, -227]]}, "RPCPluginClient._reset_state": {"executed_lines": [240, 241, 242, 243, 244], "summary": {"covered_lines": 5, "num_statements": 5, "percent_covered": 100.0, "percent_covered_display": "100.00", "missing_lines": 0, "excluded_lines": 0, "num_branches": 0, "num_partial_branches": 0, "covered_branches": 0, "missing_branches": 0}, "missing_lines": [], "excluded_lines": [], "executed_branches": [], "missing_branches": []}, "RPCPluginClient.close": {"executed_lines": [254, 256, 257, 258, 259, 260], "summary": {"covered_lines": 6, "num_statements": 6, "percent_covered": 100.0, "percent_covered_display": "100.00", "missing_lines": 0, "excluded_lines": 0, "num_branches": 0, "num_partial_branches": 0, "covered_branches": 0, "missing_branches": 0}, "missing_lines": [], "excluded_lines": [], "executed_branches": [], "missing_branches": []}, "RPCPluginClient.__aenter__": {"executed_lines": [264, 265], "summary": {"covered_lines": 2, "num_statements": 2, "percent_covered": 100.0, "percent_covered_display": "100.00", "missing_lines": 0, "excluded_lines": 0, "num_branches": 0, "num_partial_branches": 0, "covered_branches": 0, "missing_branches": 0}, "missing_lines": [], "excluded_lines": [], "executed_branches": [], "missing_branches": []}, "RPCPluginClient.__aexit__": {"executed_lines": [274, 275, 276, 277, 279], "summary": {"covered_lines": 5, "num_statements": 5, "percent_covered": 100.0, "percent_covered_display": "100.00", "missing_lines": 0, "excluded_lines": 0, "num_branches": 0, "num_partial_branches": 0, "covered_branches": 0, "missing_branches": 0}, "missing_lines": [], "excluded_lines": [], "executed_branches": [], "missing_branches": []}, "": {"executed_lines": [6, 11, 13, 14, 15, 17, 18, 19, 21, 22, 23, 24, 27, 28, 29, 30, 31, 33, 36, 39, 40, 41, 86, 87, 90, 91, 92, 94, 95, 96, 97, 98, 101, 102, 105, 106, 107, 110, 111, 114, 115, 116, 117, 118, 120, 126, 150, 172, 188, 198, 227, 238, 246, 262, 267], "summary": {"covered_lines": 52, "num_statements": 52, "percent_covered": 100.0, "percent_covered_display": "100.00", "missing_lines": 0, "excluded_lines": 2, "num_branches": 0, "num_partial_branches": 0, "covered_branches": 0, "missing_branches": 0}, "missing_lines": [], "excluded_lines": [33, 34], "executed_branches": [], "missing_branches": []}}, "classes": {"RPCPluginClient": {"executed_lines": [124, 138, 140, 141, 142, 143, 144, 145, 147, 148, 157, 158, 159, 160, 162, 163, 165, 166, 167, 170, 174, 178, 179, 180, 181, 182, 183, 184, 185, 186, 190, 191, 192, 193, 194, 196, 200, 203, 205, 206, 210, 211, 213, 216, 218, 219, 225, 229, 230, 231, 232, 233, 234, 236, 240, 241, 242, 243, 244, 254, 256, 257, 258, 259, 260, 264, 265, 274, 275, 276, 277, 279], "summary": {"covered_lines": 72, "num_statements": 73, "percent_covered": 95.40229885057471, "percent_covered_display": "95.40", "missing_lines": 1, "excluded_lines": 0, "num_branches": 14, "num_partial_branches": 3, "covered_branches": 11, "missing_branches": 3}, "missing_lines": [201], "excluded_lines": [], "executed_branches": [[158, 159], [158, 162], [174, -172], [174, 178], [178, 174], [178, 179], [190, 191], [200, 203], [210, 211], [210, 213], [229, 230]], "missing_branches": [[190, -188], [200, 201], [229, -227]]}, "": {"executed_lines": [6, 11, 13, 14, 15, 17, 18, 19, 21, 22, 23, 24, 27, 28, 29, 30, 31, 33, 36, 39, 40, 41, 86, 87, 90, 91, 92, 94, 95, 96, 97, 98, 101, 102, 105, 106, 107, 110, 111, 114, 115, 116, 117, 118, 120, 126, 150, 172, 188, 198, 227, 238, 246, 262, 267], "summary": {"covered_lines": 52, "num_statements": 52, "percent_covered": 100.0, "percent_covered_display": "100.00", "missing_lines": 0, "excluded_lines": 2, "num_branches": 0, "num_partial_branches": 0, "covered_branches": 0, "missing_branches": 0}, "missing_lines": [], "excluded_lines": [33, 34], "executed_branches": [], "missing_branches": []}}}, "src/pyvider/rpcplugin/client/handshake.py": {"executed_lines": [6, 11, 13, 14, 15, 16, 17, 19, 21, 22, 27, 32, 34, 38, 39, 53, 54, 58, 59, 81, 108, 109, 113, 114, 120, 121, 122, 124, 125, 126, 128, 129, 131, 133, 134, 136, 137, 139, 141, 142, 144, 146, 147, 148, 149, 150, 152, 154, 155, 156, 158, 159, 161, 170, 171, 172, 176, 177, 178, 179, 180, 181, 185, 186, 189, 190, 191, 193, 199, 200, 202, 203, 204, 205, 209, 210, 211, 213, 214, 215, 217, 218, 219, 221, 222, 226, 227, 231, 233, 240, 241, 242, 244, 245, 246, 248, 249, 250, 254, 255, 256, 257, 258, 259, 260, 263, 266, 274, 276, 278, 285, 286, 287, 288, 289, 291, 293, 294, 295, 296, 297, 298, 299, 301, 303, 304, 305, 306, 307, 317, 319, 321, 323, 324, 325, 327, 332, 333, 334, 335, 336, 337, 339, 341, 343, 347, 357, 358, 359, 360, 362, 363, 364, 365, 366, 367, 369, 372, 385, 386, 388, 389, 390, 392, 397, 398, 400, 401, 403, 404, 405, 406, 407, 408, 409, 410, 411, 413, 414, 415, 416, 417, 418, 423, 425, 426, 436, 447, 450, 453, 456, 457, 460, 461, 469, 470, 471, 476, 477, 478, 479, 481, 488, 489, 491, 492, 494, 495, 496, 497, 499, 500, 502, 515, 516, 519, 520, 521, 523, 524, 527, 529, 530, 531, 533], "summary": {"covered_lines": 221, "num_statements": 230, "percent_covered": 94.17808219178082, "percent_covered_display": "94.18", "missing_lines": 9, "excluded_lines": 2, "num_branches": 62, "num_partial_branches": 8, "covered_branches": 54, "missing_branches": 8}, "missing_lines": [187, 338, 344, 345, 368, 370, 419, 420, 421], "excluded_lines": [34, 35], "executed_branches": [[108, 109], [108, 113], [124, 125], [124, 128], [136, 137], [136, 139], [146, 147], [146, 154], [176, 177], [176, 189], [202, 203], [204, 205], [204, 213], [221, 222], [221, 231], [244, 245], [244, 248], [248, 249], [248, 259], [259, 260], [294, 295], [294, 299], [303, -301], [303, 304], [323, 324], [323, 327], [332, 333], [332, 339], [335, 336], [343, 347], [357, 358], [362, 363], [362, 369], [364, 365], [365, 364], [365, 366], [385, 386], [385, 388], [400, 401], [400, 425], [405, 406], [405, 423], [406, 407], [406, 408], [409, 410], [409, 423], [417, 418], [491, 492], [515, 516], [515, 519], [523, 524], [523, 527], [529, 530], [529, 531]], "missing_branches": [[202, -161], [259, -233], [335, 338], [343, 344], [357, 370], [364, 368], [417, 419], [491, 500]], "functions": {"ClientHandshakeMixin._complete_handshake_setup": {"executed_lines": [108, 109, 113, 114, 120, 121, 122, 124, 125, 126, 128, 129], "summary": {"covered_lines": 12, "num_statements": 12, "percent_covered": 100.0, "percent_covered_display": "100.00", "missing_lines": 0, "excluded_lines": 0, "num_branches": 4, "num_partial_branches": 0, "covered_branches": 4, "missing_branches": 0}, "missing_lines": [], "excluded_lines": [], "executed_branches": [[108, 109], [108, 113], [124, 125], [124, 128]], "missing_branches": []}, "ClientHandshakeMixin._attempt_single_handshake": {"executed_lines": [133, 134, 136, 137, 139, 141, 142], "summary": {"covered_lines": 7, "num_statements": 7, "percent_covered": 100.0, "percent_covered_display": "100.00", "missing_lines": 0, "excluded_lines": 0, "num_branches": 2, "num_partial_branches": 0, "covered_branches": 2, "missing_branches": 0}, "missing_lines": [], "excluded_lines": [], "executed_branches": [[136, 137], [136, 139]], "missing_branches": []}, "ClientHandshakeMixin._handle_retry_cleanup": {"executed_lines": [146, 147, 148, 149, 150, 152, 154, 155, 156, 158, 159], "summary": {"covered_lines": 11, "num_statements": 11, "percent_covered": 100.0, "percent_covered_display": "100.00", "missing_lines": 0, "excluded_lines": 0, "num_branches": 2, "num_partial_branches": 0, "covered_branches": 2, "missing_branches": 0}, "missing_lines": [], "excluded_lines": [], "executed_branches": [[146, 147], [146, 154]], "missing_branches": []}, "ClientHandshakeMixin._connect_and_handshake_with_retry": {"executed_lines": [170, 171, 172, 176, 177, 178, 179, 180, 181, 185, 186, 189, 190, 191, 193, 199, 200, 202, 203, 204, 205, 209, 210, 211, 213, 214, 215, 217, 218, 219, 221, 222, 226, 227, 231], "summary": {"covered_lines": 35, "num_statements": 36, "percent_covered": 95.45454545454545, "percent_covered_display": "95.45", "missing_lines": 1, "excluded_lines": 0, "num_branches": 8, "num_partial_branches": 1, "covered_branches": 7, "missing_branches": 1}, "missing_lines": [187], "excluded_lines": [], "executed_branches": [[176, 177], [176, 189], [202, 203], [204, 205], [204, 213], [221, 222], [221, 231]], "missing_branches": [[202, -161]]}, "ClientHandshakeMixin._setup_client_certificates": {"executed_lines": [240, 241, 242, 244, 245, 246, 248, 249, 250, 254, 255, 256, 257, 258, 259, 260, 263, 266, 274, 276, 278, 285, 286, 287, 288, 289], "summary": {"covered_lines": 26, "num_statements": 26, "percent_covered": 96.875, "percent_covered_display": "96.88", "missing_lines": 0, "excluded_lines": 0, "num_branches": 6, "num_partial_branches": 1, "covered_branches": 5, "missing_branches": 1}, "missing_lines": [], "excluded_lines": [], "executed_branches": [[244, 245], [244, 248], [248, 249], [248, 259], [259, 260]], "missing_branches": [[259, -233]]}, "ClientHandshakeMixin._get_stderr_output": {"executed_lines": [293, 294, 295, 296, 297, 298, 299], "summary": {"covered_lines": 7, "num_statements": 7, "percent_covered": 100.0, "percent_covered_display": "100.00", "missing_lines": 0, "excluded_lines": 0, "num_branches": 2, "num_partial_branches": 0, "covered_branches": 2, "missing_branches": 0}, "missing_lines": [], "excluded_lines": [], "executed_branches": [[294, 295], [294, 299]], "missing_branches": []}, "ClientHandshakeMixin._check_process_exit": {"executed_lines": [303, 304, 305, 306, 307], "summary": {"covered_lines": 5, "num_statements": 5, "percent_covered": 100.0, "percent_covered_display": "100.00", "missing_lines": 0, "excluded_lines": 0, "num_branches": 2, "num_partial_branches": 0, "covered_branches": 2, "missing_branches": 0}, "missing_lines": [], "excluded_lines": [], "executed_branches": [[303, -301], [303, 304]], "missing_branches": []}, "ClientHandshakeMixin._is_complete_handshake": {"executed_lines": [319], "summary": {"covered_lines": 1, "num_statements": 1, "percent_covered": 100.0, "percent_covered_display": "100.00", "missing_lines": 0, "excluded_lines": 0, "num_branches": 0, "num_partial_branches": 0, "covered_branches": 0, "missing_branches": 0}, "missing_lines": [], "excluded_lines": [], "executed_branches": [], "missing_branches": []}, "ClientHandshakeMixin._try_readline_strategy": {"executed_lines": [323, 324, 325, 327, 332, 333, 334, 335, 336, 337, 339], "summary": {"covered_lines": 11, "num_statements": 12, "percent_covered": 88.88888888888889, "percent_covered_display": "88.89", "missing_lines": 1, "excluded_lines": 0, "num_branches": 6, "num_partial_branches": 1, "covered_branches": 5, "missing_branches": 1}, "missing_lines": [338], "excluded_lines": [], "executed_branches": [[323, 324], [323, 327], [332, 333], [332, 339], [335, 336]], "missing_branches": [[335, 338]]}, "ClientHandshakeMixin._try_chunk_strategy": {"executed_lines": [343, 347, 357, 358, 359, 360, 362, 363, 364, 365, 366, 367, 369], "summary": {"covered_lines": 13, "num_statements": 17, "percent_covered": 74.07407407407408, "percent_covered_display": "74.07", "missing_lines": 4, "excluded_lines": 0, "num_branches": 10, "num_partial_branches": 3, "covered_branches": 7, "missing_branches": 3}, "missing_lines": [344, 345, 368, 370], "excluded_lines": [], "executed_branches": [[343, 347], [357, 358], [362, 363], [362, 369], [364, 365], [365, 364], [365, 366]], "missing_branches": [[343, 344], [357, 370], [364, 368]]}, "ClientHandshakeMixin._read_raw_handshake_line_from_stdout": {"executed_lines": [385, 386, 388, 389, 390, 392, 397, 398, 400, 401, 403, 404, 405, 406, 407, 408, 409, 410, 411, 413, 414, 415, 416, 417, 418, 423, 425, 426], "summary": {"covered_lines": 28, "num_statements": 31, "percent_covered": 90.69767441860465, "percent_covered_display": "90.70", "missing_lines": 3, "excluded_lines": 0, "num_branches": 12, "num_partial_branches": 1, "covered_branches": 11, "missing_branches": 1}, "missing_lines": [419, 420, 421], "excluded_lines": [], "executed_branches": [[385, 386], [385, 388], [400, 401], [400, 425], [405, 406], [405, 423], [406, 407], [406, 408], [409, 410], [409, 423], [417, 418]], "missing_branches": [[417, 419]]}, "ClientHandshakeMixin._perform_handshake": {"executed_lines": [447, 450, 453, 456, 457, 460, 461, 469, 470, 471, 476, 477, 478, 479, 481, 488, 489, 491, 492, 494, 495, 496, 497, 499, 500], "summary": {"covered_lines": 25, "num_statements": 25, "percent_covered": 96.29629629629629, "percent_covered_display": "96.30", "missing_lines": 0, "excluded_lines": 0, "num_branches": 2, "num_partial_branches": 1, "covered_branches": 1, "missing_branches": 1}, "missing_lines": [], "excluded_lines": [], "executed_branches": [[491, 492]], "missing_branches": [[491, 500]]}, "ClientHandshakeMixin._rebuild_x509_pem": {"executed_lines": [515, 516, 519, 520, 521, 523, 524, 527, 529, 530, 531, 533], "summary": {"covered_lines": 12, "num_statements": 12, "percent_covered": 100.0, "percent_covered_display": "100.00", "missing_lines": 0, "excluded_lines": 0, "num_branches": 6, "num_partial_branches": 0, "covered_branches": 6, "missing_branches": 0}, "missing_lines": [], "excluded_lines": [], "executed_branches": [[515, 516], [515, 519], [523, 524], [523, 527], [529, 530], [529, 531]], "missing_branches": []}, "": {"executed_lines": [6, 11, 13, 14, 15, 16, 17, 19, 21, 22, 27, 32, 34, 38, 39, 53, 54, 58, 59, 81, 131, 144, 161, 233, 291, 301, 317, 321, 341, 372, 436, 502], "summary": {"covered_lines": 28, "num_statements": 28, "percent_covered": 100.0, "percent_covered_display": "100.00", "missing_lines": 0, "excluded_lines": 2, "num_branches": 0, "num_partial_branches": 0, "covered_branches": 0, "missing_branches": 0}, "missing_lines": [], "excluded_lines": [34, 35], "executed_branches": [], "missing_branches": []}}, "classes": {"HandshakeData": {"executed_lines": [], "summary": {"covered_lines": 0, "num_statements": 0, "percent_covered": 100.0, "percent_covered_display": "100.00", "missing_lines": 0, "excluded_lines": 0, "num_branches": 0, "num_partial_branches": 0, "covered_branches": 0, "missing_branches": 0}, "missing_lines": [], "excluded_lines": [], "executed_branches": [], "missing_branches": []}, "ClientHandshakeMixin": {"executed_lines": [108, 109, 113, 114, 120, 121, 122, 124, 125, 126, 128, 129, 133, 134, 136, 137, 139, 141, 142, 146, 147, 148, 149, 150, 152, 154, 155, 156, 158, 159, 170, 171, 172, 176, 177, 178, 179, 180, 181, 185, 186, 189, 190, 191, 193, 199, 200, 202, 203, 204, 205, 209, 210, 211, 213, 214, 215, 217, 218, 219, 221, 222, 226, 227, 231, 240, 241, 242, 244, 245, 246, 248, 249, 250, 254, 255, 256, 257, 258, 259, 260, 263, 266, 274, 276, 278, 285, 286, 287, 288, 289, 293, 294, 295, 296, 297, 298, 299, 303, 304, 305, 306, 307, 319, 323, 324, 325, 327, 332, 333, 334, 335, 336, 337, 339, 343, 347, 357, 358, 359, 360, 362, 363, 364, 365, 366, 367, 369, 385, 386, 388, 389, 390, 392, 397, 398, 400, 401, 403, 404, 405, 406, 407, 408, 409, 410, 411, 413, 414, 415, 416, 417, 418, 423, 425, 426, 447, 450, 453, 456, 457, 460, 461, 469, 470, 471, 476, 477, 478, 479, 481, 488, 489, 491, 492, 494, 495, 496, 497, 499, 500, 515, 516, 519, 520, 521, 523, 524, 527, 529, 530, 531, 533], "summary": {"covered_lines": 193, "num_statements": 202, "percent_covered": 93.56060606060606, "percent_covered_display": "93.56", "missing_lines": 9, "excluded_lines": 0, "num_branches": 62, "num_partial_branches": 8, "covered_branches": 54, "missing_branches": 8}, "missing_lines": [187, 338, 344, 345, 368, 370, 419, 420, 421], "excluded_lines": [], "executed_branches": [[108, 109], [108, 113], [124, 125], [124, 128], [136, 137], [136, 139], [146, 147], [146, 154], [176, 177], [176, 189], [202, 203], [204, 205], [204, 213], [221, 222], [221, 231], [244, 245], [244, 248], [248, 249], [248, 259], [259, 260], [294, 295], [294, 299], [303, -301], [303, 304], [323, 324], [323, 327], [332, 333], [332, 339], [335, 336], [343, 347], [357, 358], [362, 363], [362, 369], [364, 365], [365, 364], [365, 366], [385, 386], [385, 388], [400, 401], [400, 425], [405, 406], [405, 423], [406, 407], [406, 408], [409, 410], [409, 423], [417, 418], [491, 492], [515, 516], [515, 519], [523, 524], [523, 527], [529, 530], [529, 531]], "missing_branches": [[202, -161], [259, -233], [335, 338], [343, 344], [357, 370], [364, 368], [417, 419], [491, 500]]}, "": {"executed_lines": [6, 11, 13, 14, 15, 16, 17, 19, 21, 22, 27, 32, 34, 38, 39, 53, 54, 58, 59, 81, 131, 144, 161, 233, 291, 301, 317, 321, 341, 372, 436, 502], "summary": {"covered_lines": 28, "num_statements": 28, "percent_covered": 100.0, "percent_covered_display": "100.00", "missing_lines": 0, "excluded_lines": 2, "num_branches": 0, "num_partial_branches": 0, "covered_branches": 0, "missing_branches": 0}, "missing_lines": [], "excluded_lines": [34, 35], "executed_branches": [], "missing_branches": []}}}, "src/pyvider/rpcplugin/client/process.py": {"executed_lines": [6, 11, 13, 14, 16, 17, 18, 19, 20, 22, 23, 24, 28, 29, 30, 31, 32, 33, 36, 38, 43, 44, 46, 53, 54, 55, 57, 58, 61, 67, 68, 71, 72, 74, 75, 77, 79, 88, 89, 91, 92, 95, 96, 98, 99, 100, 104, 111, 112, 113, 115, 117, 119, 120, 122, 125, 126, 127, 128, 130, 131, 132, 133, 134, 138, 140, 142, 143, 145, 147, 149, 153, 165, 166, 168, 172, 174, 176, 177, 178, 180, 181, 182, 184, 185, 187, 188, 189, 190, 192, 198, 200, 201, 202, 204, 213, 222, 223, 224, 225, 226, 230, 232, 235, 236, 238, 239, 241, 242, 245, 246, 248, 250, 251, 255, 256, 258, 259, 263, 264, 265, 266, 267, 271, 272, 274, 281, 282, 283, 284, 286, 287, 288, 289, 292, 293, 294, 296, 301, 308, 309, 310, 312, 313, 316, 318, 319, 320, 321, 322, 323, 324, 326, 329, 330, 332, 334, 345, 346, 347, 349, 350, 353, 354, 355, 356, 359, 362, 365, 366, 368, 369, 370, 372, 375, 382], "summary": {"covered_lines": 173, "num_statements": 191, "percent_covered": 87.35177865612648, "percent_covered_display": "87.35", "missing_lines": 18, "excluded_lines": 2, "num_branches": 62, "num_partial_branches": 12, "covered_branches": 48, "missing_branches": 14}, "missing_lines": [123, 124, 135, 136, 228, 233, 243, 297, 298, 299, 327, 328, 378, 380, 384, 385, 386, 387], "excluded_lines": [38, 39], "executed_branches": [[53, 54], [53, 57], [57, 58], [57, 61], [67, 68], [67, 71], [71, 72], [71, 74], [91, 92], [95, 96], [111, 112], [111, 115], [120, 122], [120, 138], [122, 125], [126, 127], [126, 130], [131, 132], [142, 143], [142, 145], [165, 166], [165, 168], [176, 177], [176, 180], [187, 188], [187, 192], [200, 201], [222, 223], [232, 235], [242, 245], [245, 246], [245, 248], [250, 251], [281, 282], [281, 286], [308, 309], [308, 312], [318, 319], [318, 332], [319, 320], [319, 322], [322, 323], [345, 346], [345, 349], [366, 368], [368, 369], [369, 370], [369, 372]], "missing_branches": [[91, -46], [95, -46], [122, 123], [131, 120], [200, -198], [222, 228], [232, 233], [242, 243], [250, 255], [322, 318], [327, 328], [327, 332], [366, 380], [368, 378]], "functions": {"ClientProcessMixin._launch_process": {"executed_lines": [53, 54, 55, 57, 58, 61, 67, 68, 71, 72, 74, 75, 77, 79, 88, 89, 91, 92, 95, 96, 98, 99, 100], "summary": {"covered_lines": 23, "num_statements": 23, "percent_covered": 94.28571428571429, "percent_covered_display": "94.29", "missing_lines": 0, "excluded_lines": 0, "num_branches": 12, "num_partial_branches": 2, "covered_branches": 10, "missing_branches": 2}, "missing_lines": [], "excluded_lines": [], "executed_branches": [[53, 54], [53, 57], [57, 58], [57, 61], [67, 68], [67, 71], [71, 72], [71, 74], [91, 92], [95, 96]], "missing_branches": [[91, -46], [95, -46]]}, "ClientProcessMixin._relay_stderr_background": {"executed_lines": [111, 112, 113, 115, 117, 119, 120, 122, 125, 126, 127, 128, 130, 131, 132, 133, 134, 138], "summary": {"covered_lines": 18, "num_statements": 22, "percent_covered": 81.25, "percent_covered_display": "81.25", "missing_lines": 4, "excluded_lines": 0, "num_branches": 10, "num_partial_branches": 2, "covered_branches": 8, "missing_branches": 2}, "missing_lines": [123, 124, 135, 136], "excluded_lines": [], "executed_branches": [[111, 112], [111, 115], [120, 122], [120, 138], [122, 125], [126, 127], [126, 130], [131, 132]], "missing_branches": [[122, 123], [131, 120]]}, "ClientProcessMixin._determine_target_endpoint": {"executed_lines": [142, 143, 145], "summary": {"covered_lines": 3, "num_statements": 3, "percent_covered": 100.0, "percent_covered_display": "100.00", "missing_lines": 0, "excluded_lines": 0, "num_branches": 2, "num_partial_branches": 0, "covered_branches": 2, "missing_branches": 0}, "missing_lines": [], "excluded_lines": [], "executed_branches": [[142, 143], [142, 145]], "missing_branches": []}, "ClientProcessMixin._get_channel_options": {"executed_lines": [149, 153, 165, 166, 168, 172], "summary": {"covered_lines": 6, "num_statements": 6, "percent_covered": 100.0, "percent_covered_display": "100.00", "missing_lines": 0, "excluded_lines": 0, "num_branches": 2, "num_partial_branches": 0, "covered_branches": 2, "missing_branches": 0}, "missing_lines": [], "excluded_lines": [], "executed_branches": [[165, 166], [165, 168]], "missing_branches": []}, "ClientProcessMixin._setup_channel_credentials": {"executed_lines": [176, 177, 178, 180, 181, 182, 184, 185, 187, 188, 189, 190, 192], "summary": {"covered_lines": 13, "num_statements": 13, "percent_covered": 100.0, "percent_covered_display": "100.00", "missing_lines": 0, "excluded_lines": 0, "num_branches": 4, "num_partial_branches": 0, "covered_branches": 4, "missing_branches": 0}, "missing_lines": [], "excluded_lines": [], "executed_branches": [[176, 177], [176, 180], [187, 188], [187, 192]], "missing_branches": []}, "ClientProcessMixin._cleanup_failed_channel": {"executed_lines": [200, 201, 202], "summary": {"covered_lines": 3, "num_statements": 3, "percent_covered": 80.0, "percent_covered_display": "80.00", "missing_lines": 0, "excluded_lines": 0, "num_branches": 2, "num_partial_branches": 1, "covered_branches": 1, "missing_branches": 1}, "missing_lines": [], "excluded_lines": [], "executed_branches": [[200, 201]], "missing_branches": [[200, -198]]}, "ClientProcessMixin._create_grpc_channel": {"executed_lines": [222, 223, 224, 225, 226], "summary": {"covered_lines": 5, "num_statements": 6, "percent_covered": 75.0, "percent_covered_display": "75.00", "missing_lines": 1, "excluded_lines": 0, "num_branches": 2, "num_partial_branches": 1, "covered_branches": 1, "missing_branches": 1}, "missing_lines": [228], "excluded_lines": [], "executed_branches": [[222, 223]], "missing_branches": [[222, 228]]}, "ClientProcessMixin._create_grpc_channel_impl": {"executed_lines": [232, 235, 236, 238, 239, 241, 242, 245, 246, 248, 250, 251, 255, 256, 258, 259, 263, 264, 265, 266, 267, 271, 272], "summary": {"covered_lines": 23, "num_statements": 25, "percent_covered": 84.84848484848484, "percent_covered_display": "84.85", "missing_lines": 2, "excluded_lines": 0, "num_branches": 8, "num_partial_branches": 3, "covered_branches": 5, "missing_branches": 3}, "missing_lines": [233, 243], "excluded_lines": [], "executed_branches": [[232, 235], [242, 245], [245, 246], [245, 248], [250, 251]], "missing_branches": [[232, 233], [242, 243], [250, 255]]}, "ClientProcessMixin._init_stubs": {"executed_lines": [281, 282, 283, 284, 286, 287, 288, 289, 292, 293, 294, 296], "summary": {"covered_lines": 12, "num_statements": 15, "percent_covered": 82.3529411764706, "percent_covered_display": "82.35", "missing_lines": 3, "excluded_lines": 0, "num_branches": 2, "num_partial_branches": 0, "covered_branches": 2, "missing_branches": 0}, "missing_lines": [297, 298, 299], "excluded_lines": [], "executed_branches": [[281, 282], [281, 286]], "missing_branches": []}, "ClientProcessMixin._read_stdio_logs": {"executed_lines": [308, 309, 310, 312, 313, 316, 318, 319, 320, 321, 322, 323, 324, 326, 329, 330, 332], "summary": {"covered_lines": 17, "num_statements": 19, "percent_covered": 82.75862068965517, "percent_covered_display": "82.76", "missing_lines": 2, "excluded_lines": 0, "num_branches": 10, "num_partial_branches": 1, "covered_branches": 7, "missing_branches": 3}, "missing_lines": [327, 328], "excluded_lines": [], "executed_branches": [[308, 309], [308, 312], [318, 319], [318, 332], [319, 320], [319, 322], [322, 323]], "missing_branches": [[322, 318], [327, 328], [327, 332]]}, "ClientProcessMixin.open_broker_subchannel": {"executed_lines": [345, 346, 347, 349, 350, 353, 354, 355, 356, 359, 362, 365, 366, 368, 369, 370, 372, 375, 382], "summary": {"covered_lines": 19, "num_statements": 25, "percent_covered": 75.75757575757575, "percent_covered_display": "75.76", "missing_lines": 6, "excluded_lines": 0, "num_branches": 8, "num_partial_branches": 2, "covered_branches": 6, "missing_branches": 2}, "missing_lines": [378, 380, 384, 385, 386, 387], "excluded_lines": [], "executed_branches": [[345, 346], [345, 349], [366, 368], [368, 369], [369, 370], [369, 372]], "missing_branches": [[366, 380], [368, 378]]}, "": {"executed_lines": [6, 11, 13, 14, 16, 17, 18, 19, 20, 22, 23, 24, 28, 29, 30, 31, 32, 33, 36, 38, 43, 44, 46, 104, 140, 147, 174, 198, 204, 213, 230, 274, 301, 334], "summary": {"covered_lines": 31, "num_statements": 31, "percent_covered": 100.0, "percent_covered_display": "100.00", "missing_lines": 0, "excluded_lines": 2, "num_branches": 0, "num_partial_branches": 0, "covered_branches": 0, "missing_branches": 0}, "missing_lines": [], "excluded_lines": [38, 39], "executed_branches": [], "missing_branches": []}}, "classes": {"ClientProcessMixin": {"executed_lines": [53, 54, 55, 57, 58, 61, 67, 68, 71, 72, 74, 75, 77, 79, 88, 89, 91, 92, 95, 96, 98, 99, 100, 111, 112, 113, 115, 117, 119, 120, 122, 125, 126, 127, 128, 130, 131, 132, 133, 134, 138, 142, 143, 145, 149, 153, 165, 166, 168, 172, 176, 177, 178, 180, 181, 182, 184, 185, 187, 188, 189, 190, 192, 200, 201, 202, 222, 223, 224, 225, 226, 232, 235, 236, 238, 239, 241, 242, 245, 246, 248, 250, 251, 255, 256, 258, 259, 263, 264, 265, 266, 267, 271, 272, 281, 282, 283, 284, 286, 287, 288, 289, 292, 293, 294, 296, 308, 309, 310, 312, 313, 316, 318, 319, 320, 321, 322, 323, 324, 326, 329, 330, 332, 345, 346, 347, 349, 350, 353, 354, 355, 356, 359, 362, 365, 366, 368, 369, 370, 372, 375, 382], "summary": {"covered_lines": 142, "num_statements": 160, "percent_covered": 85.58558558558559, "percent_covered_display": "85.59", "missing_lines": 18, "excluded_lines": 0, "num_branches": 62, "num_partial_branches": 12, "covered_branches": 48, "missing_branches": 14}, "missing_lines": [123, 124, 135, 136, 228, 233, 243, 297, 298, 299, 327, 328, 378, 380, 384, 385, 386, 387], "excluded_lines": [], "executed_branches": [[53, 54], [53, 57], [57, 58], [57, 61], [67, 68], [67, 71], [71, 72], [71, 74], [91, 92], [95, 96], [111, 112], [111, 115], [120, 122], [120, 138], [122, 125], [126, 127], [126, 130], [131, 132], [142, 143], [142, 145], [165, 166], [165, 168], [176, 177], [176, 180], [187, 188], [187, 192], [200, 201], [222, 223], [232, 235], [242, 245], [245, 246], [245, 248], [250, 251], [281, 282], [281, 286], [308, 309], [308, 312], [318, 319], [318, 332], [319, 320], [319, 322], [322, 323], [345, 346], [345, 349], [366, 368], [368, 369], [369, 370], [369, 372]], "missing_branches": [[91, -46], [95, -46], [122, 123], [131, 120], [200, -198], [222, 228], [232, 233], [242, 243], [250, 255], [322, 318], [327, 328], [327, 332], [366, 380], [368, 378]]}, "": {"executed_lines": [6, 11, 13, 14, 16, 17, 18, 19, 20, 22, 23, 24, 28, 29, 30, 31, 32, 33, 36, 38, 43, 44, 46, 104, 140, 147, 174, 198, 204, 213, 230, 274, 301, 334], "summary": {"covered_lines": 31, "num_statements": 31, "percent_covered": 100.0, "percent_covered_display": "100.00", "missing_lines": 0, "excluded_lines": 2, "num_branches": 0, "num_partial_branches": 0, "covered_branches": 0, "missing_branches": 0}, "missing_lines": [], "excluded_lines": [38, 39], "executed_branches": [], "missing_branches": []}}}, "src/pyvider/rpcplugin/client/types.py": {"executed_lines": [6, 11, 13, 16, 19, 20, 23, 29, 30, 32, 33, 36, 37], "summary": {"covered_lines": 7, "num_statements": 7, "percent_covered": 100.0, "percent_covered_display": "100.00", "missing_lines": 0, "excluded_lines": 10, "num_branches": 0, "num_partial_branches": 0, "covered_branches": 0, "missing_branches": 0}, "missing_lines": [], "excluded_lines": [31, 32, 33, 34, 35, 36, 37, 38, 39, 40], "executed_branches": [], "missing_branches": [], "functions": {"SecureRpcClientT._perform_handshake": {"executed_lines": [32], "summary": {"covered_lines": 0, "num_statements": 0, "percent_covered": 100.0, "percent_covered_display": "100.00", "missing_lines": 0, "excluded_lines": 1, "num_branches": 0, "num_partial_branches": 0, "covered_branches": 0, "missing_branches": 0}, "missing_lines": [], "excluded_lines": [32], "executed_branches": [], "missing_branches": []}, "SecureRpcClientT._setup_tls": {"executed_lines": [], "summary": {"covered_lines": 0, "num_statements": 0, "percent_covered": 100.0, "percent_covered_display": "100.00", "missing_lines": 0, "excluded_lines": 1, "num_branches": 0, "num_partial_branches": 0, "covered_branches": 0, "missing_branches": 0}, "missing_lines": [], "excluded_lines": [35], "executed_branches": [], "missing_branches": []}, "SecureRpcClientT._create_grpc_channel": {"executed_lines": [36], "summary": {"covered_lines": 0, "num_statements": 0, "percent_covered": 100.0, "percent_covered_display": "100.00", "missing_lines": 0, "excluded_lines": 1, "num_branches": 0, "num_partial_branches": 0, "covered_branches": 0, "missing_branches": 0}, "missing_lines": [], "excluded_lines": [36], "executed_branches": [], "missing_branches": []}, "SecureRpcClientT.close": {"executed_lines": [37], "summary": {"covered_lines": 0, "num_statements": 0, "percent_covered": 100.0, "percent_covered_display": "100.00", "missing_lines": 0, "excluded_lines": 1, "num_branches": 0, "num_partial_branches": 0, "covered_branches": 0, "missing_branches": 0}, "missing_lines": [], "excluded_lines": [37], "executed_branches": [], "missing_branches": []}, "": {"executed_lines": [6, 11, 13, 16, 19, 20, 23, 29, 30, 33], "summary": {"covered_lines": 7, "num_statements": 7, "percent_covered": 100.0, "percent_covered_display": "100.00", "missing_lines": 0, "excluded_lines": 6, "num_branches": 0, "num_partial_branches": 0, "covered_branches": 0, "missing_branches": 0}, "missing_lines": [], "excluded_lines": [31, 33, 34, 38, 39, 40], "executed_branches": [], "missing_branches": []}}, "classes": {"SecureRpcClientT": {"executed_lines": [32, 36, 37], "summary": {"covered_lines": 0, "num_statements": 0, "percent_covered": 100.0, "percent_covered_display": "100.00", "missing_lines": 0, "excluded_lines": 4, "num_branches": 0, "num_partial_branches": 0, "covered_branches": 0, "missing_branches": 0}, "missing_lines": [], "excluded_lines": [32, 35, 36, 37], "executed_branches": [], "missing_branches": []}, "": {"executed_lines": [6, 11, 13, 16, 19, 20, 23, 29, 30, 33], "summary": {"covered_lines": 7, "num_statements": 7, "percent_covered": 100.0, "percent_covered_display": "100.00", "missing_lines": 0, "excluded_lines": 6, "num_branches": 0, "num_partial_branches": 0, "covered_branches": 0, "missing_branches": 0}, "missing_lines": [], "excluded_lines": [31, 33, 34, 38, 39, 40], "executed_branches": [], "missing_branches": []}}}, "src/pyvider/rpcplugin/config/__init__.py": {"executed_lines": [6, 18, 19, 30, 31, 34, 36], "summary": {"covered_lines": 6, "num_statements": 6, "percent_covered": 100.0, "percent_covered_display": "100.00", "missing_lines": 0, "excluded_lines": 0, "num_branches": 0, "num_partial_branches": 0, "covered_branches": 0, "missing_branches": 0}, "missing_lines": [], "excluded_lines": [], "executed_branches": [], "missing_branches": [], "functions": {"": {"executed_lines": [6, 18, 19, 30, 31, 34, 36], "summary": {"covered_lines": 6, "num_statements": 6, "percent_covered": 100.0, "percent_covered_display": "100.00", "missing_lines": 0, "excluded_lines": 0, "num_branches": 0, "num_partial_branches": 0, "covered_branches": 0, "missing_branches": 0}, "missing_lines": [], "excluded_lines": [], "executed_branches": [], "missing_branches": []}}, "classes": {"": {"executed_lines": [6, 18, 19, 30, 31, 34, 36], "summary": {"covered_lines": 6, "num_statements": 6, "percent_covered": 100.0, "percent_covered_display": "100.00", "missing_lines": 0, "excluded_lines": 0, "num_branches": 0, "num_partial_branches": 0, "covered_branches": 0, "missing_branches": 0}, "missing_lines": [], "excluded_lines": [], "executed_branches": [], "missing_branches": []}}}, "src/pyvider/rpcplugin/config/configure.py": {"executed_lines": [6, 10, 12, 14, 17, 39, 41, 43, 44, 46, 47, 48, 50, 51, 52, 54, 55, 57, 58, 61, 63, 64, 65, 66, 69, 71, 72], "summary": {"covered_lines": 26, "num_statements": 27, "percent_covered": 95.34883720930233, "percent_covered_display": "95.35", "missing_lines": 1, "excluded_lines": 0, "num_branches": 16, "num_partial_branches": 1, "covered_branches": 15, "missing_branches": 1}, "missing_lines": [67], "excluded_lines": [], "executed_branches": [[43, 44], [43, 46], [46, 47], [46, 50], [50, 51], [50, 54], [54, 55], [54, 57], [57, 58], [57, 61], [61, -17], [61, 63], [64, 65], [64, 66], [66, 69]], "missing_branches": [[66, 67]], "functions": {"configure": {"executed_lines": [39, 41, 43, 44, 46, 47, 48, 50, 51, 52, 54, 55, 57, 58, 61, 63, 64, 65, 66, 69, 71, 72], "summary": {"covered_lines": 22, "num_statements": 23, "percent_covered": 94.87179487179488, "percent_covered_display": "94.87", "missing_lines": 1, "excluded_lines": 0, "num_branches": 16, "num_partial_branches": 1, "covered_branches": 15, "missing_branches": 1}, "missing_lines": [67], "excluded_lines": [], "executed_branches": [[43, 44], [43, 46], [46, 47], [46, 50], [50, 51], [50, 54], [54, 55], [54, 57], [57, 58], [57, 61], [61, -17], [61, 63], [64, 65], [64, 66], [66, 69]], "missing_branches": [[66, 67]]}, "": {"executed_lines": [6, 10, 12, 14, 17], "summary": {"covered_lines": 4, "num_statements": 4, "percent_covered": 100.0, "percent_covered_display": "100.00", "missing_lines": 0, "excluded_lines": 0, "num_branches": 0, "num_partial_branches": 0, "covered_branches": 0, "missing_branches": 0}, "missing_lines": [], "excluded_lines": [], "executed_branches": [], "missing_branches": []}}, "classes": {"": {"executed_lines": [6, 10, 12, 14, 17, 39, 41, 43, 44, 46, 47, 48, 50, 51, 52, 54, 55, 57, 58, 61, 63, 64, 65, 66, 69, 71, 72], "summary": {"covered_lines": 26, "num_statements": 27, "percent_covered": 95.34883720930233, "percent_covered_display": "95.35", "missing_lines": 1, "excluded_lines": 0, "num_branches": 16, "num_partial_branches": 1, "covered_branches": 15, "missing_branches": 1}, "missing_lines": [67], "excluded_lines": [], "executed_branches": [[43, 44], [43, 46], [46, 47], [46, 50], [50, 51], [50, 54], [54, 55], [54, 57], [57, 58], [57, 61], [61, -17], [61, 63], [64, 65], [64, 66], [66, 69]], "missing_branches": [[66, 67]]}}}, "src/pyvider/rpcplugin/config/manager.py": {"executed_lines": [6, 43, 45, 49, 51, 53, 56, 66, 67, 68, 71, 89, 90, 93, 107, 108, 111, 120, 121, 124, 136, 137, 140, 155, 156, 159, 177, 178, 181, 195, 196, 199, 209, 210, 213], "summary": {"covered_lines": 34, "num_statements": 34, "percent_covered": 100.0, "percent_covered_display": "100.00", "missing_lines": 0, "excluded_lines": 0, "num_branches": 2, "num_partial_branches": 0, "covered_branches": 2, "missing_branches": 0}, "missing_lines": [], "excluded_lines": [], "executed_branches": [[66, 67], [66, 68]], "missing_branches": [], "functions": {"get_plugin_config_manager": {"executed_lines": [66, 67, 68], "summary": {"covered_lines": 3, "num_statements": 3, "percent_covered": 100.0, "percent_covered_display": "100.00", "missing_lines": 0, "excluded_lines": 0, "num_branches": 2, "num_partial_branches": 0, "covered_branches": 2, "missing_branches": 0}, "missing_lines": [], "excluded_lines": [], "executed_branches": [[66, 67], [66, 68]], "missing_branches": []}, "register_plugin_config": {"executed_lines": [89, 90], "summary": {"covered_lines": 2, "num_statements": 2, "percent_covered": 100.0, "percent_covered_display": "100.00", "missing_lines": 0, "excluded_lines": 0, "num_branches": 0, "num_partial_branches": 0, "covered_branches": 0, "missing_branches": 0}, "missing_lines": [], "excluded_lines": [], "executed_branches": [], "missing_branches": []}, "get_plugin_config": {"executed_lines": [107, 108], "summary": {"covered_lines": 2, "num_statements": 2, "percent_covered": 100.0, "percent_covered_display": "100.00", "missing_lines": 0, "excluded_lines": 0, "num_branches": 0, "num_partial_branches": 0, "covered_branches": 0, "missing_branches": 0}, "missing_lines": [], "excluded_lines": [], "executed_branches": [], "missing_branches": []}, "unregister_plugin_config": {"executed_lines": [120, 121], "summary": {"covered_lines": 2, "num_statements": 2, "percent_covered": 100.0, "percent_covered_display": "100.00", "missing_lines": 0, "excluded_lines": 0, "num_branches": 0, "num_partial_branches": 0, "covered_branches": 0, "missing_branches": 0}, "missing_lines": [], "excluded_lines": [], "executed_branches": [], "missing_branches": []}, "list_plugin_configs": {"executed_lines": [136, 137], "summary": {"covered_lines": 2, "num_statements": 2, "percent_covered": 100.0, "percent_covered_display": "100.00", "missing_lines": 0, "excluded_lines": 0, "num_branches": 0, "num_partial_branches": 0, "covered_branches": 0, "missing_branches": 0}, "missing_lines": [], "excluded_lines": [], "executed_branches": [], "missing_branches": []}, "update_plugin_config": {"executed_lines": [155, 156], "summary": {"covered_lines": 2, "num_statements": 2, "percent_covered": 100.0, "percent_covered_display": "100.00", "missing_lines": 0, "excluded_lines": 0, "num_branches": 0, "num_partial_branches": 0, "covered_branches": 0, "missing_branches": 0}, "missing_lines": [], "excluded_lines": [], "executed_branches": [], "missing_branches": []}, "export_plugin_config": {"executed_lines": [177, 178], "summary": {"covered_lines": 2, "num_statements": 2, "percent_covered": 100.0, "percent_covered_display": "100.00", "missing_lines": 0, "excluded_lines": 0, "num_branches": 0, "num_partial_branches": 0, "covered_branches": 0, "missing_branches": 0}, "missing_lines": [], "excluded_lines": [], "executed_branches": [], "missing_branches": []}, "export_all_plugin_configs": {"executed_lines": [195, 196], "summary": {"covered_lines": 2, "num_statements": 2, "percent_covered": 100.0, "percent_covered_display": "100.00", "missing_lines": 0, "excluded_lines": 0, "num_branches": 0, "num_partial_branches": 0, "covered_branches": 0, "missing_branches": 0}, "missing_lines": [], "excluded_lines": [], "executed_branches": [], "missing_branches": []}, "clear_plugin_configs": {"executed_lines": [209, 210], "summary": {"covered_lines": 2, "num_statements": 2, "percent_covered": 100.0, "percent_covered_display": "100.00", "missing_lines": 0, "excluded_lines": 0, "num_branches": 0, "num_partial_branches": 0, "covered_branches": 0, "missing_branches": 0}, "missing_lines": [], "excluded_lines": [], "executed_branches": [], "missing_branches": []}, "": {"executed_lines": [6, 43, 45, 49, 51, 53, 56, 71, 93, 111, 124, 140, 159, 181, 199, 213], "summary": {"covered_lines": 15, "num_statements": 15, "percent_covered": 100.0, "percent_covered_display": "100.00", "missing_lines": 0, "excluded_lines": 0, "num_branches": 0, "num_partial_branches": 0, "covered_branches": 0, "missing_branches": 0}, "missing_lines": [], "excluded_lines": [], "executed_branches": [], "missing_branches": []}}, "classes": {"": {"executed_lines": [6, 43, 45, 49, 51, 53, 56, 66, 67, 68, 71, 89, 90, 93, 107, 108, 111, 120, 121, 124, 136, 137, 140, 155, 156, 159, 177, 178, 181, 195, 196, 199, 209, 210, 213], "summary": {"covered_lines": 34, "num_statements": 34, "percent_covered": 100.0, "percent_covered_display": "100.00", "missing_lines": 0, "excluded_lines": 0, "num_branches": 2, "num_partial_branches": 0, "covered_branches": 2, "missing_branches": 0}, "missing_lines": [], "excluded_lines": [], "executed_branches": [[66, 67], [66, 68]], "missing_branches": []}}}, "src/pyvider/rpcplugin/config/runtime.py": {"executed_lines": [6, 11, 12, 13, 15, 16, 72, 78, 84, 89, 95, 101, 107, 108, 109, 177, 183, 185, 187, 189, 194, 199, 209, 215, 221, 227, 233, 235, 237, 239, 245, 251, 261, 267, 272, 277, 282, 287, 293, 299, 304, 309, 314, 319, 324, 333, 339, 345, 351, 357, 367, 373, 379, 385, 391, 397, 403, 409, 415, 425, 430, 436, 441, 450, 456, 462, 468, 474, 480], "summary": {"covered_lines": 67, "num_statements": 67, "percent_covered": 100.0, "percent_covered_display": "100.00", "missing_lines": 0, "excluded_lines": 0, "num_branches": 0, "num_partial_branches": 0, "covered_branches": 0, "missing_branches": 0}, "missing_lines": [], "excluded_lines": [], "executed_branches": [], "missing_branches": [], "functions": {"": {"executed_lines": [6, 11, 12, 13, 15, 16, 72, 78, 84, 89, 95, 101, 107, 108, 109, 177, 183, 185, 187, 189, 194, 199, 209, 215, 221, 227, 233, 235, 237, 239, 245, 251, 261, 267, 272, 277, 282, 287, 293, 299, 304, 309, 314, 319, 324, 333, 339, 345, 351, 357, 367, 373, 379, 385, 391, 397, 403, 409, 415, 425, 430, 436, 441, 450, 456, 462, 468, 474, 480], "summary": {"covered_lines": 67, "num_statements": 67, "percent_covered": 100.0, "percent_covered_display": "100.00", "missing_lines": 0, "excluded_lines": 0, "num_branches": 0, "num_partial_branches": 0, "covered_branches": 0, "missing_branches": 0}, "missing_lines": [], "excluded_lines": [], "executed_branches": [], "missing_branches": []}}, "classes": {"RPCPluginConfig": {"executed_lines": [], "summary": {"covered_lines": 0, "num_statements": 0, "percent_covered": 100.0, "percent_covered_display": "100.00", "missing_lines": 0, "excluded_lines": 0, "num_branches": 0, "num_partial_branches": 0, "covered_branches": 0, "missing_branches": 0}, "missing_lines": [], "excluded_lines": [], "executed_branches": [], "missing_branches": []}, "": {"executed_lines": [6, 11, 12, 13, 15, 16, 72, 78, 84, 89, 95, 101, 107, 108, 109, 177, 183, 185, 187, 189, 194, 199, 209, 215, 221, 227, 233, 235, 237, 239, 245, 251, 261, 267, 272, 277, 282, 287, 293, 299, 304, 309, 314, 319, 324, 333, 339, 345, 351, 357, 367, 373, 379, 385, 391, 397, 403, 409, 415, 425, 430, 436, 441, 450, 456, 462, 468, 474, 480], "summary": {"covered_lines": 67, "num_statements": 67, "percent_covered": 100.0, "percent_covered_display": "100.00", "missing_lines": 0, "excluded_lines": 0, "num_branches": 0, "num_partial_branches": 0, "covered_branches": 0, "missing_branches": 0}, "missing_lines": [], "excluded_lines": [], "executed_branches": [], "missing_branches": []}}}, "src/pyvider/rpcplugin/config/validators.py": {"executed_lines": [6, 11, 12, 14, 17, 29, 31, 32, 33, 36, 37, 39, 41, 42, 43, 44, 47, 59, 61, 62, 63, 67, 68, 69, 72], "summary": {"covered_lines": 24, "num_statements": 27, "percent_covered": 90.69767441860465, "percent_covered_display": "90.70", "missing_lines": 3, "excluded_lines": 0, "num_branches": 16, "num_partial_branches": 1, "covered_branches": 15, "missing_branches": 1}, "missing_lines": [34, 35, 65], "excluded_lines": [], "executed_branches": [[29, 31], [29, 36], [36, 37], [36, 39], [41, 42], [41, 44], [42, 41], [42, 43], [59, 61], [59, 62], [62, 63], [67, 68], [67, 72], [68, 67], [68, 69]], "missing_branches": [[62, 65]], "functions": {"validate_protocol_versions_list": {"executed_lines": [29, 31, 32, 33, 36, 37, 39, 41, 42, 43, 44], "summary": {"covered_lines": 11, "num_statements": 13, "percent_covered": 90.47619047619048, "percent_covered_display": "90.48", "missing_lines": 2, "excluded_lines": 0, "num_branches": 8, "num_partial_branches": 0, "covered_branches": 8, "missing_branches": 0}, "missing_lines": [34, 35], "excluded_lines": [], "executed_branches": [[29, 31], [29, 36], [36, 37], [36, 39], [41, 42], [41, 44], [42, 41], [42, 43]], "missing_branches": []}, "validate_transport_list": {"executed_lines": [59, 61, 62, 63, 67, 68, 69, 72], "summary": {"covered_lines": 8, "num_statements": 9, "percent_covered": 88.23529411764706, "percent_covered_display": "88.24", "missing_lines": 1, "excluded_lines": 0, "num_branches": 8, "num_partial_branches": 1, "covered_branches": 7, "missing_branches": 1}, "missing_lines": [65], "excluded_lines": [], "executed_branches": [[59, 61], [59, 62], [62, 63], [67, 68], [67, 72], [68, 67], [68, 69]], "missing_branches": [[62, 65]]}, "": {"executed_lines": [6, 11, 12, 14, 17, 47], "summary": {"covered_lines": 5, "num_statements": 5, "percent_covered": 100.0, "percent_covered_display": "100.00", "missing_lines": 0, "excluded_lines": 0, "num_branches": 0, "num_partial_branches": 0, "covered_branches": 0, "missing_branches": 0}, "missing_lines": [], "excluded_lines": [], "executed_branches": [], "missing_branches": []}}, "classes": {"": {"executed_lines": [6, 11, 12, 14, 17, 29, 31, 32, 33, 36, 37, 39, 41, 42, 43, 44, 47, 59, 61, 62, 63, 67, 68, 69, 72], "summary": {"covered_lines": 24, "num_statements": 27, "percent_covered": 90.69767441860465, "percent_covered_display": "90.70", "missing_lines": 3, "excluded_lines": 0, "num_branches": 16, "num_partial_branches": 1, "covered_branches": 15, "missing_branches": 1}, "missing_lines": [34, 35, 65], "excluded_lines": [], "executed_branches": [[29, 31], [29, 36], [36, 37], [36, 39], [41, 42], [41, 44], [42, 41], [42, 43], [59, 61], [59, 62], [62, 63], [67, 68], [67, 72], [68, 67], [68, 69]], "missing_branches": [[62, 65]]}}}, "src/pyvider/rpcplugin/defaults.py": {"executed_lines": [6, 11, 12, 15, 16, 19, 20, 21, 22, 25, 26, 27, 28, 33, 34, 35, 36, 37, 42, 43, 44, 45, 50, 51, 56, 57, 58, 63, 64, 65, 66, 67, 68, 69, 72, 73, 74, 75, 76, 77, 82, 83, 84, 85, 86, 91, 92, 93, 94, 97, 98, 99, 100, 101, 106, 107, 108, 109, 114, 115, 116, 117, 118, 119], "summary": {"covered_lines": 63, "num_statements": 63, "percent_covered": 100.0, "percent_covered_display": "100.00", "missing_lines": 0, "excluded_lines": 0, "num_branches": 0, "num_partial_branches": 0, "covered_branches": 0, "missing_branches": 0}, "missing_lines": [], "excluded_lines": [], "executed_branches": [], "missing_branches": [], "functions": {"": {"executed_lines": [6, 11, 12, 15, 16, 19, 20, 21, 22, 25, 26, 27, 28, 33, 34, 35, 36, 37, 42, 43, 44, 45, 50, 51, 56, 57, 58, 63, 64, 65, 66, 67, 68, 69, 72, 73, 74, 75, 76, 77, 82, 83, 84, 85, 86, 91, 92, 93, 94, 97, 98, 99, 100, 101, 106, 107, 108, 109, 114, 115, 116, 117, 118, 119], "summary": {"covered_lines": 63, "num_statements": 63, "percent_covered": 100.0, "percent_covered_display": "100.00", "missing_lines": 0, "excluded_lines": 0, "num_branches": 0, "num_partial_branches": 0, "covered_branches": 0, "missing_branches": 0}, "missing_lines": [], "excluded_lines": [], "executed_branches": [], "missing_branches": []}}, "classes": {"": {"executed_lines": [6, 11, 12, 15, 16, 19, 20, 21, 22, 25, 26, 27, 28, 33, 34, 35, 36, 37, 42, 43, 44, 45, 50, 51, 56, 57, 58, 63, 64, 65, 66, 67, 68, 69, 72, 73, 74, 75, 76, 77, 82, 83, 84, 85, 86, 91, 92, 93, 94, 97, 98, 99, 100, 101, 106, 107, 108, 109, 114, 115, 116, 117, 118, 119], "summary": {"covered_lines": 63, "num_statements": 63, "percent_covered": 100.0, "percent_covered_display": "100.00", "missing_lines": 0, "excluded_lines": 0, "num_branches": 0, "num_partial_branches": 0, "covered_branches": 0, "missing_branches": 0}, "missing_lines": [], "excluded_lines": [], "executed_branches": [], "missing_branches": []}}}, "src/pyvider/rpcplugin/exception.py": {"executed_lines": [6, 17, 19, 24, 25, 37, 46, 47, 51, 52, 53, 54, 58, 60, 62, 65, 68, 69, 70, 72, 74, 75, 76, 77, 79, 81, 83, 86, 87, 119, 120, 123, 124, 157, 158, 161, 162, 194, 195, 198, 199, 234, 235, 238, 239, 272, 273], "summary": {"covered_lines": 40, "num_statements": 40, "percent_covered": 98.0, "percent_covered_display": "98.00", "missing_lines": 0, "excluded_lines": 0, "num_branches": 10, "num_partial_branches": 1, "covered_branches": 9, "missing_branches": 1}, "missing_lines": [], "excluded_lines": [], "executed_branches": [[51, 52], [51, 53], [53, 54], [53, 58], [69, 70], [69, 72], [74, 75], [76, 77], [76, 79]], "missing_branches": [[74, 76]], "functions": {"RPCPluginError.__init__": {"executed_lines": [46, 47, 51, 52, 53, 54, 58], "summary": {"covered_lines": 7, "num_statements": 7, "percent_covered": 100.0, "percent_covered_display": "100.00", "missing_lines": 0, "excluded_lines": 0, "num_branches": 4, "num_partial_branches": 0, "covered_branches": 4, "missing_branches": 0}, "missing_lines": [], "excluded_lines": [], "executed_branches": [[51, 52], [51, 53], [53, 54], [53, 58]], "missing_branches": []}, "RPCPluginError.__str__": {"executed_lines": [62, 65, 68, 69, 70, 72, 74, 75, 76, 77, 79], "summary": {"covered_lines": 11, "num_statements": 11, "percent_covered": 94.11764705882354, "percent_covered_display": "94.12", "missing_lines": 0, "excluded_lines": 0, "num_branches": 6, "num_partial_branches": 1, "covered_branches": 5, "missing_branches": 1}, "missing_lines": [], "excluded_lines": [], "executed_branches": [[69, 70], [69, 72], [74, 75], [76, 77], [76, 79]], "missing_branches": [[74, 76]]}, "RPCPluginError._default_code": {"executed_lines": [83], "summary": {"covered_lines": 1, "num_statements": 1, "percent_covered": 100.0, "percent_covered_display": "100.00", "missing_lines": 0, "excluded_lines": 0, "num_branches": 0, "num_partial_branches": 0, "covered_branches": 0, "missing_branches": 0}, "missing_lines": [], "excluded_lines": [], "executed_branches": [], "missing_branches": []}, "ConfigError._default_code": {"executed_lines": [120], "summary": {"covered_lines": 1, "num_statements": 1, "percent_covered": 100.0, "percent_covered_display": "100.00", "missing_lines": 0, "excluded_lines": 0, "num_branches": 0, "num_partial_branches": 0, "covered_branches": 0, "missing_branches": 0}, "missing_lines": [], "excluded_lines": [], "executed_branches": [], "missing_branches": []}, "HandshakeError._default_code": {"executed_lines": [158], "summary": {"covered_lines": 1, "num_statements": 1, "percent_covered": 100.0, "percent_covered_display": "100.00", "missing_lines": 0, "excluded_lines": 0, "num_branches": 0, "num_partial_branches": 0, "covered_branches": 0, "missing_branches": 0}, "missing_lines": [], "excluded_lines": [], "executed_branches": [], "missing_branches": []}, "ProtocolError._default_code": {"executed_lines": [195], "summary": {"covered_lines": 1, "num_statements": 1, "percent_covered": 100.0, "percent_covered_display": "100.00", "missing_lines": 0, "excluded_lines": 0, "num_branches": 0, "num_partial_branches": 0, "covered_branches": 0, "missing_branches": 0}, "missing_lines": [], "excluded_lines": [], "executed_branches": [], "missing_branches": []}, "TransportError._default_code": {"executed_lines": [235], "summary": {"covered_lines": 1, "num_statements": 1, "percent_covered": 100.0, "percent_covered_display": "100.00", "missing_lines": 0, "excluded_lines": 0, "num_branches": 0, "num_partial_branches": 0, "covered_branches": 0, "missing_branches": 0}, "missing_lines": [], "excluded_lines": [], "executed_branches": [], "missing_branches": []}, "SecurityError._default_code": {"executed_lines": [273], "summary": {"covered_lines": 1, "num_statements": 1, "percent_covered": 100.0, "percent_covered_display": "100.00", "missing_lines": 0, "excluded_lines": 0, "num_branches": 0, "num_partial_branches": 0, "covered_branches": 0, "missing_branches": 0}, "missing_lines": [], "excluded_lines": [], "executed_branches": [], "missing_branches": []}, "": {"executed_lines": [6, 17, 19, 24, 25, 37, 60, 81, 86, 87, 119, 123, 124, 157, 161, 162, 194, 198, 199, 234, 238, 239, 272], "summary": {"covered_lines": 16, "num_statements": 16, "percent_covered": 100.0, "percent_covered_display": "100.00", "missing_lines": 0, "excluded_lines": 0, "num_branches": 0, "num_partial_branches": 0, "covered_branches": 0, "missing_branches": 0}, "missing_lines": [], "excluded_lines": [], "executed_branches": [], "missing_branches": []}}, "classes": {"RPCPluginError": {"executed_lines": [46, 47, 51, 52, 53, 54, 58, 62, 65, 68, 69, 70, 72, 74, 75, 76, 77, 79, 83], "summary": {"covered_lines": 19, "num_statements": 19, "percent_covered": 96.55172413793103, "percent_covered_display": "96.55", "missing_lines": 0, "excluded_lines": 0, "num_branches": 10, "num_partial_branches": 1, "covered_branches": 9, "missing_branches": 1}, "missing_lines": [], "excluded_lines": [], "executed_branches": [[51, 52], [51, 53], [53, 54], [53, 58], [69, 70], [69, 72], [74, 75], [76, 77], [76, 79]], "missing_branches": [[74, 76]]}, "ConfigError": {"executed_lines": [120], "summary": {"covered_lines": 1, "num_statements": 1, "percent_covered": 100.0, "percent_covered_display": "100.00", "missing_lines": 0, "excluded_lines": 0, "num_branches": 0, "num_partial_branches": 0, "covered_branches": 0, "missing_branches": 0}, "missing_lines": [], "excluded_lines": [], "executed_branches": [], "missing_branches": []}, "HandshakeError": {"executed_lines": [158], "summary": {"covered_lines": 1, "num_statements": 1, "percent_covered": 100.0, "percent_covered_display": "100.00", "missing_lines": 0, "excluded_lines": 0, "num_branches": 0, "num_partial_branches": 0, "covered_branches": 0, "missing_branches": 0}, "missing_lines": [], "excluded_lines": [], "executed_branches": [], "missing_branches": []}, "ProtocolError": {"executed_lines": [195], "summary": {"covered_lines": 1, "num_statements": 1, "percent_covered": 100.0, "percent_covered_display": "100.00", "missing_lines": 0, "excluded_lines": 0, "num_branches": 0, "num_partial_branches": 0, "covered_branches": 0, "missing_branches": 0}, "missing_lines": [], "excluded_lines": [], "executed_branches": [], "missing_branches": []}, "TransportError": {"executed_lines": [235], "summary": {"covered_lines": 1, "num_statements": 1, "percent_covered": 100.0, "percent_covered_display": "100.00", "missing_lines": 0, "excluded_lines": 0, "num_branches": 0, "num_partial_branches": 0, "covered_branches": 0, "missing_branches": 0}, "missing_lines": [], "excluded_lines": [], "executed_branches": [], "missing_branches": []}, "SecurityError": {"executed_lines": [273], "summary": {"covered_lines": 1, "num_statements": 1, "percent_covered": 100.0, "percent_covered_display": "100.00", "missing_lines": 0, "excluded_lines": 0, "num_branches": 0, "num_partial_branches": 0, "covered_branches": 0, "missing_branches": 0}, "missing_lines": [], "excluded_lines": [], "executed_branches": [], "missing_branches": []}, "": {"executed_lines": [6, 17, 19, 24, 25, 37, 60, 81, 86, 87, 119, 123, 124, 157, 161, 162, 194, 198, 199, 234, 238, 239, 272], "summary": {"covered_lines": 16, "num_statements": 16, "percent_covered": 100.0, "percent_covered_display": "100.00", "missing_lines": 0, "excluded_lines": 0, "num_branches": 0, "num_partial_branches": 0, "covered_branches": 0, "missing_branches": 0}, "missing_lines": [], "excluded_lines": [], "executed_branches": [], "missing_branches": []}}}, "src/pyvider/rpcplugin/factories.py": {"executed_lines": [6, 13, 15, 17, 18, 19, 25, 29, 36, 39, 42, 73, 74, 85, 87, 88, 89, 90, 92, 93, 94, 96, 97, 101, 103, 104, 108, 110, 113, 116, 168, 170, 171, 175, 176, 179, 180, 185, 186, 187, 188, 191, 192, 194, 197, 269, 273, 274, 275, 276, 278, 280, 288, 393, 394], "summary": {"covered_lines": 53, "num_statements": 53, "percent_covered": 98.50746268656717, "percent_covered_display": "98.51", "missing_lines": 0, "excluded_lines": 0, "num_branches": 14, "num_partial_branches": 1, "covered_branches": 13, "missing_branches": 1}, "missing_lines": [], "excluded_lines": [], "executed_branches": [[89, -87], [89, 90], [170, 171], [170, 179], [175, 176], [175, 194], [186, 187], [186, 188], [188, 191], [273, 274], [273, 275], [275, 276], [275, 278]], "missing_branches": [[188, 192]], "functions": {"create_basic_protocol": {"executed_lines": [73, 74, 85, 87, 92, 96, 103, 110], "summary": {"covered_lines": 7, "num_statements": 7, "percent_covered": 100.0, "percent_covered_display": "100.00", "missing_lines": 0, "excluded_lines": 0, "num_branches": 0, "num_partial_branches": 0, "covered_branches": 0, "missing_branches": 0}, "missing_lines": [], "excluded_lines": [], "executed_branches": [], "missing_branches": []}, "create_basic_protocol.BasicRPCPluginProtocol.__init__": {"executed_lines": [88, 89, 90], "summary": {"covered_lines": 3, "num_statements": 3, "percent_covered": 100.0, "percent_covered_display": "100.00", "missing_lines": 0, "excluded_lines": 0, "num_branches": 2, "num_partial_branches": 0, "covered_branches": 2, "missing_branches": 0}, "missing_lines": [], "excluded_lines": [], "executed_branches": [[89, -87], [89, 90]], "missing_branches": []}, "create_basic_protocol.BasicRPCPluginProtocol.get_grpc_descriptors": {"executed_lines": [93, 94], "summary": {"covered_lines": 2, "num_statements": 2, "percent_covered": 100.0, "percent_covered_display": "100.00", "missing_lines": 0, "excluded_lines": 0, "num_branches": 0, "num_partial_branches": 0, "covered_branches": 0, "missing_branches": 0}, "missing_lines": [], "excluded_lines": [], "executed_branches": [], "missing_branches": []}, "create_basic_protocol.BasicRPCPluginProtocol.add_to_server": {"executed_lines": [97, 101], "summary": {"covered_lines": 2, "num_statements": 2, "percent_covered": 100.0, "percent_covered_display": "100.00", "missing_lines": 0, "excluded_lines": 0, "num_branches": 0, "num_partial_branches": 0, "covered_branches": 0, "missing_branches": 0}, "missing_lines": [], "excluded_lines": [], "executed_branches": [], "missing_branches": []}, "create_basic_protocol.BasicRPCPluginProtocol.get_method_type": {"executed_lines": [104, 108], "summary": {"covered_lines": 2, "num_statements": 2, "percent_covered": 100.0, "percent_covered_display": "100.00", "missing_lines": 0, "excluded_lines": 0, "num_branches": 0, "num_partial_branches": 0, "covered_branches": 0, "missing_branches": 0}, "missing_lines": [], "excluded_lines": [], "executed_branches": [], "missing_branches": []}, "plugin_protocol": {"executed_lines": [168, 170, 171, 175, 176, 179, 180, 185, 186, 187, 188, 191, 192, 194], "summary": {"covered_lines": 14, "num_statements": 14, "percent_covered": 95.45454545454545, "percent_covered_display": "95.45", "missing_lines": 0, "excluded_lines": 0, "num_branches": 8, "num_partial_branches": 1, "covered_branches": 7, "missing_branches": 1}, "missing_lines": [], "excluded_lines": [], "executed_branches": [[170, 171], [170, 179], [175, 176], [175, 194], [186, 187], [186, 188], [188, 191]], "missing_branches": [[188, 192]]}, "plugin_server": {"executed_lines": [269, 273, 274, 275, 276, 278, 280], "summary": {"covered_lines": 7, "num_statements": 7, "percent_covered": 100.0, "percent_covered_display": "100.00", "missing_lines": 0, "excluded_lines": 0, "num_branches": 4, "num_partial_branches": 0, "covered_branches": 4, "missing_branches": 0}, "missing_lines": [], "excluded_lines": [], "executed_branches": [[273, 274], [273, 275], [275, 276], [275, 278]], "missing_branches": []}, "plugin_client": {"executed_lines": [393, 394], "summary": {"covered_lines": 2, "num_statements": 2, "percent_covered": 100.0, "percent_covered_display": "100.00", "missing_lines": 0, "excluded_lines": 0, "num_branches": 0, "num_partial_branches": 0, "covered_branches": 0, "missing_branches": 0}, "missing_lines": [], "excluded_lines": [], "executed_branches": [], "missing_branches": []}, "": {"executed_lines": [6, 13, 15, 17, 18, 19, 25, 29, 36, 39, 42, 113, 116, 197, 288], "summary": {"covered_lines": 14, "num_statements": 14, "percent_covered": 100.0, "percent_covered_display": "100.00", "missing_lines": 0, "excluded_lines": 0, "num_branches": 0, "num_partial_branches": 0, "covered_branches": 0, "missing_branches": 0}, "missing_lines": [], "excluded_lines": [], "executed_branches": [], "missing_branches": []}}, "classes": {"create_basic_protocol.BasicRPCPluginProtocol": {"executed_lines": [88, 89, 90, 93, 94, 97, 101, 104, 108], "summary": {"covered_lines": 9, "num_statements": 9, "percent_covered": 100.0, "percent_covered_display": "100.00", "missing_lines": 0, "excluded_lines": 0, "num_branches": 2, "num_partial_branches": 0, "covered_branches": 2, "missing_branches": 0}, "missing_lines": [], "excluded_lines": [], "executed_branches": [[89, -87], [89, 90]], "missing_branches": []}, "": {"executed_lines": [6, 13, 15, 17, 18, 19, 25, 29, 36, 39, 42, 73, 74, 85, 87, 92, 96, 103, 110, 113, 116, 168, 170, 171, 175, 176, 179, 180, 185, 186, 187, 188, 191, 192, 194, 197, 269, 273, 274, 275, 276, 278, 280, 288, 393, 394], "summary": {"covered_lines": 44, "num_statements": 44, "percent_covered": 98.21428571428571, "percent_covered_display": "98.21", "missing_lines": 0, "excluded_lines": 0, "num_branches": 12, "num_partial_branches": 1, "covered_branches": 11, "missing_branches": 1}, "missing_lines": [], "excluded_lines": [], "executed_branches": [[170, 171], [170, 179], [175, 176], [175, 194], [186, 187], [186, 188], [188, 191], [273, 274], [273, 275], [275, 276], [275, 278]], "missing_branches": [[188, 192]]}}}, "src/pyvider/rpcplugin/handshake/__init__.py": {"executed_lines": [6, 11, 23, 30], "summary": {"covered_lines": 3, "num_statements": 3, "percent_covered": 100.0, "percent_covered_display": "100.00", "missing_lines": 0, "excluded_lines": 0, "num_branches": 0, "num_partial_branches": 0, "covered_branches": 0, "missing_branches": 0}, "missing_lines": [], "excluded_lines": [], "executed_branches": [], "missing_branches": [], "functions": {"": {"executed_lines": [6, 11, 23, 30], "summary": {"covered_lines": 3, "num_statements": 3, "percent_covered": 100.0, "percent_covered_display": "100.00", "missing_lines": 0, "excluded_lines": 0, "num_branches": 0, "num_partial_branches": 0, "covered_branches": 0, "missing_branches": 0}, "missing_lines": [], "excluded_lines": [], "executed_branches": [], "missing_branches": []}}, "classes": {"": {"executed_lines": [6, 11, 23, 30], "summary": {"covered_lines": 3, "num_statements": 3, "percent_covered": 100.0, "percent_covered_display": "100.00", "missing_lines": 0, "excluded_lines": 0, "num_branches": 0, "num_partial_branches": 0, "covered_branches": 0, "missing_branches": 0}, "missing_lines": [], "excluded_lines": [], "executed_branches": [], "missing_branches": []}}}, "src/pyvider/rpcplugin/handshake/core.py": {"executed_lines": [6, 11, 13, 14, 15, 17, 20, 21, 22, 23, 25, 26, 27, 28, 31, 32, 35, 36, 39, 40, 43, 44, 45, 54, 55, 56, 57, 60, 64, 67, 68, 69, 73, 74, 75, 76, 80, 87, 90, 91, 92, 100, 101, 102, 103, 107, 108, 112, 118, 119, 120, 121, 122, 125, 129, 130, 133, 139, 140, 149, 150, 151, 152, 155, 156, 157, 158, 159, 160, 161, 162, 165, 169, 189, 190, 191, 192, 197, 203, 205, 216, 217, 219, 224, 226, 227, 228, 232, 233, 236, 237, 239, 240, 241, 243, 244, 245, 250, 251, 252, 257, 258, 262, 274, 275, 281, 292, 295, 299, 329, 330, 331, 332, 333, 334, 343, 351, 353, 354, 355, 356, 357, 363, 365, 366, 367, 369, 370, 372, 373, 378, 386, 388, 389, 390, 391, 392, 395, 399, 400, 402, 403, 405, 406, 407, 413, 417, 441, 442, 444, 445, 446, 451, 456, 457, 458, 459, 460, 461, 462, 463, 464, 465, 466, 467, 470, 471, 472, 473, 474, 475, 477, 482, 484, 485, 486], "summary": {"covered_lines": 173, "num_statements": 183, "percent_covered": 93.67088607594937, "percent_covered_display": "93.67", "missing_lines": 10, "excluded_lines": 2, "num_branches": 54, "num_partial_branches": 5, "covered_branches": 49, "missing_branches": 5}, "missing_lines": [93, 94, 134, 137, 141, 142, 146, 194, 338, 448], "excluded_lines": [17, 18], "executed_branches": [[68, 69], [68, 73], [75, 76], [75, 87], [101, 102], [101, 107], [107, -100], [107
[...]
6, 217, 218, 219, 221, 222, 223, 224, 225, 229, 230, 231, 232, 233, 234, 235, 257, 260, 261, 262, 263, 264, 265, 267, 268, 271, 272, 273, 274, 275, 277, 278, 279, 280, 298, 300, 302, 303, 304, 305, 307, 308, 309, 310, 312, 314, 315, 316, 317, 319, 320, 321, 322, 325, 326, 331, 332, 333, 334, 339, 340, 342, 343, 344, 345, 346, 347, 349, 353, 356, 357, 358, 359, 360, 361, 363, 367, 368, 369, 370, 371, 372, 376, 377, 378, 379, 383, 384, 385, 386, 390, 394, 395, 397, 398, 399, 400, 401, 402, 403, 404, 405, 407, 409, 410, 411, 412, 413, 424, 427, 428, 430, 431, 432, 433, 434, 435, 438, 439], "summary": {"covered_lines": 185, "num_statements": 200, "percent_covered": 90.67164179104478, "percent_covered_display": "90.67", "missing_lines": 15, "excluded_lines": 0, "num_branches": 68, "num_partial_branches": 10, "covered_branches": 58, "missing_branches": 10}, "missing_lines": [120, 166, 174, 185, 186, 281, 282, 283, 284, 328, 336, 354, 387, 388, 425], "excluded_lines": [], "executed_branches": [[107, 109], [107, 112], [119, 122], [127, 128], [127, 131], [133, 134], [133, 141], [165, -164], [169, -168], [169, 170], [173, 177], [181, 182], [181, 183], [195, 196], [195, 198], [202, 203], [261, 262], [261, 267], [262, 263], [262, 264], [264, 261], [264, 265], [267, 268], [267, 271], [272, 273], [272, 277], [307, 308], [307, 319], [309, 310], [309, 312], [320, 321], [320, 322], [325, 326], [331, 332], [331, 333], [333, 334], [339, 340], [339, 342], [343, 344], [343, 345], [345, 346], [345, 349], [353, 356], [369, -365], [369, 370], [376, -374], [376, 377], [383, -381], [383, 384], [394, 395], [394, 397], [398, 399], [398, 409], [404, 405], [404, 407], [409, 410], [424, 427], [434, 435]], "missing_branches": [[119, 120], [165, 166], [173, 174], [202, -188], [325, 328], [333, 336], [353, 354], [409, -392], [424, 425], [434, 438]]}, "": {"executed_lines": [6, 12, 13, 14, 15, 16, 17, 18, 19, 20, 22, 23, 25, 26, 27, 28, 30, 33, 34, 35, 87, 88, 89, 90, 91, 93, 94, 95, 96, 98, 100, 117, 164, 168, 172, 179, 188, 205, 215, 227, 237, 286, 324, 330, 338, 351, 365, 374, 381, 392, 415], "summary": {"covered_lines": 49, "num_statements": 49, "percent_covered": 100.0, "percent_covered_display": "100.00", "missing_lines": 0, "excluded_lines": 0, "num_branches": 0, "num_partial_branches": 0, "covered_branches": 0, "missing_branches": 0}, "missing_lines": [], "excluded_lines": [], "executed_branches": [], "missing_branches": []}}}, "src/pyvider/rpcplugin/transport/unix/utils.py": {"executed_lines": [6, 11, 13, 16, 28, 29, 32, 34, 35, 36, 38, 41], "summary": {"covered_lines": 11, "num_statements": 11, "percent_covered": 100.0, "percent_covered_display": "100.00", "missing_lines": 0, "excluded_lines": 0, "num_branches": 6, "num_partial_branches": 0, "covered_branches": 6, "missing_branches": 0}, "missing_lines": [], "excluded_lines": [], "executed_branches": [[28, 29], [28, 32], [32, 34], [32, 36], [36, 38], [36, 41]], "missing_branches": [], "functions": {"normalize_unix_path": {"executed_lines": [28, 29, 32, 34, 35, 36, 38, 41], "summary": {"covered_lines": 8, "num_statements": 8, "percent_covered": 100.0, "percent_covered_display": "100.00", "missing_lines": 0, "excluded_lines": 0, "num_branches": 6, "num_partial_branches": 0, "covered_branches": 6, "missing_branches": 0}, "missing_lines": [], "excluded_lines": [], "executed_branches": [[28, 29], [28, 32], [32, 34], [32, 36], [36, 38], [36, 41]], "missing_branches": []}, "": {"executed_lines": [6, 11, 13, 16], "summary": {"covered_lines": 3, "num_statements": 3, "percent_covered": 100.0, "percent_covered_display": "100.00", "missing_lines": 0, "excluded_lines": 0, "num_branches": 0, "num_partial_branches": 0, "covered_branches": 0, "missing_branches": 0}, "missing_lines": [], "excluded_lines": [], "executed_branches": [], "missing_branches": []}}, "classes": {"": {"executed_lines": [6, 11, 13, 16, 28, 29, 32, 34, 35, 36, 38, 41], "summary": {"covered_lines": 11, "num_statements": 11, "percent_covered": 100.0, "percent_covered_display": "100.00", "missing_lines": 0, "excluded_lines": 0, "num_branches": 6, "num_partial_branches": 0, "covered_branches": 6, "missing_branches": 0}, "missing_lines": [], "excluded_lines": [], "executed_branches": [[28, 29], [28, 32], [32, 34], [32, 36], [36, 38], [36, 41]], "missing_branches": []}}}, "src/pyvider/rpcplugin/types.py": {"executed_lines": [6, 8, 10, 11, 12, 13, 22, 23, 25, 27, 38, 43, 44, 45, 46, 47, 48, 49, 53, 54, 55, 63, 66, 67, 68, 75, 84, 94, 107, 108, 109, 116, 118, 128, 137, 144, 145, 146, 153, 162, 163, 176, 178, 179, 180, 181, 182, 183, 184, 186, 187, 188, 189, 193, 194, 195, 196, 199, 203, 204, 205, 206, 208, 209, 210, 216, 217, 218, 220, 221, 224, 225, 226, 233, 242, 254, 261, 262, 268, 269, 270, 271, 273, 274, 275, 276, 278, 279, 280, 282, 283, 284, 285, 286, 290, 291, 292, 293, 295, 296, 301, 302, 303, 306, 307, 310, 313, 318, 319, 320, 327, 331, 335, 339, 344, 345, 352, 353, 354, 355, 357, 358, 359, 360, 362, 363, 364, 366, 367, 368, 369, 373, 374, 375, 376, 378, 379, 382, 392, 395, 405, 408, 418], "summary": {"covered_lines": 125, "num_statements": 129, "percent_covered": 96.27329192546584, "percent_covered_display": "96.27", "missing_lines": 4, "excluded_lines": 27, "num_branches": 32, "num_partial_branches": 2, "covered_branches": 30, "missing_branches": 2}, "missing_lines": [200, 201, 211, 215], "excluded_lines": [38, 39, 43, 44, 45, 82, 92, 104, 126, 135, 141, 160, 173, 240, 252, 258, 301, 302, 303, 306, 307, 310, 313, 329, 333, 337, 341], "executed_branches": [[178, 179], [178, 181], [182, 183], [182, 186], [188, 189], [188, 199], [199, 203], [204, 205], [204, 208], [210, 220], [268, 269], [268, 295], [269, 270], [269, 273], [274, 275], [274, 278], [278, 279], [278, 282], [284, 268], [284, 285], [352, 353], [352, 378], [353, 354], [353, 357], [358, 359], [358, 362], [362, 363], [362, 366], [368, 352], [368, 369]], "missing_branches": [[199, 200], [210, 211]], "functions": {"RPCPluginProtocol.get_grpc_descriptors": {"executed_lines": [], "summary": {"covered_lines": 0, "num_statements": 0, "percent_covered": 100.0, "percent_covered_display": "100.00", "missing_lines": 0, "excluded_lines": 1, "num_branches": 0, "num_partial_branches": 0, "covered_branches": 0, "missing_branches": 0}, "missing_lines": [], "excluded_lines": [82], "executed_branches": [], "missing_branches": []}, "RPCPluginProtocol.add_to_server": {"executed_lines": [], "summary": {"covered_lines": 0, "num_statements": 0, "percent_covered": 100.0, "percent_covered_display": "100.00", "missing_lines": 0, "excluded_lines": 1, "num_branches": 0, "num_partial_branches": 0, "covered_branches": 0, "missing_branches": 0}, "missing_lines": [], "excluded_lines": [92], "executed_branches": [], "missing_branches": []}, "RPCPluginProtocol.get_method_type": {"executed_lines": [], "summary": {"covered_lines": 0, "num_statements": 0, "percent_covered": 100.0, "percent_covered_display": "100.00", "missing_lines": 0, "excluded_lines": 1, "num_branches": 0, "num_partial_branches": 0, "covered_branches": 0, "missing_branches": 0}, "missing_lines": [], "excluded_lines": [104], "executed_branches": [], "missing_branches": []}, "RPCPluginTransport.listen": {"executed_lines": [], "summary": {"covered_lines": 0, "num_statements": 0, "percent_covered": 100.0, "percent_covered_display": "100.00", "missing_lines": 0, "excluded_lines": 1, "num_branches": 0, "num_partial_branches": 0, "covered_branches": 0, "missing_branches": 0}, "missing_lines": [], "excluded_lines": [126], "executed_branches": [], "missing_branches": []}, "RPCPluginTransport.connect": {"executed_lines": [], "summary": {"covered_lines": 0, "num_statements": 0, "percent_covered": 100.0, "percent_covered_display": "100.00", "missing_lines": 0, "excluded_lines": 1, "num_branches": 0, "num_partial_branches": 0, "covered_branches": 0, "missing_branches": 0}, "missing_lines": [], "excluded_lines": [135], "executed_branches": [], "missing_branches": []}, "RPCPluginTransport.close": {"executed_lines": [], "summary": {"covered_lines": 0, "num_statements": 0, "percent_covered": 100.0, "percent_covered_display": "100.00", "missing_lines": 0, "excluded_lines": 1, "num_branches": 0, "num_partial_branches": 0, "covered_branches": 0, "missing_branches": 0}, "missing_lines": [], "excluded_lines": [141], "executed_branches": [], "missing_branches": []}, "SerializableT.to_dict": {"executed_lines": [], "summary": {"covered_lines": 0, "num_statements": 0, "percent_covered": 100.0, "percent_covered_display": "100.00", "missing_lines": 0, "excluded_lines": 1, "num_branches": 0, "num_partial_branches": 0, "covered_branches": 0, "missing_branches": 0}, "missing_lines": [], "excluded_lines": [160], "executed_branches": [], "missing_branches": []}, "SerializableT.from_dict": {"executed_lines": [], "summary": {"covered_lines": 0, "num_statements": 0, "percent_covered": 100.0, "percent_covered_display": "100.00", "missing_lines": 0, "excluded_lines": 1, "num_branches": 0, "num_partial_branches": 0, "covered_branches": 0, "missing_branches": 0}, "missing_lines": [], "excluded_lines": [173], "executed_branches": [], "missing_branches": []}, "is_valid_serializable": {"executed_lines": [178, 179, 180, 181, 182, 183, 184, 186, 187, 188, 189, 193, 194, 195, 196, 199, 203, 204, 205, 206, 208, 209, 210, 216, 217, 218, 220, 221], "summary": {"covered_lines": 28, "num_statements": 32, "percent_covered": 86.36363636363636, "percent_covered_display": "86.36", "missing_lines": 4, "excluded_lines": 0, "num_branches": 12, "num_partial_branches": 2, "covered_branches": 10, "missing_branches": 2}, "missing_lines": [200, 201, 211, 215], "excluded_lines": [], "executed_branches": [[178, 179], [178, 181], [182, 183], [182, 186], [188, 189], [188, 199], [199, 203], [204, 205], [204, 208], [210, 220]], "missing_branches": [[199, 200], [210, 211]]}, "ConnectionT.send_data": {"executed_lines": [], "summary": {"covered_lines": 0, "num_statements": 0, "percent_covered": 100.0, "percent_covered_display": "100.00", "missing_lines": 0, "excluded_lines": 1, "num_branches": 0, "num_partial_branches": 0, "covered_branches": 0, "missing_branches": 0}, "missing_lines": [], "excluded_lines": [240], "executed_branches": [], "missing_branches": []}, "ConnectionT.receive_data": {"executed_lines": [], "summary": {"covered_lines": 0, "num_statements": 0, "percent_covered": 100.0, "percent_covered_display": "100.00", "missing_lines": 0, "excluded_lines": 1, "num_branches": 0, "num_partial_branches": 0, "covered_branches": 0, "missing_branches": 0}, "missing_lines": [], "excluded_lines": [252], "executed_branches": [], "missing_branches": []}, "ConnectionT.close": {"executed_lines": [], "summary": {"covered_lines": 0, "num_statements": 0, "percent_covered": 100.0, "percent_covered_display": "100.00", "missing_lines": 0, "excluded_lines": 1, "num_branches": 0, "num_partial_branches": 0, "covered_branches": 0, "missing_branches": 0}, "missing_lines": [], "excluded_lines": [258], "executed_branches": [], "missing_branches": []}, "is_valid_connection": {"executed_lines": [262, 268, 269, 270, 271, 273, 274, 275, 276, 278, 279, 280, 282, 283, 284, 285, 286, 290, 291, 292, 293, 295, 296], "summary": {"covered_lines": 23, "num_statements": 23, "percent_covered": 100.0, "percent_covered_display": "100.00", "missing_lines": 0, "excluded_lines": 0, "num_branches": 10, "num_partial_branches": 0, "covered_branches": 10, "missing_branches": 0}, "missing_lines": [], "excluded_lines": [], "executed_branches": [[268, 269], [268, 295], [269, 270], [269, 273], [274, 275], [274, 278], [278, 279], [278, 282], [284, 268], [284, 285]], "missing_branches": []}, "SecureRpcClientT._perform_handshake": {"executed_lines": [], "summary": {"covered_lines": 0, "num_statements": 0, "percent_covered": 100.0, "percent_covered_display": "100.00", "missing_lines": 0, "excluded_lines": 1, "num_branches": 0, "num_partial_branches": 0, "covered_branches": 0, "missing_branches": 0}, "missing_lines": [], "excluded_lines": [329], "executed_branches": [], "missing_branches": []}, "SecureRpcClientT._setup_tls": {"executed_lines": [], "summary": {"covered_lines": 0, "num_statements": 0, "percent_covered": 100.0, "percent_covered_display": "100.00", "missing_lines": 0, "excluded_lines": 1, "num_branches": 0, "num_partial_branches": 0, "covered_branches": 0, "missing_branches": 0}, "missing_lines": [], "excluded_lines": [333], "executed_branches": [], "missing_branches": []}, "SecureRpcClientT._create_grpc_channel": {"executed_lines": [], "summary": {"covered_lines": 0, "num_statements": 0, "percent_covered": 100.0, "percent_covered_display": "100.00", "missing_lines": 0, "excluded_lines": 1, "num_branches": 0, "num_partial_branches": 0, "covered_branches": 0, "missing_branches": 0}, "missing_lines": [], "excluded_lines": [337], "executed_branches": [], "missing_branches": []}, "SecureRpcClientT.close": {"executed_lines": [], "summary": {"covered_lines": 0, "num_statements": 0, "percent_covered": 100.0, "percent_covered_display": "100.00", "missing_lines": 0, "excluded_lines": 1, "num_branches": 0, "num_partial_branches": 0, "covered_branches": 0, "missing_branches": 0}, "missing_lines": [], "excluded_lines": [341], "executed_branches": [], "missing_branches": []}, "is_valid_secure_rpc_client": {"executed_lines": [345, 352, 353, 354, 355, 357, 358, 359, 360, 362, 363, 364, 366, 367, 368, 369, 373, 374, 375, 376, 378, 379], "summary": {"covered_lines": 22, "num_statements": 22, "percent_covered": 100.0, "percent_covered_display": "100.00", "missing_lines": 0, "excluded_lines": 0, "num_branches": 10, "num_partial_branches": 0, "covered_branches": 10, "missing_branches": 0}, "missing_lines": [], "excluded_lines": [], "executed_branches": [[352, 353], [352, 378], [353, 354], [353, 357], [358, 359], [358, 362], [362, 363], [362, 366], [368, 352], [368, 369]], "missing_branches": []}, "is_valid_handler": {"executed_lines": [392], "summary": {"covered_lines": 1, "num_statements": 1, "percent_covered": 100.0, "percent_covered_display": "100.00", "missing_lines": 0, "excluded_lines": 0, "num_branches": 0, "num_partial_branches": 0, "covered_branches": 0, "missing_branches": 0}, "missing_lines": [], "excluded_lines": [], "executed_branches": [], "missing_branches": []}, "is_valid_protocol": {"executed_lines": [405], "summary": {"covered_lines": 1, "num_statements": 1, "percent_covered": 100.0, "percent_covered_display": "100.00", "missing_lines": 0, "excluded_lines": 0, "num_branches": 0, "num_partial_branches": 0, "covered_branches": 0, "missing_branches": 0}, "missing_lines": [], "excluded_lines": [], "executed_branches": [], "missing_branches": []}, "is_valid_transport": {"executed_lines": [418], "summary": {"covered_lines": 1, "num_statements": 1, "percent_covered": 100.0, "percent_covered_display": "100.00", "missing_lines": 0, "excluded_lines": 0, "num_branches": 0, "num_partial_branches": 0, "covered_branches": 0, "missing_branches": 0}, "missing_lines": [], "excluded_lines": [], "executed_branches": [], "missing_branches": []}, "": {"executed_lines": [6, 8, 10, 11, 12, 13, 22, 23, 25, 27, 38, 43, 44, 45, 46, 47, 48, 49, 53, 54, 55, 63, 66, 67, 68, 75, 84, 94, 107, 108, 109, 116, 118, 128, 137, 144, 145, 146, 153, 162, 163, 176, 224, 225, 226, 233, 242, 254, 261, 301, 302, 303, 306, 307, 310, 313, 318, 319, 320, 327, 331, 335, 339, 344, 382, 395, 408], "summary": {"covered_lines": 49, "num_statements": 49, "percent_covered": 100.0, "percent_covered_display": "100.00", "missing_lines": 0, "excluded_lines": 12, "num_branches": 0, "num_partial_branches": 0, "covered_branches": 0, "missing_branches": 0}, "missing_lines": [], "excluded_lines": [38, 39, 43, 44, 45, 301, 302, 303, 306, 307, 310, 313], "executed_branches": [], "missing_branches": []}}, "classes": {"RPCPluginHandler": {"executed_lines": [], "summary": {"covered_lines": 0, "num_statements": 0, "percent_covered": 100.0, "percent_covered_display": "100.00", "missing_lines": 0, "excluded_lines": 0, "num_branches": 0, "num_partial_branches": 0, "covered_branches": 0, "missing_branches": 0}, "missing_lines": [], "excluded_lines": [], "executed_branches": [], "missing_branches": []}, "RPCPluginProtocol": {"executed_lines": [], "summary": {"covered_lines": 0, "num_statements": 0, "percent_covered": 100.0, "percent_covered_display": "100.00", "missing_lines": 0, "excluded_lines": 3, "num_branches": 0, "num_partial_branches": 0, "covered_branches": 0, "missing_branches": 0}, "missing_lines": [], "excluded_lines": [82, 92, 104], "executed_branches": [], "missing_branches": []}, "RPCPluginTransport": {"executed_lines": [], "summary": {"covered_lines": 0, "num_statements": 0, "percent_covered": 100.0, "percent_covered_display": "100.00", "missing_lines": 0, "excluded_lines": 3, "num_branches": 0, "num_partial_branches": 0, "covered_branches": 0, "missing_branches": 0}, "missing_lines": [], "excluded_lines": [126, 135, 141], "executed_branches": [], "missing_branches": []}, "SerializableT": {"executed_lines": [], "summary": {"covered_lines": 0, "num_statements": 0, "percent_covered": 100.0, "percent_covered_display": "100.00", "missing_lines": 0, "excluded_lines": 2, "num_branches": 0, "num_partial_branches": 0, "covered_branches": 0, "missing_branches": 0}, "missing_lines": [], "excluded_lines": [160, 173], "executed_branches": [], "missing_branches": []}, "ConnectionT": {"executed_lines": [], "summary": {"covered_lines": 0, "num_statements": 0, "percent_covered": 100.0, "percent_covered_display": "100.00", "missing_lines": 0, "excluded_lines": 3, "num_branches": 0, "num_partial_branches": 0, "covered_branches": 0, "missing_branches": 0}, "missing_lines": [], "excluded_lines": [240, 252, 258], "executed_branches": [], "missing_branches": []}, "SecureRpcClientT": {"executed_lines": [], "summary": {"covered_lines": 0, "num_statements": 0, "percent_covered": 100.0, "percent_covered_display": "100.00", "missing_lines": 0, "excluded_lines": 4, "num_branches": 0, "num_partial_branches": 0, "covered_branches": 0, "missing_branches": 0}, "missing_lines": [], "excluded_lines": [329, 333, 337, 341], "executed_branches": [], "missing_branches": []}, "": {"executed_lines": [6, 8, 10, 11, 12, 13, 22, 23, 25, 27, 38, 43, 44, 45, 46, 47, 48, 49, 53, 54, 55, 63, 66, 67, 68, 75, 84, 94, 107, 108, 109, 116, 118, 128, 137, 144, 145, 146, 153, 162, 163, 176, 178, 179, 180, 181, 182, 183, 184, 186, 187, 188, 189, 193, 194, 195, 196, 199, 203, 204, 205, 206, 208, 209, 210, 216, 217, 218, 220, 221, 224, 225, 226, 233, 242, 254, 261, 262, 268, 269, 270, 271, 273, 274, 275, 276, 278, 279, 280, 282, 283, 284, 285, 286, 290, 291, 292, 293, 295, 296, 301, 302, 303, 306, 307, 310, 313, 318, 319, 320, 327, 331, 335, 339, 344, 345, 352, 353, 354, 355, 357, 358, 359, 360, 362, 363, 364, 366, 367, 368, 369, 373, 374, 375, 376, 378, 379, 382, 392, 395, 405, 408, 418], "summary": {"covered_lines": 125, "num_statements": 129, "percent_covered": 96.27329192546584, "percent_covered_display": "96.27", "missing_lines": 4, "excluded_lines": 12, "num_branches": 32, "num_partial_branches": 2, "covered_branches": 30, "missing_branches": 2}, "missing_lines": [200, 201, 211, 215], "excluded_lines": [38, 39, 43, 44, 45, 301, 302, 303, 306, 307, 310, 313], "executed_branches": [[178, 179], [178, 181], [182, 183], [182, 186], [188, 189], [188, 199], [199, 203], [204, 205], [204, 208], [210, 220], [268, 269], [268, 295], [269, 270], [269, 273], [274, 275], [274, 278], [278, 279], [278, 282], [284, 268], [284, 285], [352, 353], [352, 378], [353, 354], [353, 357], [358, 359], [358, 362], [362, 363], [362, 366], [368, 352], [368, 369]], "missing_branches": [[199, 200], [210, 211]]}}}}, "totals": {"covered_lines": 2384, "num_statements": 2477, "percent_covered": 94.41033925686591, "percent_covered_display": "94.41", "missing_lines": 93, "excluded_lines": 138, "num_branches": 618, "num_partial_branches": 78, "covered_branches": 538, "missing_branches": 80}}