============================= test session starts ==============================
platform darwin -- Python 3.13.3, pytest-8.3.4, pluggy-1.5.0
benchmark: 5.1.0 (defaults: timer=time.perf_counter disable_gc=False min_rounds=5 min_time=0.000005 max_time=1.0 calibration_precision=10 warmup=False warmup_iterations=100000)
rootdir: /REDACTED_ABS_PATH
configfile: pyproject.toml
plugins: cov-6.0.0, hypothesis-6.127.1, testmon-2.1.3, asyncio-0.25.3, anyio-4.8.0, typeguard-2.13.3, benchmark-5.1.0, trace-1.0.0, xdist-3.6.1
asyncio: mode=Mode.AUTO, asyncio_default_fixture_loop_scope=function
collected 104 items

crypto/test_certificate_chains.py::test_certificate_chain_validation PASSED [  0%]
crypto/test_certificate_chains.py::test_certificate_chain_validation_no_trust PASSED [  1%]
crypto/test_certificate_chains.py::test_certificate_basic_properties[client_cert] PASSED [  2%]
crypto/test_certificate_chains.py::test_certificate_basic_properties[server_cert] PASSED [  3%]
crypto/test_certificate_chains.py::test_certificate_self_signed_validation PASSED [  4%]
crypto/test_certificate_chains.py::test_certificate_extensions PASSED    [  5%]
crypto/test_certificate_chains.py::test_certificate_validity_period PASSED [  6%]
crypto/test_certificate_chains.py::test_certificate_unique_serial PASSED [  7%]
crypto/test_certificate_chains.py::test_generate_certificate_invalid_type PASSED [  8%]
crypto/test_certificate_chains.py::test_certificate_repr PASSED          [  9%]
crypto/test_certificate_chains.py::test_certificate_hash PASSED          [ 10%]
crypto/test_certificate_chains.py::test_certificate_invalid_trust_chain_signature FAILED [ 11%]
crypto/test_certificate_create.py::test_create_x509_cert_subject_error PASSED [ 12%]
crypto/test_certificate_create.py::test_create_x509_cert_serial_error PASSED [ 13%]
crypto/test_certificate_create.py::test_create_x509_cert_validity_error PASSED [ 14%]
crypto/test_certificate_create.py::test_certificate_extension_failure PASSED [ 15%]
crypto/test_certificate_create.py::test_create_x509_cert_builder_error PASSED [ 16%]
crypto/test_certificate_create.py::test_create_x509_cert_extension_error PASSED [ 17%]
crypto/test_certificate_create.py::test_create_invalid_key_type PASSED   [ 18%]
crypto/test_certificate_credentials.py::test_mock_channel_credentials_with_client_cert PASSED [ 19%]
crypto/test_certificate_credentials.py::test_mock_server_credentials_with_server_cert PASSED [ 20%]
crypto/test_certificate_credentials.py::test_mock_server_credentials_multiple_certs PASSED [ 21%]
crypto/test_certificate_credentials.py::test_mock_server_credentials_validation_with_certs PASSED [ 22%]
crypto/test_certificate_credentials.py::test_mock_channel_credentials_none_values PASSED [ 23%]
crypto/test_certificate_lifecycle.py::test_cleanup_after_failed_generation PASSED [ 24%]
crypto/test_certificate_lifecycle.py::test_certificate_is_valid PASSED   [ 25%]
crypto/test_certificate_lifecycle.py::test_expired_certificate PASSED    [ 25%]
crypto/test_certificate_lifecycle.py::test_certificate_validity_period PASSED [ 26%]
crypto/test_certificate_lifecycle.py::test_verify_expired_certificate PASSED [ 27%]
crypto/test_certificate_lifecycle.py::test_certificate_validity_period_error PASSED [ 28%]
crypto/test_certificate_lifecycle.py::test_certificate_extension_addition_failure PASSED [ 29%]
crypto/test_certificate_lifecycle.py::test_certificate_trust_chain_validation FAILED [ 30%]
crypto/test_certificate_loading.py::test_load_invalid_pem PASSED         [ 31%]
crypto/test_certificate_loading.py::test_load_pem_certificate PASSED     [ 32%]
crypto/test_certificate_loading.py::test_load_pem_private_key PASSED     [ 33%]
crypto/test_certificate_loading.py::test_load_certificate_from_file PASSED [ 34%]
crypto/test_certificate_loading.py::test_load_key_value_error PASSED     [ 35%]
crypto/test_certificate_loading.py::test_load_key_type_error PASSED      [ 36%]
crypto/test_certificate_loading.py::test_load_cert_with_windows_line_endings PASSED [ 37%]
crypto/test_certificate_loading.py::test_load_private_key_from_file PASSED [ 38%]
crypto/test_certificate_loading.py::test_invalid_certificate_raises_error PASSED [ 39%]
crypto/test_certificate_loading.py::test_load_cert_with_malformed_pem PASSED [ 40%]
crypto/test_certificate_loading.py::test_malformed_certificate_raises_error PASSED [ 41%]
crypto/test_certificate_loading.py::test_empty_certificate_raises_error PASSED [ 42%]
crypto/test_certificate_loading.py::test_missing_certificate_file_raises_error PASSED [ 43%]
crypto/test_certificate_loading.py::test_load_cert_with_utf8_bom PASSED  [ 44%]
crypto/test_certificate_loading.py::test_malformed_certificate_loading PASSED [ 45%]
crypto/test_certificate_loading.py::test_load_cert_with_extra_whitespace PASSED [ 46%]
crypto/test_certificate_mtls.py::test_load_client_certificate PASSED     [ 47%]
crypto/test_certificate_mtls.py::test_load_server_certificate PASSED     [ 48%]
crypto/test_certificate_mtls.py::test_mutual_tls_verification PASSED     [ 49%]
crypto/test_certificate_properties.py::test_certificate_subject PASSED   [ 50%]
crypto/test_certificate_properties.py::test_certificate_issuer PASSED    [ 50%]
crypto/test_certificate_properties.py::test_certificate_subject_not_equal_to_issuer_for_non_self_signed SKIPPED [ 51%]
crypto/test_certificate_properties.py::test_certificate_is_ca PASSED     [ 52%]
crypto/test_certificate_properties.py::test_certificate_public_key PASSED [ 53%]
crypto/test_certificate_properties.py::test_server_certificate_public_key PASSED [ 54%]
crypto/test_certificate_properties.py::test_certificate_serial_number PASSED [ 55%]
crypto/test_certificate_properties.py::test_certificate_fingerprint PASSED [ 56%]
crypto/test_certificate_properties.py::test_certificate_has_extensions PASSED [ 57%]
crypto/test_certificate_properties.py::test_certificate_basic_constraints PASSED [ 58%]
crypto/test_certificate_properties.py::test_certificate_key_usage PASSED [ 59%]
crypto/test_certificate_properties.py::test_certificate_extended_key_usage PASSED [ 60%]
crypto/test_certificate_properties.py::test_certificate_subject_empty_fallback PASSED [ 61%]
crypto/test_certificate_properties.py::test_certificate_issuer_empty_fallback PASSED [ 62%]
crypto/test_certificate_properties.py::test_is_ca_extension_not_found PASSED [ 63%]
crypto/test_certificate_properties.py::test_unique_serial_numbers PASSED [ 64%]
crypto/test_certificate_properties.py::test_certificate_hash_uniqueness PASSED [ 65%]
crypto/test_certificate_properties.py::test_certificate_hash_collision PASSED [ 66%]
crypto/test_certificate_verify.py::test_verify_single_certificate_in_trust_chain PASSED [ 67%]
crypto/test_certificate_verify.py::test_verify_certificate_not_in_trust_chain PASSED [ 68%]
crypto/test_certificate_verify.py::test_verify_certificate_chain_error PASSED [ 69%]
crypto/test_certificate_verify.py::test_verify_trust_chain_ordering PASSED [ 70%]
crypto/test_certificate_verify.py::test_verify_bidirectional_trust_chain PASSED [ 71%]
crypto/test_certificate_verify.py::test_verify_empty_trust_chain PASSED  [ 72%]
crypto/test_certificate_verify.py::test_verify_self_trust_chain PASSED   [ 73%]
crypto/test_certificate_verify.py::test_verify_mutual_trust_chain PASSED [ 74%]
crypto/test_certificate_verify.py::test_verify_trust_chain_after_modification PASSED [ 75%]
crypto/test_certificate_verify.py::test_verify_multiple_certificates_in_trust_chain PASSED [ 75%]
crypto/test_certificate_verify.py::test_verify_subject_issuer_relationship PASSED [ 76%]
crypto/test_certificate_verify.py::test_verify_public_key_types PASSED   [ 77%]
crypto/test_certificate_verify.py::test_verify_self_signed_rsa PASSED    [ 78%]
crypto/test_certificate_verify.py::test_verify_self_signed_ec PASSED     [ 79%]
crypto/test_certificate_verify.py::test_verify_unsupported_key_type PASSED [ 80%]
crypto/test_certificate_verify.py::test_self_signed_certificate_verification PASSED [ 81%]
crypto/test_certificate_verify.py::test_corrupt_certificate PASSED       [ 82%]
crypto/test_certificate_verify.py::test_verify_invalid_public_key PASSED [ 83%]
crypto/test_certificate_verify.py::test_certificate_naive_datetime PASSED [ 84%]
crypto/test_certificate_verify.py::test_certificate_mismatched_issuer PASSED [ 85%]
crypto/test_certificate_verify.py::test_certificate_invalid_signature XFAIL [ 86%]
crypto/test_certificate_verify.py::test_certificate_key_usage_extension_failure PASSED [ 87%]
crypto/test_certificate_verify.py::test_certificate_equality PASSED      [ 88%]
crypto/test_crypto.py::test_certificate_verification PASSED              [ 89%]
crypto/test_crypto_generators.py::test_generate_keypair_returns_keypair PASSED [ 90%]
crypto/test_crypto_generators.py::test_generate_keypair_invalid_type PASSED [ 91%]
crypto/test_crypto_generators.py::test_generate_rsa_keypair PASSED       [ 92%]
crypto/test_crypto_generators.py::test_generate_rsa_keypair_backend_failure PASSED [ 93%]
crypto/test_crypto_generators.py::test_generate_invalid_rsa_key_size PASSED [ 94%]
crypto/test_crypto_generators.py::test_generate_ec_keypair PASSED        [ 95%]
crypto/test_crypto_generators.py::test_generate_ec_keypair_invalid_curve PASSED [ 96%]
crypto/test_crypto_generators.py::test_generate_ec_keypair_backend_failure PASSED [ 97%]
crypto/test_crypto_generators.py::test_generate_invalid_ec_curve PASSED  [ 98%]
crypto/test_crypto_generators.py::test_generate_unsupported_key_type PASSED [ 99%]
crypto/test_crypto_generators.py::test_key_generation_performance PASSED [100%]

=================================== FAILURES ===================================
________________ test_certificate_invalid_trust_chain_signature ________________

    @pytest.mark.asyncio
    async def test_certificate_invalid_trust_chain_signature() -> None:
        """Ensure certificate trust chain fails on signature mismatch."""
        cert1 = Certificate(generate_keypair=True)
        cert2 = Certificate(generate_keypair=True)
    
        cert1.trust_chain.append(cert2)
    
        # Class-level patch for ec.EllipticCurvePublicKey.verify
        with mock.patch('cryptography.hazmat.primitives.asymmetric.ec.EllipticCurvePublicKey.verify',
                        side_effect=Exception("Signature failure")):
>           assert not cert1.verify_trust(cert2), (
                "Verification should fail due to invalid signature"
            )
E           AssertionError: Verification should fail due to invalid signature
E           assert not True
E            +  where True = verify_trust(Certificate(subject='O=HashiCorp,CN=localhost', issuer='O=HashiCorp,CN=localhost', common_name='localhost', valid=True, ca=True, key_type='ecdsa'))
E            +    where verify_trust = Certificate(subject='O=HashiCorp,CN=localhost', issuer='O=HashiCorp,CN=localhost', common_name='localhost', valid=True, ca=True, key_type='ecdsa').verify_trust

../../../tfppf/pyvider-rpcplugin/tests/crypto/test_certificate_chains.py:145: AssertionError
----------------------------- Captured stdout call -----------------------------
2025-05-27 09:35:36 [debug    ] 📜🔑🚀 Certificate.__attrs_post_init__: Generating new keypair. [pyvider.dynamic_call]
2025-05-27 09:35:36 [debug    ] 📜🔑🚀 Generation config: {'common_name': 'localhost', 'organization': 'HashiCorp', 'alt_names': ['localhost'], 'key_type': <KeyType.ECDSA: 'ecdsa'>, 'curve': <CurveType.SECP384R1: 'secp384r1'>, 'key_size': None, 'not_valid_before': datetime.datetime(2025, 5, 26, 16, 35, 36, 978726, tzinfo=datetime.timezone.utc), 'not_valid_after': datetime.datetime(2026, 5, 27, 16, 35, 36, 978726, tzinfo=datetime.timezone.utc)} [pyvider.dynamic_call]
2025-05-27 09:35:36 [debug    ] 📜📝🚀 CertificateBase.create: Starting base creation. [pyvider.dynamic_call]
2025-05-27 09:35:36 [debug    ] 📜⏳✅ CertificateBase.create: Using validity: 2025-05-26 16:35:36.978726+00:00 to 2026-05-27 16:35:36.978726+00:00 [pyvider.dynamic_call]
2025-05-27 09:35:36 [debug    ] 📜🔑🚀 Generating ECDSA key (curve: secp384r1). [pyvider.dynamic_call]
2025-05-27 09:35:36 [debug    ] 📜🔑✅ Generated serial number: 331562797024703675813768697045692376711798554184 [pyvider.dynamic_call]
2025-05-27 09:35:36 [debug    ] 📜📝✅ CertificateBase.create: Base creation complete. [pyvider.dynamic_call]
2025-05-27 09:35:36 [debug    ] 📜📝🚀 _create_x509_certificate: Building certificate. [pyvider.dynamic_call]
2025-05-27 09:35:36 [debug    ] 📜📝✅ Added SANs: ['localhost']  [pyvider.dynamic_call]
2025-05-27 09:35:36 [debug    ] 📜📝✅ Added BasicConstraints, KeyUsage, ExtendedKeyUsage. [pyvider.dynamic_call]
2025-05-27 09:35:36 [debug    ] 📜📝✅ Certificate signed successfully. [pyvider.dynamic_call]
2025-05-27 09:35:36 [debug    ] 📜🔑✅ Certificate.__attrs_post_init__: Generated cert and key. [pyvider.dynamic_call]
2025-05-27 09:35:36 [debug    ] 📜🔑🚀 Certificate.__attrs_post_init__: Generating new keypair. [pyvider.dynamic_call]
2025-05-27 09:35:36 [debug    ] 📜🔑🚀 Generation config: {'common_name': 'localhost', 'organization': 'HashiCorp', 'alt_names': ['localhost'], 'key_type': <KeyType.ECDSA: 'ecdsa'>, 'curve': <CurveType.SECP384R1: 'secp384r1'>, 'key_size': None, 'not_valid_before': datetime.datetime(2025, 5, 26, 16, 35, 36, 982062, tzinfo=datetime.timezone.utc), 'not_valid_after': datetime.datetime(2026, 5, 27, 16, 35, 36, 982062, tzinfo=datetime.timezone.utc)} [pyvider.dynamic_call]
2025-05-27 09:35:36 [debug    ] 📜📝🚀 CertificateBase.create: Starting base creation. [pyvider.dynamic_call]
2025-05-27 09:35:36 [debug    ] 📜⏳✅ CertificateBase.create: Using validity: 2025-05-26 16:35:36.982062+00:00 to 2026-05-27 16:35:36.982062+00:00 [pyvider.dynamic_call]
2025-05-27 09:35:36 [debug    ] 📜🔑🚀 Generating ECDSA key (curve: secp384r1). [pyvider.dynamic_call]
2025-05-27 09:35:36 [debug    ] 📜🔑✅ Generated serial number: 374207854926085892664239348617409725198489927925 [pyvider.dynamic_call]
2025-05-27 09:35:36 [debug    ] 📜📝✅ CertificateBase.create: Base creation complete. [pyvider.dynamic_call]
2025-05-27 09:35:36 [debug    ] 📜📝🚀 _create_x509_certificate: Building certificate. [pyvider.dynamic_call]
2025-05-27 09:35:36 [debug    ] 📜📝✅ Added SANs: ['localhost']  [pyvider.dynamic_call]
2025-05-27 09:35:36 [debug    ] 📜📝✅ Added BasicConstraints, KeyUsage, ExtendedKeyUsage. [pyvider.dynamic_call]
2025-05-27 09:35:36 [debug    ] 📜📝✅ Certificate signed successfully. [pyvider.dynamic_call]
2025-05-27 09:35:36 [debug    ] 📜🔑✅ Certificate.__attrs_post_init__: Generated cert and key. [pyvider.dynamic_call]
2025-05-27 09:35:36 [debug    ] 📜🔍🚀 Verifying trust for cert S/N 374207854926085892664239348617409725198489927925 against chain of S/N 331562797024703675813768697045692376711798554184 [pyvider.dynamic_call]
2025-05-27 09:35:36 [debug    ] 📜🔍✅ Trust verified: Other certificate found in trust chain. [pyvider.dynamic_call]
___________________ test_certificate_trust_chain_validation ____________________

    @pytest.mark.asyncio
    async def test_certificate_trust_chain_validation() -> None:
        """Ensure trust chain verification enforces correct issuer-subject matching."""
        cert1 = Certificate(generate_keypair=True)
        cert2 = Certificate(generate_keypair=True)
    
        cert1.trust_chain.append(cert2)
    
        # Ensure invalid trust chain fails verification
        with mock.patch(
            "cryptography.hazmat.primitives.asymmetric.ec.EllipticCurvePublicKey.verify",
            side_effect=Exception("Signature failure")
        ):
>           assert not cert1.verify_trust(cert2), "Trust chain validation should fail"
E           AssertionError: Trust chain validation should fail
E           assert not True
E            +  where True = verify_trust(Certificate(subject='O=HashiCorp,CN=localhost', issuer='O=HashiCorp,CN=localhost', common_name='localhost', valid=True, ca=True, key_type='ecdsa'))
E            +    where verify_trust = Certificate(subject='O=HashiCorp,CN=localhost', issuer='O=HashiCorp,CN=localhost', common_name='localhost', valid=True, ca=True, key_type='ecdsa').verify_trust

../../../tfppf/pyvider-rpcplugin/tests/crypto/test_certificate_lifecycle.py:101: AssertionError
----------------------------- Captured stdout call -----------------------------
2025-05-27 09:35:39 [debug    ] 📜🔑🚀 Certificate.__attrs_post_init__: Generating new keypair. [pyvider.dynamic_call]
2025-05-27 09:35:39 [debug    ] 📜🔑🚀 Generation config: {'common_name': 'localhost', 'organization': 'HashiCorp', 'alt_names': ['localhost'], 'key_type': <KeyType.ECDSA: 'ecdsa'>, 'curve': <CurveType.SECP384R1: 'secp384r1'>, 'key_size': None, 'not_valid_before': datetime.datetime(2025, 5, 26, 16, 35, 39, 522799, tzinfo=datetime.timezone.utc), 'not_valid_after': datetime.datetime(2026, 5, 27, 16, 35, 39, 522799, tzinfo=datetime.timezone.utc)} [pyvider.dynamic_call]
2025-05-27 09:35:39 [debug    ] 📜📝🚀 CertificateBase.create: Starting base creation. [pyvider.dynamic_call]
2025-05-27 09:35:39 [debug    ] 📜⏳✅ CertificateBase.create: Using validity: 2025-05-26 16:35:39.522799+00:00 to 2026-05-27 16:35:39.522799+00:00 [pyvider.dynamic_call]
2025-05-27 09:35:39 [debug    ] 📜🔑🚀 Generating ECDSA key (curve: secp384r1). [pyvider.dynamic_call]
2025-05-27 09:35:39 [debug    ] 📜🔑✅ Generated serial number: 288835627711078105440467744515075488840145637772 [pyvider.dynamic_call]
2025-05-27 09:35:39 [debug    ] 📜📝✅ CertificateBase.create: Base creation complete. [pyvider.dynamic_call]
2025-05-27 09:35:39 [debug    ] 📜📝🚀 _create_x509_certificate: Building certificate. [pyvider.dynamic_call]
2025-05-27 09:35:39 [debug    ] 📜📝✅ Added SANs: ['localhost']  [pyvider.dynamic_call]
2025-05-27 09:35:39 [debug    ] 📜📝✅ Added BasicConstraints, KeyUsage, ExtendedKeyUsage. [pyvider.dynamic_call]
2025-05-27 09:35:39 [debug    ] 📜📝✅ Certificate signed successfully. [pyvider.dynamic_call]
2025-05-27 09:35:39 [debug    ] 📜🔑✅ Certificate.__attrs_post_init__: Generated cert and key. [pyvider.dynamic_call]
2025-05-27 09:35:39 [debug    ] 📜🔑🚀 Certificate.__attrs_post_init__: Generating new keypair. [pyvider.dynamic_call]
2025-05-27 09:35:39 [debug    ] 📜🔑🚀 Generation config: {'common_name': 'localhost', 'organization': 'HashiCorp', 'alt_names': ['localhost'], 'key_type': <KeyType.ECDSA: 'ecdsa'>, 'curve': <CurveType.SECP384R1: 'secp384r1'>, 'key_size': None, 'not_valid_before': datetime.datetime(2025, 5, 26, 16, 35, 39, 526288, tzinfo=datetime.timezone.utc), 'not_valid_after': datetime.datetime(2026, 5, 27, 16, 35, 39, 526288, tzinfo=datetime.timezone.utc)} [pyvider.dynamic_call]
2025-05-27 09:35:39 [debug    ] 📜📝🚀 CertificateBase.create: Starting base creation. [pyvider.dynamic_call]
2025-05-27 09:35:39 [debug    ] 📜⏳✅ CertificateBase.create: Using validity: 2025-05-26 16:35:39.526288+00:00 to 2026-05-27 16:35:39.526288+00:00 [pyvider.dynamic_call]
2025-05-27 09:35:39 [debug    ] 📜🔑🚀 Generating ECDSA key (curve: secp384r1). [pyvider.dynamic_call]
2025-05-27 09:35:39 [debug    ] 📜🔑✅ Generated serial number: 39661328106396892981333420789247570075006322702 [pyvider.dynamic_call]
2025-05-27 09:35:39 [debug    ] 📜📝✅ CertificateBase.create: Base creation complete. [pyvider.dynamic_call]
2025-05-27 09:35:39 [debug    ] 📜📝🚀 _create_x509_certificate: Building certificate. [pyvider.dynamic_call]
2025-05-27 09:35:39 [debug    ] 📜📝✅ Added SANs: ['localhost']  [pyvider.dynamic_call]
2025-05-27 09:35:39 [debug    ] 📜📝✅ Added BasicConstraints, KeyUsage, ExtendedKeyUsage. [pyvider.dynamic_call]
2025-05-27 09:35:39 [debug    ] 📜📝✅ Certificate signed successfully. [pyvider.dynamic_call]
2025-05-27 09:35:39 [debug    ] 📜🔑✅ Certificate.__attrs_post_init__: Generated cert and key. [pyvider.dynamic_call]
2025-05-27 09:35:39 [debug    ] 📜🔍🚀 Verifying trust for cert S/N 39661328106396892981333420789247570075006322702 against chain of S/N 288835627711078105440467744515075488840145637772 [pyvider.dynamic_call]
2025-05-27 09:35:39 [debug    ] 📜🔍✅ Trust verified: Other certificate found in trust chain. [pyvider.dynamic_call]

---------- coverage: platform darwin, python 3.13.3-final-0 ----------
Name                                                                                               Stmts   Miss Branch BrPart  Cover   Missing
----------------------------------------------------------------------------------------------------------------------------------------------
/REDACTED_ABS_PATH                                6      0      0      0   100%
/REDACTED_ABS_PATH                         4      0      0      0   100%
/REDACTED_ABS_PATH                           303    249     78      0    14%   149, 173-193, 206-224, 242-275, 285-296, 313-445, 462-523, 539-550, 566-574, 587-609, 628-664, 678-687, 705-760
/REDACTED_ABS_PATH                      76     48     18      0    30%   47-50, 55, 65-67, 79-88, 94-106, 118-120, 135-137, 145-157, 168-169, 172, 175-177
/REDACTED_ABS_PATH                           12      0      8      4    80%   25->exit, 26->exit, 27->exit, 28->exit
/REDACTED_ABS_PATH                                258    174    104     12    31%   210-218, 230, 235, 239, 242, 248-250, 256-269, 291-292, 300-304, 330-332, 358-360, 370->373, 400-404, 417-422, 431, 440, 449, 458, 467, 476, 485, 494, 503, 544-616, 634-662, 675-700, 713-732, 745-768, 774-777
/REDACTED_ABS_PATH                         6      0      0      0   100%
/REDACTED_ABS_PATH                    311     36     86     25    84%   231-232, 263, 297, 299, 326, 328, 344->351, 395, 398->400, 432->exit, 440->exit, 447, 455->exit, 461->exit, 467->exit, 473->exit, 506-509, 517-518, 522-527, 532-533, 540-541, 544, 552-553, 557-559, 565, 569, 585-586, 603-607
/REDACTED_ABS_PATH                        8      0      0      0   100%
/REDACTED_ABS_PATH                           93     86     28      0     6%   30-143, 157-191
/REDACTED_ABS_PATH                      22      0      8      0   100%
/REDACTED_ABS_PATH                           14      0      6      3    85%   23->exit, 25->exit, 27->exit
/REDACTED_ABS_PATH                              14      0      0      0   100%
/REDACTED_ABS_PATH                              66     66     16      0     0%   17-226
/REDACTED_ABS_PATH                             249    222     86      0     8%   65-104, 119-132, 144, 158-199, 212-265, 274-315, 335-429, 445-473, 491-549
/REDACTED_ABS_PATH                       6      0      0      0   100%
/REDACTED_ABS_PATH                           3      0      0      0   100%
/REDACTED_ABS_PATH               20      7      2      1    64%   31-37
/REDACTED_ABS_PATH          27     10      2      1    62%   22, 40, 53-55, 59-70, 90
/REDACTED_ABS_PATH           18      5      2      1    70%   31-35
/REDACTED_ABS_PATH      27     10      2      1    62%   22, 40, 53-55, 59-70, 90
/REDACTED_ABS_PATH                20      7      2      1    64%   33-39
/REDACTED_ABS_PATH           28     10      2      1    63%   23, 44, 65-67, 71-82, 105
/REDACTED_ABS_PATH                      124     89     12      0    26%   45-47, 50-54, 57-61, 75, 82-140, 149-150, 154-160, 164-196, 201-202, 213-214, 218-225, 229-239, 244-252
/REDACTED_ABS_PATH                                307    255     58      0    14%   101-120, 135-183, 196, 209-228, 250-285, 299-339, 359-473, 491-531, 540-552, 568-573, 592-649, 658-676
/REDACTED_ABS_PATH                      4      0      0      0   100%
/REDACTED_ABS_PATH                          7      0      2      1    89%   49->exit
/REDACTED_ABS_PATH                         143    117     18      0    16%   30-34, 60-62, 68-91, 99-125, 133-180, 186-194, 202-229
/REDACTED_ABS_PATH                        17      0      6      3    87%   42->exit, 43->exit, 44->exit
/REDACTED_ABS_PATH                        220    190     54      0    11%   28-45, 86-100, 104-129, 133-184, 205-247, 253-285, 289-297, 302-362
/REDACTED_ABS_PATH                                  74     21      0      0    72%   65, 75, 87, 108, 117, 123, 142, 155, 174, 186, 192, 219, 223, 227, 231, 244-245, 257-258, 270-271
----------------------------------------------------------------------------------------------------------------------------------------------
TOTAL                                                                                               2487   1602    600     54    32%

=========================== short test summary info ============================
FAILED crypto/test_certificate_chains.py::test_certificate_invalid_trust_chain_signature
FAILED crypto/test_certificate_lifecycle.py::test_certificate_trust_chain_validation
============= 2 failed, 100 passed, 1 skipped, 1 xfailed in 13.35s =============
