============================= test session starts ==============================
platform darwin -- Python 3.13.3, pytest-8.3.4, pluggy-1.5.0
benchmark: 5.1.0 (defaults: timer=time.perf_counter disable_gc=False min_rounds=5 min_time=0.000005 max_time=1.0 calibration_precision=10 warmup=False warmup_iterations=100000)
rootdir: /REDACTED_ABS_PATH
configfile: pyproject.toml
plugins: cov-6.0.0, hypothesis-6.127.1, testmon-2.1.3, asyncio-0.25.3, anyio-4.8.0, typeguard-2.13.3, benchmark-5.1.0, trace-1.0.0, xdist-3.6.1
asyncio: mode=Mode.AUTO, asyncio_default_fixture_loop_scope=function
collected 61 items

handshake/test_handshake_certificate.py::test_rebuild_x509_pem PASSED    [  1%]
handshake/test_handshake_certificate.py::test_handshake_certificate_stripping PASSED [  3%]
handshake/test_handshake_certificate.py::test_handshake_with_invalid_certificate PASSED [  4%]
handshake/test_handshake_integration.py::test_build_handshake_response_unix PASSED [  6%]
handshake/test_handshake_integration.py::test_build_handshake_response_with_certificate PASSED [  8%]
handshake/test_handshake_integration.py::test_full_handshake_cycle PASSED [  9%]
handshake/test_handshake_integration.py::test_server_handshake_integration FAILED [ 11%]
handshake/test_handshake_integration.py::test_certificate_handling_in_handshake PASSED [ 13%]
handshake/test_handshake_magic_cookie.py::test_validate_magic_cookie_valid PASSED [ 14%]
handshake/test_handshake_magic_cookie.py::test_validate_magic_cookie_invalid PASSED [ 16%]
handshake/test_handshake_magic_cookie.py::test_validate_magic_cookie_failures[PLUGIN_MAGIC_COOKIE-invalid_cookie-cookie_provided does not match required cookie_value] PASSED [ 18%]
handshake/test_handshake_magic_cookie.py::test_validate_magic_cookie_failures[None-None-] PASSED [ 19%]
handshake/test_handshake_magic_cookie.py::test_validate_magic_cookie_failures[PLUGIN_MAGIC_COOKIE-None-cookie not provided] PASSED [ 21%]
handshake/test_handshake_magic_cookie.py::test_validate_magic_cookie_failures[None-hello-cookie_key not found] PASSED [ 22%]
handshake/test_handshake_magic_cookie.py::test_validate_magic_cookie_missing_still_raises PASSED [ 24%]
handshake/test_handshake_magic_cookie.py::test_validate_magic_cookie[PLUGIN_MAGIC_COOKIE_KEY-PLUGIN_MAGIC_COOKIE_VALUE-PLUGIN_MAGIC_COOKIE_VALUE-False-None] PASSED [ 26%]
handshake/test_handshake_magic_cookie.py::test_validate_magic_cookie[None-None-None-True-cookie_key not found] PASSED [ 27%]
handshake/test_handshake_magic_cookie.py::test_validate_magic_cookie[PLUGIN_MAGIC_COOKIE_KEY-some_expected-different_cookie-True-cookie_provided does not match required cookie_value] PASSED [ 29%]
handshake/test_handshake_magic_cookie.py::test_validate_magic_cookie_explicit_args PASSED [ 31%]
handshake/test_handshake_negotiation.py::test_negotiate_protocol_version_valid PASSED [ 32%]
handshake/test_handshake_negotiation.py::test_negotiate_protocol_version_no_common_version PASSED [ 34%]
handshake/test_handshake_negotiation.py::test_negotiate_protocol_version_empty_list PASSED [ 36%]
handshake/test_handshake_negotiation.py::test_negotiate_transport_valid_tcp PASSED [ 37%]
handshake/test_handshake_negotiation.py::test_negotiate_transport_valid_unix PASSED [ 39%]
handshake/test_handshake_negotiation.py::test_negotiate_transport_no_common_transport PASSED [ 40%]
handshake/test_handshake_negotiation.py::test_negotiate_transport_empty_list PASSED [ 42%]
handshake/test_handshake_negotiation.py::test_negotiate_transport_prefers_unix PASSED [ 44%]
handshake/test_handshake_network.py::test_negotiate_transport_no_options PASSED [ 45%]
handshake/test_handshake_network.py::test_negotiate_transport_tcp PASSED [ 47%]
handshake/test_handshake_network.py::test_negotiate_transport_unix PASSED [ 49%]
handshake/test_handshake_network.py::test_negotiate_transport_multiple_options PASSED [ 50%]
handshake/test_handshake_network.py::test_negotiate_transport_invalid_options PASSED [ 52%]
handshake/test_handshake_network.py::test_negotiate_transport_exception_handling PASSED [ 54%]
handshake/test_handshake_network.py::test_pem_rebuilding FAILED          [ 55%]
handshake/test_handshake_process_io.py::test_read_handshake_response_complete_line PASSED [ 57%]
handshake/test_handshake_process_io.py::test_read_handshake_response_multiple_attempts PASSED [ 59%]
handshake/test_handshake_process_io.py::test_read_handshake_response_process_exit PASSED [ 60%]
handshake/test_handshake_process_io.py::test_read_handshake_response_timeout PASSED [ 62%]
handshake/test_handshake_process_io.py::test_create_stderr_relay PASSED  [ 63%]
handshake/test_handshake_process_io.py::test_parse_and_validate_handshake_valid[1|6|tcp|127.0.0.1:8000|grpc|-expected0] PASSED [ 65%]
handshake/test_handshake_process_io.py::test_parse_and_validate_handshake_valid[1|7|unix|/tmp/socket.sock|grpc|abc123-expected1] PASSED [ 67%]
handshake/test_handshake_process_io.py::test_parse_and_validate_handshake_invalid[-Failed to parse handshake] PASSED [ 68%]
handshake/test_handshake_process_io.py::test_parse_and_validate_handshake_invalid[1|2|3-Invalid handshake format] PASSED [ 70%]
handshake/test_handshake_process_io.py::test_parse_and_validate_handshake_invalid[1|2|invalid|127.0.0.1:8000|grpc|-Invalid network type] PASSED [ 72%]
handshake/test_handshake_process_io.py::test_parse_and_validate_handshake_invalid[1|2|tcp||grpc|-Empty address in handshake] PASSED [ 73%]
handshake/test_handshake_process_io.py::test_parse_and_validate_handshake_invalid[1|2|tcp|127.0.0.1:8000|invalid|-Unsupported protocol] PASSED [ 75%]
handshake/test_handshake_responses.py::test_build_handshake_response_with_tls PASSED [ 77%]
handshake/test_handshake_responses.py::test_build_handshake_response_without_tls[tcp] PASSED [ 78%]
handshake/test_handshake_responses.py::test_build_handshake_response_without_tls[unix] PASSED [ 80%]
handshake/test_handshake_responses.py::test_build_handshake_response_invalid_transport PASSED [ 81%]
handshake/test_handshake_responses.py::test_parse_handshake_response_with_tls PASSED [ 83%]
handshake/test_handshake_responses.py::test_parse_handshake_response_without_tls PASSED [ 85%]
handshake/test_handshake_responses.py::test_parse_handshake_response_invalid_format PASSED [ 86%]
handshake/test_handshake_responses.py::test_parse_handshake_response_missing_fields PASSED [ 88%]
handshake/test_handshake_responses.py::test_parse_handshake_response_empty PASSED [ 90%]
handshake/test_handshake_responses.py::test_parse_handshake_response_excessive_fields PASSED [ 91%]
handshake/test_handshake_responses.py::test_parse_handshake_response_invalid_protocol_version PASSED [ 93%]
handshake/test_handshake_responses.py::test_build_handshake_response_missing_port PASSED [ 95%]
handshake/test_handshake_utils.py::test_is_valid_tcp_endpoint FAILED     [ 96%]
handshake/test_handshake_utils.py::test_is_valid_handshake_parts PASSED  [ 98%]
handshake/test_handshake_utils.py::test_handshake_config_attrs PASSED    [100%]

=================================== FAILURES ===================================
______________________ test_server_handshake_integration _______________________

fut = <coroutine object Event.wait at 0x1075dcf20>, timeout = 5

    async def wait_for(fut, timeout):
        """Wait for the single Future or coroutine to complete, with timeout.
    
        Coroutine will be wrapped in Task.
    
        Returns result of the Future or coroutine.  When a timeout occurs,
        it cancels the task and raises TimeoutError.  To avoid the task
        cancellation, wrap it in shield().
    
        If the wait is cancelled, the task is also cancelled.
    
        If the task suppresses the cancellation and returns a value instead,
        that value is returned.
    
        This function is a coroutine.
        """
        # The special case for timeout <= 0 is for the following case:
        #
        # async def test_waitfor():
        #     func_started = False
        #
        #     async def func():
        #         nonlocal func_started
        #         func_started = True
        #
        #     try:
        #         await asyncio.wait_for(func(), 0)
        #     except asyncio.TimeoutError:
        #         assert not func_started
        #     else:
        #         assert False
        #
        # asyncio.run(test_waitfor())
    
    
        if timeout is not None and timeout <= 0:
            fut = ensure_future(fut)
    
            if fut.done():
                return fut.result()
    
            await _cancel_and_wait(fut)
            try:
                return fut.result()
            except exceptions.CancelledError as exc:
                raise TimeoutError from exc
    
        async with timeouts.timeout(timeout):
>           return await fut

/REDACTED_ABS_PATH:507: 
_ _ _ _ _ _ _ _ _ _ _ _ _ _ _ _ _ _ _ _ _ _ _ _ _ _ _ _ _ _ _ _ _ _ _ _ _ _ _ _ 

self = <asyncio.locks.Event object at 0x1076456a0 [unset]>

    async def wait(self):
        """Block until the internal flag is true.
    
        If the internal flag is true on entry, return True
        immediately.  Otherwise, block until another task calls
        set() to set the flag to true, then return True.
        """
        if self._value:
            return True
    
        fut = self._get_loop().create_future()
        self._waiters.append(fut)
        try:
>           await fut
E           asyncio.exceptions.CancelledError

/REDACTED_ABS_PATH:213: CancelledError

The above exception was the direct cause of the following exception:

setup_environment = None
mock_protocol = <tests.handshake.test_handshake_integration.MockProtocol object at 0x1076246e0>
mock_handler = <MagicMock id='4418851840'>

    @pytest.mark.asyncio
    async def test_server_handshake_integration(setup_environment, mock_protocol, mock_handler):
        """Test integration of handshake with the server."""
        # Patch sys.stdout to capture handshake output
        with patch('sys.stdout.buffer.write') as mock_write, \
             patch('sys.stdout.buffer.flush') as mock_flush, \
             patch('pyvider.rpcplugin.server.GRPCServer') as mock_grpc_server:
    
            # Setup mocks
            mock_server = MagicMock()
            mock_server.add_insecure_port.return_value = 8080
            mock_server.start = AsyncMock()
            mock_server.stop = AsyncMock()
            mock_server.wait_closed = AsyncMock()
            mock_grpc_server.return_value = mock_server
    
            # Create server with Unix transport
            socket_path = os.path.join(tempfile.gettempdir(), f"test_socket_{os.getpid()}.sock")
            transport = UnixSocketTransport(path=socket_path)
    
            server = RPCPluginServer(
                protocol=mock_protocol,
                handler=mock_handler,
                transport=transport
            )
    
            # Start the server in a task that we'll cancel
            server_task = asyncio.create_task(server.serve())
    
            try:
                # Wait for the server to be ready
>               await asyncio.wait_for(server._serving_event.wait(), timeout=5)

handshake/test_handshake_integration.py:195: 
_ _ _ _ _ _ _ _ _ _ _ _ _ _ _ _ _ _ _ _ _ _ _ _ _ _ _ _ _ _ _ _ _ _ _ _ _ _ _ _ 
/REDACTED_ABS_PATH:506: in wait_for
    async with timeouts.timeout(timeout):
_ _ _ _ _ _ _ _ _ _ _ _ _ _ _ _ _ _ _ _ _ _ _ _ _ _ _ _ _ _ _ _ _ _ _ _ _ _ _ _ 

self = <Timeout [expired]>
exc_type = <class 'asyncio.exceptions.CancelledError'>
exc_val = CancelledError(), exc_tb = <traceback object at 0x10766e440>

    async def __aexit__(
        self,
        exc_type: Optional[Type[BaseException]],
        exc_val: Optional[BaseException],
        exc_tb: Optional[TracebackType],
    ) -> Optional[bool]:
        assert self._state in (_State.ENTERED, _State.EXPIRING)
    
        if self._timeout_handler is not None:
            self._timeout_handler.cancel()
            self._timeout_handler = None
    
        if self._state is _State.EXPIRING:
            self._state = _State.EXPIRED
    
            if self._task.uncancel() <= self._cancelling and exc_type is not None:
                # Since there are no new cancel requests, we're
                # handling this.
                if issubclass(exc_type, exceptions.CancelledError):
>                   raise TimeoutError from exc_val
E                   TimeoutError

/REDACTED_ABS_PATH:116: TimeoutError

During handling of the above exception, another exception occurred:

setup_environment = None
mock_protocol = <tests.handshake.test_handshake_integration.MockProtocol object at 0x1076246e0>
mock_handler = <MagicMock id='4418851840'>

    @pytest.mark.asyncio
    async def test_server_handshake_integration(setup_environment, mock_protocol, mock_handler):
        """Test integration of handshake with the server."""
        # Patch sys.stdout to capture handshake output
        with patch('sys.stdout.buffer.write') as mock_write, \
             patch('sys.stdout.buffer.flush') as mock_flush, \
             patch('pyvider.rpcplugin.server.GRPCServer') as mock_grpc_server:
    
            # Setup mocks
            mock_server = MagicMock()
            mock_server.add_insecure_port.return_value = 8080
            mock_server.start = AsyncMock()
            mock_server.stop = AsyncMock()
            mock_server.wait_closed = AsyncMock()
            mock_grpc_server.return_value = mock_server
    
            # Create server with Unix transport
            socket_path = os.path.join(tempfile.gettempdir(), f"test_socket_{os.getpid()}.sock")
            transport = UnixSocketTransport(path=socket_path)
    
            server = RPCPluginServer(
                protocol=mock_protocol,
                handler=mock_handler,
                transport=transport
            )
    
            # Start the server in a task that we'll cancel
            server_task = asyncio.create_task(server.serve())
    
            try:
                # Wait for the server to be ready
                await asyncio.wait_for(server._serving_event.wait(), timeout=5)
    
                # Verify handshake output was written to stdout
                assert mock_write.called
    
                # Get the handshake data
                handshake_data = mock_write.call_args[0][0].decode('utf-8').strip()
                assert '|' in handshake_data
    
                # Parse the handshake
                parts = handshake_data.split('|')
                assert len(parts) == 6
                assert parts[0] == '1'  # Core version
                assert int(parts[1]) in range(1, 8)  # Protocol version
                assert parts[2] in ['unix', 'tcp']  # Transport
                assert parts[4] == 'grpc'  # Protocol
    
            finally:
                # Clean up
                server_task.cancel()
                with pytest.raises(asyncio.CancelledError):
>                   await server_task

handshake/test_handshake_integration.py:216: 
_ _ _ _ _ _ _ _ _ _ _ _ _ _ _ _ _ _ _ _ _ _ _ _ _ _ _ _ _ _ _ _ _ _ _ _ _ _ _ _ 
../src/pyvider/rpcplugin/server.py:597: in serve
    await self._setup_server(client_cert)
_ _ _ _ _ _ _ _ _ _ _ _ _ _ _ _ _ _ _ _ _ _ _ _ _ _ _ _ _ _ _ _ _ _ _ _ _ _ _ _ 

self = RPCPluginServer(protocol=<tests.handshake.test_handshake_integration.MockProtocol object at 0x1076246e0>, handler=<Mag...nt object at 0x1076456a0 [unset]>, _shutdown_event=<asyncio.locks.Event object at 0x107659050 [unset]>, _instance=None)
client_cert = None

    async def _setup_server(self, client_cert: str | None) -> None:
        """
        Sets up the gRPC server instance and registers the provider service.
    
        This method:
        1. Creates a gRPC server with optimized options
        2. Registers the protocol service and handler
        3. Configures TLS if needed
        4. Binds to the transport endpoint
        5. Starts the server
    
        Args:
            client_cert: Client certificate for mTLS, or None for insecure mode
    
        Raises:
            RuntimeError: If protocol service registration fails
            TransportError: If server setup or binding fails
        """
        logger.debug("🛎️ Setting up gRPC server instance...")
        try:
            self._server = GRPCServer(
                options=[
                    ("grpc.ssl_target_name_override", "localhost"),
                    ("grpc.use_local_subchannel_pool", 1),
                    ("grpc.max_receive_message_length", 16 * 1024 * 1024),
                    ("grpc.max_send_message_length", 16 * 1024 * 1024),
                    ("grpc.keepalive_time_ms", 10000),
                    ("grpc.keepalive_timeout_ms", 5000),
                    ("grpc.keepalive_permit_without_calls", True),
                    ("grpc.http2.max_pings_without_data", 0),
                    ("grpc.http2.min_time_between_pings_ms", 10000),
                    ("grpc.http2.min_ping_interval_without_data_ms", 5000),
                ]
            )
            logger.debug("🛎️ gRPC server instance created.")
        except Exception as e:
            logger.error(
                "🛎️❌ gRPC server setup failed",
                extra={"error": str(e), "trace": traceback.format_exc()},
            )
            raise
    
        try:
            logger.debug("🛎️ Registering protocol service to gRPC server...")
            # If protocol is callable, instantiate it.
            proto = self.protocol() if callable(self.protocol) else self.protocol
            if not hasattr(proto, "add_to_server"):
                raise AttributeError("Protocol instance lacks 'add_to_server'")
    
            await proto.add_to_server(handler=self.handler, server=self._server)
    
            register_protocol_service(
                server=self._server, shutdown_event=self._shutdown_event
            )
    
            self.protocol = proto
            logger.debug("🛎️ Protocol service registered successfully.")
        except Exception as e:
            logger.error(
                "🛎️❌ Failed to register protocol service", extra={"error": str(e)}
            )
            raise RuntimeError(f"Protocol service registration failed: {e}") from e
    
        try:
            if client_cert:
                logger.debug("🛎️ mTLS enabled – configuring TLS credentials.")
                creds = self._generate_server_credentials(client_cert)
            else:
                creds = None
                logger.debug("🛎️ Insecure mode – no TLS credentials used.")
        except Exception as e:
            logger.error("🛎️❌ Error during mTLS configuration", extra={"error": str(e)})
            raise
    
        try:
            bind_address = (
                rpcplugin_config.get("PLUGIN_SERVER_ENDPOINT") or "127.0.0.1:0"
            )
            if isinstance(self._transport, UnixSocketTransport):
                logger.debug("🛎️ Using Unix socket transport; listening on socket...")
                await self._transport.listen()
                socket_path = f"unix:{self._transport.path}"
                port = (
                    self._server.add_secure_port(socket_path, creds)
                    if creds
                    else self._server.add_insecure_port(socket_path)
                )
                logger.debug(f"🛎️ Bound to Unix socket at {socket_path}.")
            else:
                if bind_address.startswith("tcp:"):
                    logger.debug(f"🛎️ TCP address before stripping: {bind_address}")
                    bind_address = bind_address[len("tcp:") :]
                logger.debug(f"🛎️ Binding to TCP address: {bind_address}")
                port = (
                    self._server.add_secure_port(bind_address, creds)
                    if creds
                    else self._server.add_insecure_port(bind_address)
                )
                self._port = port
                logger.debug(f"🛎️ Bound to TCP port: {port}.")
            await self._server.start()
            logger.debug("🛎️ gRPC server started successfully.")
        except Exception as e:
            logger.error(
                "🛎️❌ gRPC server failed to start",
                extra={"error": str(e), "trace": traceback.format_exc()},
            )
            raise
    
        try:
            if isinstance(self._transport, UnixSocketTransport):
                if not os.path.exists(self._transport.path):
                    error_msg = f"Socket file {self._transport.path} not created."
                    logger.error("🛎️❌ " + error_msg)
                    raise TransportError(error_msg)
                mode = os.stat(self._transport.path).st_mode
                if not (
                    mode & stat.S_IRWXU and mode & stat.S_IRWXG and mode & stat.S_IRWXO
                ):
                    error_msg = (
                        f"Socket file {self._transport.path} has incorrect permissions."
                    )
                    logger.error("🛎️❌ " + error_msg)
>                   raise TransportError(error_msg)
E                   pyvider.rpcplugin.exception.TransportError: Socket file /REDACTED_TMP has incorrect permissions.

../src/pyvider/rpcplugin/server.py:464: TransportError
_____________________________ test_pem_rebuilding ______________________________

    def test_pem_rebuilding():
        """Test certificate PEM rebuilding."""
        # We'll test the function directly rather than through a class instance
>       from pyvider.rpcplugin.handshake import _rebuild_x509_pem
E       ImportError: cannot import name '_rebuild_x509_pem' from 'pyvider.rpcplugin.handshake' (/REDACTED_ABS_PATH)

handshake/test_handshake_network.py:87: ImportError
__________________________ test_is_valid_tcp_endpoint __________________________

    def test_is_valid_tcp_endpoint():
    
        # Valid endpoints
        assert is_valid_tcp_endpoint("localhost:8080") is True
        assert is_valid_tcp_endpoint("127.0.0.1:1234") is True
        assert is_valid_tcp_endpoint("example.com:443") is True
    
        # Invalid endpoints
        assert is_valid_tcp_endpoint("localhost") is False  # Missing port
        assert is_valid_tcp_endpoint("localhost:") is False  # Empty port
        assert is_valid_tcp_endpoint("localhost:abc") is False  # Non-numeric port
>       assert is_valid_tcp_endpoint(":8080") is False  # Empty host
E       AssertionError: assert True is False
E        +  where True = is_valid_tcp_endpoint(':8080')

handshake/test_handshake_utils.py:25: AssertionError

---------- coverage: platform darwin, python 3.13.3-final-0 ----------
Name                                                                                               Stmts   Miss Branch BrPart  Cover   Missing
----------------------------------------------------------------------------------------------------------------------------------------------
/REDACTED_ABS_PATH                                6      0      0      0   100%
/REDACTED_ABS_PATH                         4      0      0      0   100%
/REDACTED_ABS_PATH                           303    249     78      0    14%   149, 173-193, 206-224, 242-275, 285-296, 313-445, 462-523, 539-550, 566-574, 587-609, 628-664, 678-687, 705-760
/REDACTED_ABS_PATH                      76     48     18      0    30%   47-50, 55, 65-67, 79-88, 94-106, 118-120, 135-137, 145-157, 168-169, 172, 175-177
/REDACTED_ABS_PATH                           12      0      8      4    80%   25->exit, 26->exit, 27->exit, 28->exit
/REDACTED_ABS_PATH                                258    167    104     13    33%   210-218, 230, 235, 239, 242, 248-250, 256-269, 291-292, 300-304, 330-332, 358-360, 370->373, 402, 417-422, 458, 467, 476, 485, 494, 503, 544-616, 634-662, 675-700, 713-732, 745-768, 774-777
/REDACTED_ABS_PATH                         6      0      0      0   100%
/REDACTED_ABS_PATH                    311    160     86     12    41%   88, 90, 99-101, 109-110, 131-137, 216, 222, 231-234, 263, 269-318, 326, 328, 344->351, 381-386, 391-416, 422, 427, 432-435, 440-450, 455-456, 461-462, 467-468, 473-474, 480-512, 516-559, 564-576, 581-591, 598-609
/REDACTED_ABS_PATH                        8      0      0      0   100%
/REDACTED_ABS_PATH                           93     86     28      0     6%   30-143, 157-191
/REDACTED_ABS_PATH                      22     11      8      0    37%   20, 26, 57-72
/REDACTED_ABS_PATH                           14      0      6      3    85%   23->exit, 25->exit, 27->exit
/REDACTED_ABS_PATH                              14      0      0      0   100%
/REDACTED_ABS_PATH                              66     66     16      0     0%   17-226
/REDACTED_ABS_PATH                             249     44     86     13    79%   185-186, 224-225, 231-232, 277, 290-293, 299-300, 304->306, 336, 349->355, 352-353, 385-416, 423->429, 426-427, 446-447, 452->468, 457-463, 506-508, 531->535
/REDACTED_ABS_PATH                       6      0      0      0   100%
/REDACTED_ABS_PATH                           3      0      0      0   100%
/REDACTED_ABS_PATH               20      7      2      1    64%   31-37
/REDACTED_ABS_PATH          27      6      2      1    76%   22, 40, 53-55, 90
/REDACTED_ABS_PATH           18      5      2      1    70%   31-35
/REDACTED_ABS_PATH      27      6      2      1    76%   22, 40, 53-55, 90
/REDACTED_ABS_PATH                20      7      2      1    64%   33-39
/REDACTED_ABS_PATH           28      6      2      1    77%   23, 44, 65-67, 105
/REDACTED_ABS_PATH                      124     77     12      0    35%   45-47, 50-54, 57-61, 82-140, 154-160, 164-196, 201-202, 218-225, 229-239
/REDACTED_ABS_PATH                                307    177     58     10    39%   113-118, 135-183, 196, 212-215, 220, 225-228, 250-285, 299-339, 376-381, 388, 398-402, 406-407, 411-413, 430-440, 443-448, 451->exit, 453-455, 465, 503-504, 514-518, 526-531, 547-552, 568-573, 605-649, 658-676
/REDACTED_ABS_PATH                      4      0      0      0   100%
/REDACTED_ABS_PATH                          7      0      2      1    89%   49->exit
/REDACTED_ABS_PATH                         143    103     18      2    27%   68-91, 99-125, 133-180, 186-194, 207-214, 218-226
/REDACTED_ABS_PATH                        17      0      6      3    87%   42->exit, 43->exit, 44->exit
/REDACTED_ABS_PATH                        220    138     54     13    35%   32, 37-38, 39->44, 107-129, 135-136, 141-142, 146->155, 150-152, 156-164, 182-184, 205-247, 253-285, 289-297, 305-306, 315-318, 322-324, 328-335, 340-358
/REDACTED_ABS_PATH                                  74     21      0      0    72%   65, 75, 87, 108, 117, 123, 142, 155, 174, 186, 192, 219, 223, 227, 231, 244-245, 257-258, 270-271
----------------------------------------------------------------------------------------------------------------------------------------------
TOTAL                                                                                               2487   1384    600     80    41%

=========================== short test summary info ============================
FAILED handshake/test_handshake_integration.py::test_server_handshake_integration
FAILED handshake/test_handshake_network.py::test_pem_rebuilding - ImportError...
FAILED handshake/test_handshake_utils.py::test_is_valid_tcp_endpoint - Assert...
======================== 3 failed, 58 passed in 13.28s =========================
