============================= test session starts ==============================
platform darwin -- Python 3.13.3, pytest-8.3.4, pluggy-1.5.0
benchmark: 5.1.0 (defaults: timer=time.perf_counter disable_gc=False min_rounds=5 min_time=0.000005 max_time=1.0 calibration_precision=10 warmup=False warmup_iterations=100000)
rootdir: /REDACTED_ABS_PATH
configfile: pyproject.toml
plugins: cov-6.0.0, hypothesis-6.127.1, testmon-2.1.3, asyncio-0.25.3, anyio-4.8.0, typeguard-2.13.3, benchmark-5.1.0, trace-1.0.0, xdist-3.6.1
asyncio: mode=Mode.AUTO, asyncio_default_fixture_loop_scope=function
collected 58 items

server/test_server_critical.py::test_stdio_put_line_exception_line123 PASSED [  1%]
server/test_server_critical.py::test_controller_delayed_shutdown_unix_line212 PASSED [  3%]
server/test_server_critical.py::test_controller_delayed_shutdown_windows_line212 PASSED [  5%]
server/test_server_handshake.py::test_server_handshake_invalid_cookie[tcp] PASSED [  6%]
server/test_server_handshake.py::test_server_handshake_invalid_cookie[unix] PASSED [  8%]
server/test_server_handshake.py::test_server_handshake_missing_env PASSED [ 10%]
server/test_server_handshake.py::test_negotiate_handshake_with_provided_transport[tcp] PASSED [ 12%]
server/test_server_handshake.py::test_negotiate_handshake_with_provided_transport[unix] PASSED [ 13%]
server/test_server_handshake.py::test_negotiate_handshake_via_negotiation[tcp] PASSED [ 15%]
server/test_server_handshake.py::test_negotiate_handshake_via_negotiation[unix] PASSED [ 17%]
server/test_server_handshake.py::test_negotiate_handshake_provided_tcp_transport[tcp] PASSED [ 18%]
server/test_server_handshake.py::test_negotiate_handshake_provided_tcp_transport[unix] PASSED [ 20%]
server/test_server_handshake.py::test_negotiate_handshake_from_config[tcp] PASSED [ 22%]
server/test_server_handshake.py::test_negotiate_handshake_from_config[unix] PASSED [ 24%]
server/test_server_lifecycle.py::test_serve_success[tcp] FAILED          [ 25%]
server/test_server_lifecycle.py::test_serve_success[unix] FAILED         [ 27%]
server/test_server_lifecycle.py::test_server_serve_runtime_error[tcp] PASSED [ 29%]
server/test_server_lifecycle.py::test_server_serve_runtime_error[unix] PASSED [ 31%]
server/test_server_lifecycle.py::test_serve_error PASSED                 [ 32%]
server/test_server_lifecycle.py::test_wait_for_server_ready PASSED       [ 34%]
server/test_server_lifecycle.py::test_stop_success PASSED                [ 36%]
server/test_server_lifecycle.py::test_stop_handles_exceptions PASSED     [ 37%]
server/test_server_lifecycle.py::test_server_stop_clean_destructor PASSED [ 39%]
server/test_server_lifecycle.py::test_serve_and_stop_no_unawaited_warning[tcp] PASSED [ 41%]
server/test_server_lifecycle.py::test_serve_and_stop_no_unawaited_warning[unix] PASSED [ 43%]
server/test_server_signals.py::test_server_signal_handling[tcp] PASSED   [ 44%]
server/test_server_signals.py::test_server_signal_handling[unix] PASSED  [ 46%]
server/test_server_signals.py::test_register_signal_handlers_success PASSED [ 48%]
server/test_server_signals.py::test_register_signal_handlers_not_supported PASSED [ 50%]
server/test_server_signals.py::test_shutdown_requested PASSED            [ 51%]
server/test_server_tls.py::test_server_starts_insecurely_5[tcp] SKIPPED  [ 53%]
server/test_server_tls.py::test_server_starts_insecurely_5[unix] SKIPPED [ 55%]
server/test_server_tls.py::test_read_client_cert_present[tcp] PASSED     [ 56%]
server/test_server_tls.py::test_read_client_cert_present[unix] PASSED    [ 58%]
server/test_server_tls.py::test_generate_server_credentials_insecure[tcp] PASSED [ 60%]
server/test_server_tls.py::test_generate_server_credentials_insecure[unix] PASSED [ 62%]
server/test_server_tls.py::test_generate_server_credentials_success[tcp] SKIPPED [ 63%]
server/test_server_tls.py::test_generate_server_credentials_success[unix] SKIPPED [ 65%]
server/test_server_tls.py::test_generate_server_credentials_failure[tcp] PASSED [ 67%]
server/test_server_tls.py::test_generate_server_credentials_failure[unix] PASSED [ 68%]
server/test_server_tls.py::test_generate_server_credentials_secure PASSED [ 70%]
server/test_server_tls.py::test_read_client_cert_absent PASSED           [ 72%]
server/test_server_tls.py::test_generate_server_credentials_with_client_cert PASSED [ 74%]
server/test_server_tls.py::test_server_starts_insecurely_A_1[tcp] SKIPPED [ 75%]
server/test_server_tls.py::test_server_starts_insecurely_A_1[unix] SKIPPED [ 77%]
server/test_server_tls.py::test_generate_server_credentials_success_A_2[tcp] PASSED [ 79%]
server/test_server_tls.py::test_generate_server_credentials_success_A_2[unix] PASSED [ 81%]
server/test_server_transport.py::test_setup_server_unix_success_insecure PASSED [ 82%]
server/test_server_transport.py::test_setup_server_unix_no_socket PASSED [ 84%]
server/test_server_transport.py::test_setup_server_unix_bad_permissions PASSED [ 86%]
server/test_server_transport.py::test_setup_server_unix_success_secure SKIPPED [ 87%]
server/test_server_transport.py::test_setup_server_exception_1 PASSED    [ 89%]
server/test_server_transport.py::test_setup_server_exception_2 PASSED    [ 91%]
server/test_server_transport.py::test_setup_server_exception_3 SKIPPED   [ 93%]
server/test_server_transport.py::test_setup_server_unix_no_socket_linux_1 SKIPPED [ 94%]
server/test_server_transport.py::test_setup_server_unix_no_socket_2[macos] SKIPPED [ 96%]
server/test_server_transport.py::test_setup_server_unix_no_socket_2[linux] SKIPPED [ 98%]
server/test_server_transport.py::test_setup_server_tcp_success FAILED    [100%]

=================================== FAILURES ===================================
___________________________ test_serve_success[tcp] ____________________________

monkeypatch = <_pytest.monkeypatch.MonkeyPatch object at 0x103e88d50>
mock_server_protocol = <tests.fixtures.mocks.MockProtocol object at 0x103f43020>
mock_server_handler = <tests.fixtures.mocks.MockHandler object at 0x103f43890>
mock_server_config = <pyvider.rpcplugin.config.RPCPluginConfig object at 0x103f2e350>
mock_server_transport = TCPSocketTransport(host='127.0.0.1', port=58972, _server=None, _writer=None, _reader=None, endpoint=None, _connections=set(), _running=False, _connection_attempts=0, _transport_name='tcp')

    @pytest.mark.asyncio
    async def test_serve_success(
        monkeypatch,
        mock_server_protocol,
        mock_server_handler,
        mock_server_config,
        mock_server_transport,
    ) -> None:
        """Test server serve method with proper stdout handling."""
        test_transport = mock_server_transport
    
        server = RPCPluginServer(
            protocol=mock_server_protocol,
            handler=mock_server_handler,
            config=mock_server_config,
            transport=test_transport,
        )
    
        # Set up a completed future for _serving_future
        fut = asyncio.Future()
        fut.set_result(None)
        server._serving_future = fut
        server._serving_event = asyncio.Event()
    
        # Create proper mock for negotiate_handshake
        async def dummy_negotiate(self):
            self._protocol_version = 1
            self._transport_name = test_transport._transport_name
            self._transport = test_transport
    
        monkeypatch.setattr(
            server, "_negotiate_handshake", dummy_negotiate.__get__(server, type(server))
        )
    
        # Mock setup_server
        async def dummy_setup(_):
            pass
    
        monkeypatch.setattr(server, "_setup_server", dummy_setup)
    
        # Create async mock for build_handshake_response
        async def dummy_response(*args, **kwargs):
            return "dummy_handshake"
    
        monkeypatch.setattr(
            "pyvider.rpcplugin.server.build_handshake_response",
            dummy_response
        )
    
        # Mock signal handlers
        monkeypatch.setattr(server, "_register_signal_handlers", lambda: None)
    
        # Set up stdout capturing
        fake_stdout = StringIO()
        fake_stdout.buffer = MockBytesIO(fake_stdout)
        monkeypatch.setattr(sys, "stdout", fake_stdout)
    
        # Listen on transport and run serve
        await test_transport.listen()
        await server.serve()
    
        # Check output
        output = fake_stdout.getvalue().strip()
>       assert output == "dummy_handshake"
E       AssertionError: assert '2025-05-27 0...dynamic_call]' == 'dummy_handshake'
E         
E         + 2025-05-27 09:36:24 [debug    ] 🔌🚀🕹: Starting listen() for TCP server... [pyvider.dynamic_call]
E         + 2025-05-27 09:36:24 [info     ] 🔌✅👍: TCP server listening at 127.0.0.1:58972 [pyvider.dynamic_call]
E         + 2025-05-27 09:36:24 [debug    ] 🛎️ Entering serve(); starting server setup... [pyvider.dynamic_call]
E         + 2025-05-27 09:36:24 [debug    ] ⚙️📖 Getting config PLUGIN_CLIENT_CERT = None [pyvider.dynamic_call]
E         + 2025-05-27 09:36:24 [debug    ] ⚙️📖 Getting config PLUGIN_CLIENT_CERT = None [pyvider.dynamic_call]
E         + 2025-05-27 09:36:24 [debug    ] 🛎️🔐⚠️ No client certificate provided; operating insecurely. [pyvider.dynamic_call]...
E         
E         ...Full output truncated (14 lines hidden), use '-vv' to show

server/test_server_lifecycle.py:104: AssertionError
---------------------------- Captured stdout setup -----------------------------
2025-05-27 09:36:23 [debug    ] ⚙️🔄 Building configuration from environment and defaults [pyvider.dynamic_call]
2025-05-27 09:36:23 [debug    ] ⚙️🔍🚀 Validating config SUPPORTED_PROTOCOL_VERSIONS = [1, 2, 3, 4, 5, 6, 7] [pyvider.dynamic_call]
2025-05-27 09:36:23 [debug    ] ⚙️🔍🚀 Validating config PLUGIN_CORE_VERSION = 1 [pyvider.dynamic_call]
2025-05-27 09:36:23 [debug    ] ⚙️🔍🚀 Validating config PLUGIN_LOG_LEVEL = INFO [pyvider.dynamic_call]
2025-05-27 09:36:23 [debug    ] ⚙️🔍🚀 Validating config PLUGIN_MAGIC_COOKIE_KEY = BASIC_PLUGIN [pyvider.dynamic_call]
2025-05-27 09:36:23 [debug    ] ⚙️🔍🚀 Validating config PLUGIN_MAGIC_COOKIE_VALUE = hello [pyvider.dynamic_call]
2025-05-27 09:36:23 [debug    ] ⚙️🔍🚀 Validating config PLUGIN_MAGIC_COOKIE = hello [pyvider.dynamic_call]
2025-05-27 09:36:23 [debug    ] ⚙️🔍🚀 Validating config PLUGIN_PROTOCOL_VERSIONS = [1] [pyvider.dynamic_call]
2025-05-27 09:36:23 [debug    ] ⚙️🔍🚀 Validating config PLUGIN_SERVER_TRANSPORTS = ['unix', 'tcp'] [pyvider.dynamic_call]
2025-05-27 09:36:23 [debug    ] ⚙️🔍🚀 Validating config PLUGIN_SERVER_ENDPOINT = None [pyvider.dynamic_call]
2025-05-27 09:36:23 [debug    ] ⚙️🔍🚀 Validating config PLUGIN_AUTO_MTLS = True [pyvider.dynamic_call]
2025-05-27 09:36:23 [debug    ] ⚙️🔍🚀 Validating config PLUGIN_SERVER_CERT = None [pyvider.dynamic_call]
2025-05-27 09:36:23 [debug    ] ⚙️🔍🚀 Validating config PLUGIN_SERVER_KEY = None [pyvider.dynamic_call]
2025-05-27 09:36:23 [debug    ] ⚙️🔍🚀 Validating config PLUGIN_SERVER_ROOT_CERTS = None [pyvider.dynamic_call]
2025-05-27 09:36:23 [debug    ] ⚙️🔍🚀 Validating config PLUGIN_CLIENT_TRANSPORTS = ['unix', 'tcp'] [pyvider.dynamic_call]
2025-05-27 09:36:23 [debug    ] ⚙️🔍🚀 Validating config PLUGIN_CLIENT_ENDPOINT = None [pyvider.dynamic_call]
2025-05-27 09:36:23 [debug    ] ⚙️🔍🚀 Validating config PLUGIN_CLIENT_CERT = None [pyvider.dynamic_call]
2025-05-27 09:36:23 [debug    ] ⚙️🔍🚀 Validating config PLUGIN_CLIENT_KEY = None [pyvider.dynamic_call]
2025-05-27 09:36:23 [debug    ] ⚙️🔍🚀 Validating config PLUGIN_CLIENT_ROOT_CERTS = None [pyvider.dynamic_call]
2025-05-27 09:36:23 [debug    ] ⚙️🔍🚀 Validating config PLUGIN_HANDSHAKE_TIMEOUT = 10.0 [pyvider.dynamic_call]
2025-05-27 09:36:23 [debug    ] ⚙️🔍🚀 Validating config PLUGIN_CONNECTION_TIMEOUT = 30.0 [pyvider.dynamic_call]
2025-05-27 09:36:23 [debug    ] ⚙️🔍🚀 Validating config PLUGIN_SHOW_EMOJI_MATRIX = True [pyvider.dynamic_call]
2025-05-27 09:36:23 [debug    ] ⚙️✅ Configuration complete with 21 values [pyvider.dynamic_call]
2025-05-27 09:36:23 [debug    ] ⚙️✅ RPCPluginConfig initialized with environment variables [pyvider.dynamic_call]
2025-05-27 09:36:23 [debug    ] ⚙️📝 Updating config PLUGIN_MAGIC_COOKIE_KEY -> PLUGIN_MAGIC_COOKIE [pyvider.dynamic_call]
2025-05-27 09:36:23 [debug    ] ⚙️📝 Updating config PLUGIN_MAGIC_COOKIE_VALUE -> hello [pyvider.dynamic_call]
2025-05-27 09:36:23 [debug    ] ⚙️📝 Updating config PLUGIN_MAGIC_COOKIE -> hello [pyvider.dynamic_call]
2025-05-27 09:36:23 [debug    ] ⚙️📝 Updating config PLUGIN_PROTOCOL_VERSIONS -> [1, 2, 3, 4, 5, 6, 7] [pyvider.dynamic_call]
2025-05-27 09:36:23 [debug    ] ⚙️📝 Updating config PLUGIN_SERVER_TRANSPORTS -> ['tcp', 'unix'] [pyvider.dynamic_call]
2025-05-27 09:36:23 [debug    ] 🧪🔌🐛 mock_server_transport called for transport: tcp [pyvider.dynamic_call]
2025-05-27 09:36:23 [debug    ] 🧪🔌🐛 socket_path: /REDACTED_TMP [pyvider.dynamic_call]
2025-05-27 09:36:23 [debug    ] 🔌🚀✅: TCP transport initialized with host=127.0.0.1, port=0 [pyvider.dynamic_call]
2025-05-27 09:36:23 [debug    ] 🔌🔒🛑: Closing TCP transport at endpoint None [pyvider.dynamic_call]
2025-05-27 09:36:23 [debug    ] 🔌🔒✅: TCP socket transport closed completely [pyvider.dynamic_call]
----------------------------- Captured stdout call -----------------------------
2025-05-27 09:36:24 [debug    ] 🛎️⚙️ Initializing HandshakeConfig from configuration. [pyvider.dynamic_call]
2025-05-27 09:36:24 [debug    ] ⚙️📖 Getting config PLUGIN_MAGIC_COOKIE_KEY = BASIC_PLUGIN [pyvider.dynamic_call]
2025-05-27 09:36:24 [debug    ] ⚙️📖 Getting config PLUGIN_MAGIC_COOKIE_VALUE = hello [pyvider.dynamic_call]
2025-05-27 09:36:24 [debug    ] ⚙️📖 Getting config PLUGIN_PROTOCOL_VERSIONS = [1] [pyvider.dynamic_call]
2025-05-27 09:36:24 [debug    ] ⚙️📖 Getting list config PLUGIN_PROTOCOL_VERSIONS = [1] [pyvider.dynamic_call]
2025-05-27 09:36:24 [debug    ] ⚙️📖 Getting config PLUGIN_SERVER_TRANSPORTS = ['unix', 'tcp'] [pyvider.dynamic_call]
2025-05-27 09:36:24 [debug    ] ⚙️📖 Getting list config PLUGIN_SERVER_TRANSPORTS = ['unix', 'tcp'] [pyvider.dynamic_call]
2025-05-27 09:36:24 [debug    ] 🛎️⚙️ HandshakeConfig set: HandshakeConfig(magic_cookie_key='BASIC_PLUGIN', magic_cookie_value='hello', protocol_versions=[1], supported_transports=['unix', 'tcp']) [pyvider.dynamic_call]
2025-05-27 09:36:24 [info     ] 🛎️ Shutdown signal received; initiating graceful shutdown... [pyvider.dynamic_call]
2025-05-27 09:36:24 [debug    ] 🛎️ Serving future resolved on shutdown request. [pyvider.dynamic_call]
2025-05-27 09:36:24 [debug    ] 🛎️⚙️ Global RPCPluginServer instance set. [pyvider.dynamic_call]
___________________________ test_serve_success[unix] ___________________________

monkeypatch = <_pytest.monkeypatch.MonkeyPatch object at 0x103f2a150>
mock_server_protocol = <tests.fixtures.mocks.MockProtocol object at 0x103f09710>
mock_server_handler = <tests.fixtures.mocks.MockHandler object at 0x103f09ef0>
mock_server_config = <pyvider.rpcplugin.config.RPCPluginConfig object at 0x103f425d0>
mock_server_transport = UnixSocketTransport(path='/REDACTED_TMP', _server=None, _writ...), _running=False, _closing=False, _lock=<asyncio.locks.Lock object at 0x103f2a450 [unlocked]>, _transport_name='unix')

    @pytest.mark.asyncio
    async def test_serve_success(
        monkeypatch,
        mock_server_protocol,
        mock_server_handler,
        mock_server_config,
        mock_server_transport,
    ) -> None:
        """Test server serve method with proper stdout handling."""
        test_transport = mock_server_transport
    
        server = RPCPluginServer(
            protocol=mock_server_protocol,
            handler=mock_server_handler,
            config=mock_server_config,
            transport=test_transport,
        )
    
        # Set up a completed future for _serving_future
        fut = asyncio.Future()
        fut.set_result(None)
        server._serving_future = fut
        server._serving_event = asyncio.Event()
    
        # Create proper mock for negotiate_handshake
        async def dummy_negotiate(self):
            self._protocol_version = 1
            self._transport_name = test_transport._transport_name
            self._transport = test_transport
    
        monkeypatch.setattr(
            server, "_negotiate_handshake", dummy_negotiate.__get__(server, type(server))
        )
    
        # Mock setup_server
        async def dummy_setup(_):
            pass
    
        monkeypatch.setattr(server, "_setup_server", dummy_setup)
    
        # Create async mock for build_handshake_response
        async def dummy_response(*args, **kwargs):
            return "dummy_handshake"
    
        monkeypatch.setattr(
            "pyvider.rpcplugin.server.build_handshake_response",
            dummy_response
        )
    
        # Mock signal handlers
        monkeypatch.setattr(server, "_register_signal_handlers", lambda: None)
    
        # Set up stdout capturing
        fake_stdout = StringIO()
        fake_stdout.buffer = MockBytesIO(fake_stdout)
        monkeypatch.setattr(sys, "stdout", fake_stdout)
    
        # Listen on transport and run serve
        await test_transport.listen()
        await server.serve()
    
        # Check output
        output = fake_stdout.getvalue().strip()
>       assert output == "dummy_handshake"
E       AssertionError: assert '2025-05-27 0...dynamic_call]' == 'dummy_handshake'
E         
E         + 2025-05-27 09:36:24 [debug    ] 📞🕹✅ Created directory: /REDACTED_TMP [pyvider.dynamic_call]
E         + 2025-05-27 09:36:24 [debug    ] 📞🕹🚀 Creating Unix socket at /REDACTED_TMP [pyvider.dynamic_call]
E         + 2025-05-27 09:36:24 [debug    ] 📞🕹✅ Set world-writable permissions (0770) on /REDACTED_TMP [pyvider.dynamic_call]
E         + 2025-05-27 09:36:24 [debug    ] 📞🕹✅ Server listening on /REDACTED_TMP [pyvi...
E         
E         ...Full output truncated (19 lines hidden), use '-vv' to show

server/test_server_lifecycle.py:104: AssertionError
---------------------------- Captured stdout setup -----------------------------
2025-05-27 09:36:24 [debug    ] ⚙️🔄 Building configuration from environment and defaults [pyvider.dynamic_call]
2025-05-27 09:36:24 [debug    ] ⚙️🔍🚀 Validating config SUPPORTED_PROTOCOL_VERSIONS = [1, 2, 3, 4, 5, 6, 7] [pyvider.dynamic_call]
2025-05-27 09:36:24 [debug    ] ⚙️🔍🚀 Validating config PLUGIN_CORE_VERSION = 1 [pyvider.dynamic_call]
2025-05-27 09:36:24 [debug    ] ⚙️🔍🚀 Validating config PLUGIN_LOG_LEVEL = INFO [pyvider.dynamic_call]
2025-05-27 09:36:24 [debug    ] ⚙️🔍🚀 Validating config PLUGIN_MAGIC_COOKIE_KEY = BASIC_PLUGIN [pyvider.dynamic_call]
2025-05-27 09:36:24 [debug    ] ⚙️🔍🚀 Validating config PLUGIN_MAGIC_COOKIE_VALUE = hello [pyvider.dynamic_call]
2025-05-27 09:36:24 [debug    ] ⚙️🔍🚀 Validating config PLUGIN_MAGIC_COOKIE = hello [pyvider.dynamic_call]
2025-05-27 09:36:24 [debug    ] ⚙️🔍🚀 Validating config PLUGIN_PROTOCOL_VERSIONS = [1] [pyvider.dynamic_call]
2025-05-27 09:36:24 [debug    ] ⚙️🔍🚀 Validating config PLUGIN_SERVER_TRANSPORTS = ['unix', 'tcp'] [pyvider.dynamic_call]
2025-05-27 09:36:24 [debug    ] ⚙️🔍🚀 Validating config PLUGIN_SERVER_ENDPOINT = None [pyvider.dynamic_call]
2025-05-27 09:36:24 [debug    ] ⚙️🔍🚀 Validating config PLUGIN_AUTO_MTLS = True [pyvider.dynamic_call]
2025-05-27 09:36:24 [debug    ] ⚙️🔍🚀 Validating config PLUGIN_SERVER_CERT = None [pyvider.dynamic_call]
2025-05-27 09:36:24 [debug    ] ⚙️🔍🚀 Validating config PLUGIN_SERVER_KEY = None [pyvider.dynamic_call]
2025-05-27 09:36:24 [debug    ] ⚙️🔍🚀 Validating config PLUGIN_SERVER_ROOT_CERTS = None [pyvider.dynamic_call]
2025-05-27 09:36:24 [debug    ] ⚙️🔍🚀 Validating config PLUGIN_CLIENT_TRANSPORTS = ['unix', 'tcp'] [pyvider.dynamic_call]
2025-05-27 09:36:24 [debug    ] ⚙️🔍🚀 Validating config PLUGIN_CLIENT_ENDPOINT = None [pyvider.dynamic_call]
2025-05-27 09:36:24 [debug    ] ⚙️🔍🚀 Validating config PLUGIN_CLIENT_CERT = None [pyvider.dynamic_call]
2025-05-27 09:36:24 [debug    ] ⚙️🔍🚀 Validating config PLUGIN_CLIENT_KEY = None [pyvider.dynamic_call]
2025-05-27 09:36:24 [debug    ] ⚙️🔍🚀 Validating config PLUGIN_CLIENT_ROOT_CERTS = None [pyvider.dynamic_call]
2025-05-27 09:36:24 [debug    ] ⚙️🔍🚀 Validating config PLUGIN_HANDSHAKE_TIMEOUT = 10.0 [pyvider.dynamic_call]
2025-05-27 09:36:24 [debug    ] ⚙️🔍🚀 Validating config PLUGIN_CONNECTION_TIMEOUT = 30.0 [pyvider.dynamic_call]
2025-05-27 09:36:24 [debug    ] ⚙️🔍🚀 Validating config PLUGIN_SHOW_EMOJI_MATRIX = True [pyvider.dynamic_call]
2025-05-27 09:36:24 [debug    ] ⚙️✅ Configuration complete with 21 values [pyvider.dynamic_call]
2025-05-27 09:36:24 [debug    ] ⚙️✅ RPCPluginConfig initialized with environment variables [pyvider.dynamic_call]
2025-05-27 09:36:24 [debug    ] ⚙️📝 Updating config PLUGIN_MAGIC_COOKIE_KEY -> PLUGIN_MAGIC_COOKIE [pyvider.dynamic_call]
2025-05-27 09:36:24 [debug    ] ⚙️📝 Updating config PLUGIN_MAGIC_COOKIE_VALUE -> hello [pyvider.dynamic_call]
2025-05-27 09:36:24 [debug    ] ⚙️📝 Updating config PLUGIN_MAGIC_COOKIE -> hello [pyvider.dynamic_call]
2025-05-27 09:36:24 [debug    ] ⚙️📝 Updating config PLUGIN_PROTOCOL_VERSIONS -> [1, 2, 3, 4, 5, 6, 7] [pyvider.dynamic_call]
2025-05-27 09:36:24 [debug    ] ⚙️📝 Updating config PLUGIN_SERVER_TRANSPORTS -> ['tcp', 'unix'] [pyvider.dynamic_call]
2025-05-27 09:36:24 [debug    ] 🧪🔌🐛 mock_server_transport called for transport: unix [pyvider.dynamic_call]
2025-05-27 09:36:24 [debug    ] 🧪🔌🐛 socket_path: /REDACTED_TMP [pyvider.dynamic_call]
2025-05-27 09:36:24 [debug    ] 📞🚀✅ Generated ephemeral Unix socket path: /REDACTED_TMP [pyvider.dynamic_call]
2025-05-27 09:36:24 [debug    ] 📞🚀✅ UnixSocketTransport initialized with path=/REDACTED_TMP [pyvider.dynamic_call]
2025-05-27 09:36:24 [debug    ] 📞🔒🚀 Closing Unix socket transport at /REDACTED_TMP [pyvider.dynamic_call]
2025-05-27 09:36:24 [debug    ] 📞🔒✅ Unix socket transport closed completely [pyvider.dynamic_call]
----------------------------- Captured stdout call -----------------------------
2025-05-27 09:36:24 [debug    ] 🛎️⚙️ Initializing HandshakeConfig from configuration. [pyvider.dynamic_call]
2025-05-27 09:36:24 [debug    ] ⚙️📖 Getting config PLUGIN_MAGIC_COOKIE_KEY = BASIC_PLUGIN [pyvider.dynamic_call]
2025-05-27 09:36:24 [debug    ] ⚙️📖 Getting config PLUGIN_MAGIC_COOKIE_VALUE = hello [pyvider.dynamic_call]
2025-05-27 09:36:24 [debug    ] ⚙️📖 Getting config PLUGIN_PROTOCOL_VERSIONS = [1] [pyvider.dynamic_call]
2025-05-27 09:36:24 [debug    ] ⚙️📖 Getting list config PLUGIN_PROTOCOL_VERSIONS = [1] [pyvider.dynamic_call]
2025-05-27 09:36:24 [debug    ] ⚙️📖 Getting config PLUGIN_SERVER_TRANSPORTS = ['unix', 'tcp'] [pyvider.dynamic_call]
2025-05-27 09:36:24 [debug    ] ⚙️📖 Getting list config PLUGIN_SERVER_TRANSPORTS = ['unix', 'tcp'] [pyvider.dynamic_call]
2025-05-27 09:36:24 [debug    ] 🛎️⚙️ HandshakeConfig set: HandshakeConfig(magic_cookie_key='BASIC_PLUGIN', magic_cookie_value='hello', protocol_versions=[1], supported_transports=['unix', 'tcp']) [pyvider.dynamic_call]
2025-05-27 09:36:24 [debug    ] 🛎️⚙️ Global RPCPluginServer instance set. [pyvider.dynamic_call]
________________________ test_setup_server_tcp_success _________________________

mock_server_protocol = <tests.fixtures.mocks.MockProtocol object at 0x1040d1ef0>
mock_server_handler = <tests.fixtures.mocks.MockHandler object at 0x104056990>
mock_server_config = <pyvider.rpcplugin.config.RPCPluginConfig object at 0x10407c4d0>
mock_server_transport_tcp = TCPSocketTransport(host='127.0.0.1', port=58988, _server=<Server sockets=(<asyncio.TransportSocket fd=33, family=2, ty...der=None, endpoint='127.0.0.1:58988', _connections=set(), _running=True, _connection_attempts=0, _transport_name='tcp')

    @pytest.mark.asyncio
    async def test_setup_server_tcp_success(
        mock_server_protocol,
        mock_server_handler,
        mock_server_config,
        mock_server_transport_tcp,
    ) -> None:
    
        transport = mock_server_transport_tcp
>       await transport.listen()

server/test_server_transport.py:378: 
_ _ _ _ _ _ _ _ _ _ _ _ _ _ _ _ _ _ _ _ _ _ _ _ _ _ _ _ _ _ _ _ _ _ _ _ _ _ _ _ 

self = TCPSocketTransport(host='127.0.0.1', port=58988, _server=<Server sockets=(<asyncio.TransportSocket fd=33, family=2, ty...der=None, endpoint='127.0.0.1:58988', _connections=set(), _running=True, _connection_attempts=0, _transport_name='tcp')

    async def listen(self) -> str:
        """
        🔌🚀🕹  Start a TCP server on a random available port and return the endpoint (host:port).
        """
        async with self._lock:
            if self._running:
                logger.error("🔌❌⚠: Server is already running")
>               raise TransportError("TCP server is already running")
E               pyvider.rpcplugin.exception.TransportError: TCP server is already running

../src/pyvider/rpcplugin/transport/tcp.py:71: TransportError
---------------------------- Captured stdout setup -----------------------------
2025-05-27 09:36:31 [debug    ] ⚙️🔄 Building configuration from environment and defaults [pyvider.dynamic_call]
2025-05-27 09:36:31 [debug    ] ⚙️🔍🚀 Validating config SUPPORTED_PROTOCOL_VERSIONS = [1, 2, 3, 4, 5, 6, 7] [pyvider.dynamic_call]
2025-05-27 09:36:31 [debug    ] ⚙️🔍🚀 Validating config PLUGIN_CORE_VERSION = 1 [pyvider.dynamic_call]
2025-05-27 09:36:31 [debug    ] ⚙️🔍🚀 Validating config PLUGIN_LOG_LEVEL = INFO [pyvider.dynamic_call]
2025-05-27 09:36:31 [debug    ] ⚙️🔍🚀 Validating config PLUGIN_MAGIC_COOKIE_KEY = BASIC_PLUGIN [pyvider.dynamic_call]
2025-05-27 09:36:31 [debug    ] ⚙️🔍🚀 Validating config PLUGIN_MAGIC_COOKIE_VALUE = hello [pyvider.dynamic_call]
2025-05-27 09:36:31 [debug    ] ⚙️🔍🚀 Validating config PLUGIN_MAGIC_COOKIE = hello [pyvider.dynamic_call]
2025-05-27 09:36:31 [debug    ] ⚙️🔍🚀 Validating config PLUGIN_PROTOCOL_VERSIONS = [1] [pyvider.dynamic_call]
2025-05-27 09:36:31 [debug    ] ⚙️🔍🚀 Validating config PLUGIN_SERVER_TRANSPORTS = ['unix', 'tcp'] [pyvider.dynamic_call]
2025-05-27 09:36:31 [debug    ] ⚙️🔍🚀 Validating config PLUGIN_SERVER_ENDPOINT = None [pyvider.dynamic_call]
2025-05-27 09:36:31 [debug    ] ⚙️🔍🚀 Validating config PLUGIN_AUTO_MTLS = True [pyvider.dynamic_call]
2025-05-27 09:36:31 [debug    ] ⚙️🔍🚀 Validating config PLUGIN_SERVER_CERT = None [pyvider.dynamic_call]
2025-05-27 09:36:31 [debug    ] ⚙️🔍🚀 Validating config PLUGIN_SERVER_KEY = None [pyvider.dynamic_call]
2025-05-27 09:36:31 [debug    ] ⚙️🔍🚀 Validating config PLUGIN_SERVER_ROOT_CERTS = None [pyvider.dynamic_call]
2025-05-27 09:36:31 [debug    ] ⚙️🔍🚀 Validating config PLUGIN_CLIENT_TRANSPORTS = ['unix', 'tcp'] [pyvider.dynamic_call]
2025-05-27 09:36:31 [debug    ] ⚙️🔍🚀 Validating config PLUGIN_CLIENT_ENDPOINT = None [pyvider.dynamic_call]
2025-05-27 09:36:31 [debug    ] ⚙️🔍🚀 Validating config PLUGIN_CLIENT_CERT = None [pyvider.dynamic_call]
2025-05-27 09:36:31 [debug    ] ⚙️🔍🚀 Validating config PLUGIN_CLIENT_KEY = None [pyvider.dynamic_call]
2025-05-27 09:36:31 [debug    ] ⚙️🔍🚀 Validating config PLUGIN_CLIENT_ROOT_CERTS = None [pyvider.dynamic_call]
2025-05-27 09:36:31 [debug    ] ⚙️🔍🚀 Validating config PLUGIN_HANDSHAKE_TIMEOUT = 10.0 [pyvider.dynamic_call]
2025-05-27 09:36:31 [debug    ] ⚙️🔍🚀 Validating config PLUGIN_CONNECTION_TIMEOUT = 30.0 [pyvider.dynamic_call]
2025-05-27 09:36:31 [debug    ] ⚙️🔍🚀 Validating config PLUGIN_SHOW_EMOJI_MATRIX = True [pyvider.dynamic_call]
2025-05-27 09:36:31 [debug    ] ⚙️✅ Configuration complete with 21 values [pyvider.dynamic_call]
2025-05-27 09:36:31 [debug    ] ⚙️✅ RPCPluginConfig initialized with environment variables [pyvider.dynamic_call]
2025-05-27 09:36:31 [debug    ] ⚙️📝 Updating config PLUGIN_MAGIC_COOKIE_KEY -> PLUGIN_MAGIC_COOKIE [pyvider.dynamic_call]
2025-05-27 09:36:31 [debug    ] ⚙️📝 Updating config PLUGIN_MAGIC_COOKIE_VALUE -> hello [pyvider.dynamic_call]
2025-05-27 09:36:31 [debug    ] ⚙️📝 Updating config PLUGIN_MAGIC_COOKIE -> hello [pyvider.dynamic_call]
2025-05-27 09:36:31 [debug    ] ⚙️📝 Updating config PLUGIN_PROTOCOL_VERSIONS -> [1, 2, 3, 4, 5, 6, 7] [pyvider.dynamic_call]
2025-05-27 09:36:31 [debug    ] ⚙️📝 Updating config PLUGIN_SERVER_TRANSPORTS -> ['tcp', 'unix'] [pyvider.dynamic_call]
2025-05-27 09:36:31 [debug    ] 🔌🚀✅: TCP transport initialized with host=127.0.0.1, port=0 [pyvider.dynamic_call]
----------------------------- Captured stdout call -----------------------------
2025-05-27 09:36:31 [debug    ] 🔌🚀🕹: Starting listen() for TCP server... [pyvider.dynamic_call]
2025-05-27 09:36:31 [info     ] 🔌✅👍: TCP server listening at 127.0.0.1:58988 [pyvider.dynamic_call]
2025-05-27 09:36:31 [debug    ] 🛎️⚙️ Initializing HandshakeConfig from configuration. [pyvider.dynamic_call]
2025-05-27 09:36:31 [debug    ] ⚙️📖 Getting config PLUGIN_MAGIC_COOKIE_KEY = BASIC_PLUGIN [pyvider.dynamic_call]
2025-05-27 09:36:31 [debug    ] ⚙️📖 Getting config PLUGIN_MAGIC_COOKIE_VALUE = hello [pyvider.dynamic_call]
2025-05-27 09:36:31 [debug    ] ⚙️📖 Getting config PLUGIN_PROTOCOL_VERSIONS = [1] [pyvider.dynamic_call]
2025-05-27 09:36:31 [debug    ] ⚙️📖 Getting list config PLUGIN_PROTOCOL_VERSIONS = [1] [pyvider.dynamic_call]
2025-05-27 09:36:31 [debug    ] ⚙️📖 Getting config PLUGIN_SERVER_TRANSPORTS = ['unix', 'tcp'] [pyvider.dynamic_call]
2025-05-27 09:36:31 [debug    ] ⚙️📖 Getting list config PLUGIN_SERVER_TRANSPORTS = ['unix', 'tcp'] [pyvider.dynamic_call]
2025-05-27 09:36:31 [debug    ] 🛎️⚙️ HandshakeConfig set: HandshakeConfig(magic_cookie_key='BASIC_PLUGIN', magic_cookie_value='hello', protocol_versions=[1], supported_transports=['unix', 'tcp']) [pyvider.dynamic_call]
2025-05-27 09:36:31 [info     ] 🛎️ Shutdown signal received; initiating graceful shutdown... [pyvider.dynamic_call]
2025-05-27 09:36:31 [debug    ] 🛎️ Serving future resolved on shutdown request. [pyvider.dynamic_call]
2025-05-27 09:36:31 [debug    ] 🛎️⚙️ Global RPCPluginServer instance set. [pyvider.dynamic_call]
2025-05-27 09:36:31 [debug    ] 🛎️ Stopping server...          [pyvider.dynamic_call]
2025-05-27 09:36:31 [debug    ] 🛎️ gRPC server stopped successfully. [pyvider.dynamic_call]
2025-05-27 09:36:31 [debug    ] 🛎️ Server shutdown complete.   [pyvider.dynamic_call]
2025-05-27 09:36:31 [error    ] 🔌❌⚠: Server is already running [pyvider.dynamic_call]
--------------------------- Captured stdout teardown ---------------------------
2025-05-27 09:36:31 [debug    ] 🔌🔒🛑: Closing TCP transport at endpoint 127.0.0.1:58988 [pyvider.dynamic_call]
2025-05-27 09:36:31 [error    ] 🔌🔒❌: Error closing TCP server: object NoneType can't be used in 'await' expression [pyvider.dynamic_call]
2025-05-27 09:36:31 [debug    ] 🔌🔒✅: TCP socket transport closed completely [pyvider.dynamic_call]

---------- coverage: platform darwin, python 3.13.3-final-0 ----------
Name                                                                                               Stmts   Miss Branch BrPart  Cover   Missing
----------------------------------------------------------------------------------------------------------------------------------------------
/REDACTED_ABS_PATH                                6      0      0      0   100%
/REDACTED_ABS_PATH                         4      0      0      0   100%
/REDACTED_ABS_PATH                           303    249     78      0    14%   149, 173-193, 206-224, 242-275, 285-296, 313-445, 462-523, 539-550, 566-574, 587-609, 628-664, 678-687, 705-760
/REDACTED_ABS_PATH                      76     48     18      0    30%   47-50, 55, 65-67, 79-88, 94-106, 118-120, 135-137, 145-157, 168-169, 172, 175-177
/REDACTED_ABS_PATH                           12      0      8      4    80%   25->exit, 26->exit, 27->exit, 28->exit
/REDACTED_ABS_PATH                                258    164    104     14    34%   210-218, 230, 235, 239, 242, 248-250, 256-269, 291-292, 300-304, 330-332, 358-360, 370->373, 402, 418-419, 458, 467, 476, 485, 494, 503, 544-616, 634-662, 675-700, 713-732, 745-768, 774-777
/REDACTED_ABS_PATH                         6      0      0      0   100%
/REDACTED_ABS_PATH                    311    160     86     12    41%   88, 90, 99-101, 109-110, 131-137, 216, 222, 231-234, 263, 269-318, 326, 328, 344->351, 381-386, 391-416, 422, 427, 432-435, 440-450, 455-456, 461-462, 467-468, 473-474, 480-512, 516-559, 564-576, 581-591, 598-609
/REDACTED_ABS_PATH                        8      0      0      0   100%
/REDACTED_ABS_PATH                           93     86     28      0     6%   30-143, 157-191
/REDACTED_ABS_PATH                      22     11      8      0    37%   20, 26, 57-72
/REDACTED_ABS_PATH                           14      0      6      3    85%   23->exit, 25->exit, 27->exit
/REDACTED_ABS_PATH                              14      0      0      0   100%
/REDACTED_ABS_PATH                              66     66     16      0     0%   17-226
/REDACTED_ABS_PATH                             249    184     86      8    24%   65-104, 124->123, 128-132, 144, 185-186, 189-190, 217-218, 227-232, 245-253, 261-265, 274-315, 335-429, 445-473, 491-549
/REDACTED_ABS_PATH                       6      0      0      0   100%
/REDACTED_ABS_PATH                           3      0      0      0   100%
/REDACTED_ABS_PATH               20      7      2      1    64%   31-37
/REDACTED_ABS_PATH          27      6      2      1    76%   22, 40, 53-55, 90
/REDACTED_ABS_PATH           18      5      2      1    70%   31-35
/REDACTED_ABS_PATH      27      6      2      1    76%   22, 40, 53-55, 90
/REDACTED_ABS_PATH                20      7      2      1    64%   33-39
/REDACTED_ABS_PATH           28      6      2      1    77%   23, 44, 65-67, 105
/REDACTED_ABS_PATH                      124     64     12      1    45%   45-47, 50-54, 57-61, 82-140, 164-196, 201-202, 218-225, 238-239
/REDACTED_ABS_PATH                                307     80     58     12    73%   113-118, 144-183, 196, 214-215, 226-228, 281-285, 308, 312-313, 376-381, 388, 411-413, 431-432, 453-455, 460-464, 468-473, 503-504, 517, 551-552, 571->exit, 625-628, 635-639, 644-645, 662->exit, 666, 674-676
/REDACTED_ABS_PATH                      4      0      0      0   100%
/REDACTED_ABS_PATH                          7      0      2      1    89%   49->exit
/REDACTED_ABS_PATH                         143     86     18      1    39%   30-34, 76-78, 89-91, 99-125, 133-180, 186-194, 207-214, 220-221
/REDACTED_ABS_PATH                        17      0      6      3    87%   42->exit, 43->exit, 44->exit
/REDACTED_ABS_PATH                        220    118     54     10    44%   32, 37-38, 39->44, 116-124, 128-129, 135-136, 146->155, 150-152, 156-164, 205-247, 253-285, 289-297, 305-306, 315-318, 322-324, 332-333, 340-358
/REDACTED_ABS_PATH                                  74     21      0      0    72%   65, 75, 87, 108, 117, 123, 142, 155, 174, 186, 192, 219, 223, 227, 231, 244-245, 257-258, 270-271
----------------------------------------------------------------------------------------------------------------------------------------------
TOTAL                                                                                               2487   1374    600     75    40%

=========================== short test summary info ============================
FAILED server/test_server_lifecycle.py::test_serve_success[tcp] - AssertionEr...
FAILED server/test_server_lifecycle.py::test_serve_success[unix] - AssertionE...
FAILED server/test_server_transport.py::test_setup_server_tcp_success - pyvid...
================== 3 failed, 44 passed, 11 skipped in 10.59s ===================
E0000 00:00:1748363793.663385 10969559 init.cc:232] grpc_wait_for_shutdown_with_timeout() timed out.
