============================= test session starts ==============================
platform darwin -- Python 3.13.3, pytest-8.3.4, pluggy-1.5.0
benchmark: 5.1.0 (defaults: timer=time.perf_counter disable_gc=False min_rounds=5 min_time=0.000005 max_time=1.0 calibration_precision=10 warmup=False warmup_iterations=100000)
rootdir: /REDACTED_ABS_PATH
configfile: pyproject.toml
plugins: cov-6.0.0, hypothesis-6.127.1, testmon-2.1.3, asyncio-0.25.3, anyio-4.8.0, typeguard-2.13.3, benchmark-5.1.0, trace-1.0.0, xdist-3.6.1
asyncio: mode=Mode.AUTO, asyncio_default_fixture_loop_scope=function
collected 39 items

test_config.py::test_fetch_env_variable_from_os_environ PASSED           [  2%]
test_config.py::test_fetch_env_variable_default_value PASSED             [  5%]
test_config.py::test_fetch_env_variable_none_default PASSED              [  7%]
test_config.py::test_fetch_env_variable_type_conversion_int PASSED       [ 10%]
test_config.py::test_fetch_env_variable_type_conversion_bool_true PASSED [ 12%]
test_config.py::test_fetch_env_variable_type_conversion_bool_false PASSED [ 15%]
test_config.py::test_fetch_env_variable_type_conversion_list_str PASSED  [ 17%]
test_config.py::test_fetch_env_variable_type_conversion_list_int PASSED  [ 20%]
test_config.py::test_fetch_env_variable_file_based_value PASSED          [ 23%]
test_config.py::test_fetch_env_variable_file_based_value_read_error PASSED [ 25%]
test_config.py::test_fetch_env_variable_invalid_type_conversion PASSED   [ 28%]
test_config.py::test_validate_config_value_valid PASSED                  [ 30%]
test_config.py::test_validate_config_value_missing_required PASSED       [ 33%]
test_config.py::test_validate_config_value_none_for_not_required PASSED  [ 35%]
test_config.py::test_validate_config_value_invalid_choice PASSED         [ 38%]
test_config.py::test_get_config_success PASSED                           [ 41%]
test_config.py::test_get_config_fetch_raises_error PASSED                [ 43%]
test_config.py::test_get_config_validate_raises_error PASSED             [ 46%]
test_config.py::test_rpcpluginconfig_singleton PASSED                    [ 48%]
test_config.py::test_rpcpluginconfig_initialization PASSED               [ 51%]
test_config.py::test_rpcpluginconfig_initialization_error PASSED         [ 53%]
test_config.py::test_rpcpluginconfig_get_existing_key PASSED             [ 56%]
test_config.py::test_rpcpluginconfig_get_non_existing_key_with_default PASSED [ 58%]
test_config.py::test_rpcpluginconfig_get_non_existing_key_no_default PASSED [ 61%]
test_config.py::test_rpcpluginconfig_get_list PASSED                     [ 64%]
test_config.py::test_rpcpluginconfig_set_known_key PASSED                [ 66%]
test_config.py::test_rpcpluginconfig_set_unknown_key_plugin_prefix PASSED [ 69%]
test_config.py::test_rpcpluginconfig_set_unknown_key_no_prefix_raises_error PASSED [ 71%]
test_config.py::test_rpcpluginconfig_helper_methods PASSED               [ 74%]
test_config.py::test_configure_all_options PASSED                        [ 76%]
test_config.py::test_configure_minimal_options PASSED                    [ 79%]
test_config.py::test_configure_unsupported_protocol_version PASSED       [ 82%]
test_config.py::test_configure_invalid_transport_type PASSED             [ 84%]
test_config.py::test_load_config_from_env_file SKIPPED (WIP: load_co...) [ 87%]
test_config.py::test_load_config_from_json_file SKIPPED (WIP: load_c...) [ 89%]
test_config.py::test_load_config_from_yaml_file FAILED                   [ 92%]
test_config.py::test_load_config_file_not_found PASSED                   [ 94%]
test_config.py::test_load_config_unsupported_format PASSED               [ 97%]
test_config.py::test_load_config_file_read_error SKIPPED (WIP: load_...) [100%]

=================================== FAILURES ===================================
_______________________ test_load_config_from_yaml_file ________________________

mock_yaml_load = <MagicMock name='safe_load' id='4429879616'>
mock_file = <MagicMock name='open' id='4429880288'>
mock_path_exists = <MagicMock name='exists' id='4429002608'>
mock_global_config_instance = <MagicMock name='rpcplugin_config' id='4429001600'>

    @pytest.mark.skipif(not YAML_AVAILABLE, reason="PyYAML not installed")
    @patch('pyvider.rpcplugin.config.rpcplugin_config')
    @patch('pyvider.rpcplugin.config.Path.exists')
    @patch('builtins.open', new_callable=mock_open)
    @patch('yaml.safe_load')
    def test_load_config_from_yaml_file(mock_yaml_load, mock_file, mock_path_exists, mock_global_config_instance):
        '''Test loading configuration from a .yaml file.'''
        mock_path_exists.return_value = True
        yaml_data = {"MY_YAML_VAR": "yaml_value", "PLUGIN_BOOL_VAR": True, "PLUGIN_NESTED_VAR": {"sub_key": "sub_val"}}
        mock_yaml_load.return_value = yaml_data
    
        original_environ = os.environ.copy()
        keys_to_clear = ["MY_YAML_VAR", "PLUGIN_BOOL_VAR", "PLUGIN_NESTED_VAR"]
        for k_to_clear in keys_to_clear:
            if k_to_clear in os.environ:
                del os.environ[k_to_clear]
        try:
            load_config_from_file(Path("test.yaml"))
    
            mock_path_exists.assert_called_once()
            mock_file.assert_called_once_with(Path("test.yaml"), "r", encoding="utf-8")
            mock_yaml_load.assert_called_once_with(mock_file.return_value.__enter__.return_value)
    
            assert os.environ["MY_YAML_VAR"] == "yaml_value"
            assert os.environ["PLUGIN_BOOL_VAR"] == "True"
>           assert os.environ["PLUGIN_NESTED_VAR"] == "{'sub_key': 'sub_val'}"
E           assert 'sub_key: sub_val\n' == "{'sub_key': 'sub_val'}"
E             
E             - {'sub_key': 'sub_val'}
E             ? --       -  -       ^^
E             + sub_key: sub_val
E             ?                 ^

test_config.py:582: AssertionError
----------------------------- Captured stdout call -----------------------------
2025-05-27 09:36:37 [debug    ] ⚙️📂🚀 Loading configuration from test.yaml [pyvider.dynamic_call]
2025-05-27 09:36:37 [debug    ] ⚙️📂🚀 Loading YAML file: test.yaml [pyvider.dynamic_call]
2025-05-27 09:36:37 [debug    ] ⚙️📂✅ Set environment variable from YAML: MY_YAML_VAR [pyvider.dynamic_call]
2025-05-27 09:36:37 [debug    ] ⚙️📂✅ Set environment variable from YAML: PLUGIN_BOOL_VAR [pyvider.dynamic_call]
2025-05-27 09:36:37 [debug    ] ⚙️📂✅ Set environment variable from YAML: PLUGIN_NESTED_VAR [pyvider.dynamic_call]
2025-05-27 09:36:37 [debug    ] ⚙️🔄 Building configuration from environment and defaults [pyvider.dynamic_call]
2025-05-27 09:36:37 [debug    ] ⚙️🔍🚀 Validating config SUPPORTED_PROTOCOL_VERSIONS = [1, 2, 3, 4, 5, 6, 7] [pyvider.dynamic_call]
2025-05-27 09:36:37 [debug    ] ⚙️🔍🚀 Validating config PLUGIN_CORE_VERSION = 1 [pyvider.dynamic_call]
2025-05-27 09:36:37 [debug    ] ⚙️🔍🚀 Validating config PLUGIN_LOG_LEVEL = INFO [pyvider.dynamic_call]
2025-05-27 09:36:37 [debug    ] ⚙️🔍🚀 Validating config PLUGIN_MAGIC_COOKIE_KEY = PLUGIN_MAGIC_COOKIE [pyvider.dynamic_call]
2025-05-27 09:36:37 [debug    ] ⚙️🔍🚀 Validating config PLUGIN_MAGIC_COOKIE_VALUE = rpcplugin-default-cookie [pyvider.dynamic_call]
2025-05-27 09:36:37 [debug    ] ⚙️🔍🚀 Validating config PLUGIN_MAGIC_COOKIE = rpcplugin-default-cookie [pyvider.dynamic_call]
2025-05-27 09:36:37 [debug    ] ⚙️🔍🚀 Validating config PLUGIN_PROTOCOL_VERSIONS = [1] [pyvider.dynamic_call]
2025-05-27 09:36:37 [debug    ] ⚙️🔍🚀 Validating config PLUGIN_SERVER_TRANSPORTS = ['unix', 'tcp'] [pyvider.dynamic_call]
2025-05-27 09:36:37 [debug    ] ⚙️🔍🚀 Validating config PLUGIN_SERVER_ENDPOINT = None [pyvider.dynamic_call]
2025-05-27 09:36:37 [debug    ] ⚙️🔍🚀 Validating config PLUGIN_AUTO_MTLS = True [pyvider.dynamic_call]
2025-05-27 09:36:37 [debug    ] ⚙️🔍🚀 Validating config PLUGIN_SERVER_CERT = None [pyvider.dynamic_call]
2025-05-27 09:36:37 [debug    ] ⚙️🔍🚀 Validating config PLUGIN_SERVER_KEY = None [pyvider.dynamic_call]
2025-05-27 09:36:37 [debug    ] ⚙️🔍🚀 Validating config PLUGIN_SERVER_ROOT_CERTS = None [pyvider.dynamic_call]
2025-05-27 09:36:37 [debug    ] ⚙️🔍🚀 Validating config PLUGIN_CLIENT_TRANSPORTS = ['unix', 'tcp'] [pyvider.dynamic_call]
2025-05-27 09:36:37 [debug    ] ⚙️🔍🚀 Validating config PLUGIN_CLIENT_ENDPOINT = None [pyvider.dynamic_call]
2025-05-27 09:36:37 [debug    ] ⚙️🔍🚀 Validating config PLUGIN_CLIENT_CERT = None [pyvider.dynamic_call]
2025-05-27 09:36:37 [debug    ] ⚙️🔍🚀 Validating config PLUGIN_CLIENT_KEY = None [pyvider.dynamic_call]
2025-05-27 09:36:37 [debug    ] ⚙️🔍🚀 Validating config PLUGIN_CLIENT_ROOT_CERTS = None [pyvider.dynamic_call]
2025-05-27 09:36:37 [debug    ] ⚙️🔍🚀 Validating config PLUGIN_HANDSHAKE_TIMEOUT = 10.0 [pyvider.dynamic_call]
2025-05-27 09:36:37 [debug    ] ⚙️🔍🚀 Validating config PLUGIN_CONNECTION_TIMEOUT = 30.0 [pyvider.dynamic_call]
2025-05-27 09:36:37 [debug    ] ⚙️🔍🚀 Validating config PLUGIN_SHOW_EMOJI_MATRIX = True [pyvider.dynamic_call]
2025-05-27 09:36:37 [debug    ] ⚙️✅ Configuration complete with 21 values [pyvider.dynamic_call]
2025-05-27 09:36:37 [debug    ] ⚙️📂✅ Successfully loaded configuration from test.yaml [pyvider.dynamic_call]

---------- coverage: platform darwin, python 3.13.3-final-0 ----------
Name                                                                                               Stmts   Miss Branch BrPart  Cover   Missing
----------------------------------------------------------------------------------------------------------------------------------------------
/REDACTED_ABS_PATH                                6      0      0      0   100%
/REDACTED_ABS_PATH                         4      0      0      0   100%
/REDACTED_ABS_PATH                           303    249     78      0    14%   149, 173-193, 206-224, 242-275, 285-296, 313-445, 462-523, 539-550, 566-574, 587-609, 628-664, 678-687, 705-760
/REDACTED_ABS_PATH                      76     48     18      0    30%   47-50, 55, 65-67, 79-88, 94-106, 118-120, 135-137, 145-157, 168-169, 172, 175-177
/REDACTED_ABS_PATH                           12      0      8      4    80%   25->exit, 26->exit, 27->exit, 28->exit
/REDACTED_ABS_PATH                                258     52    104      9    79%   235, 242, 250, 257, 260-265, 645, 647, 675-700, 713-732, 750-752, 766-768, 774-777
/REDACTED_ABS_PATH                         6      0      0      0   100%
/REDACTED_ABS_PATH                    311    221     86      0    23%   80-137, 142, 195-318, 325-386, 391-416, 422, 427, 432-435, 440-450, 455-456, 461-462, 467-468, 473-474, 480-512, 516-559, 564-576, 581-591, 598-609
/REDACTED_ABS_PATH                        8      0      0      0   100%
/REDACTED_ABS_PATH                           93     86     28      0     6%   30-143, 157-191
/REDACTED_ABS_PATH                      22     11      8      0    37%   20, 26, 57-72
/REDACTED_ABS_PATH                           14      0      6      3    85%   23->exit, 25->exit, 27->exit
/REDACTED_ABS_PATH                              14      4      0      0    71%   8-10, 13
/REDACTED_ABS_PATH                              66     66     16      0     0%   17-226
/REDACTED_ABS_PATH                             249    222     86      0     8%   65-104, 119-132, 144, 158-199, 212-265, 274-315, 335-429, 445-473, 491-549
/REDACTED_ABS_PATH                       6      0      0      0   100%
/REDACTED_ABS_PATH                           3      0      0      0   100%
/REDACTED_ABS_PATH               20      7      2      1    64%   31-37
/REDACTED_ABS_PATH          27     10      2      1    62%   22, 40, 53-55, 59-70, 90
/REDACTED_ABS_PATH           18      5      2      1    70%   31-35
/REDACTED_ABS_PATH      27     10      2      1    62%   22, 40, 53-55, 59-70, 90
/REDACTED_ABS_PATH                20      7      2      1    64%   33-39
/REDACTED_ABS_PATH           28     10      2      1    63%   23, 44, 65-67, 71-82, 105
/REDACTED_ABS_PATH                      124     89     12      0    26%   45-47, 50-54, 57-61, 75, 82-140, 149-150, 154-160, 164-196, 201-202, 213-214, 218-225, 229-239, 244-252
/REDACTED_ABS_PATH                                307    255     58      0    14%   101-120, 135-183, 196, 209-228, 250-285, 299-339, 359-473, 491-531, 540-552, 568-573, 592-649, 658-676
/REDACTED_ABS_PATH                      4      0      0      0   100%
/REDACTED_ABS_PATH                          7      0      2      1    89%   49->exit
/REDACTED_ABS_PATH                         143    117     18      0    16%   30-34, 60-62, 68-91, 99-125, 133-180, 186-194, 202-229
/REDACTED_ABS_PATH                        17      0      6      3    87%   42->exit, 43->exit, 44->exit
/REDACTED_ABS_PATH                        220    190     54      0    11%   28-45, 86-100, 104-129, 133-184, 205-247, 253-285, 289-297, 302-362
/REDACTED_ABS_PATH                                  74     21      0      0    72%   65, 75, 87, 108, 117, 123, 142, 155, 174, 186, 192, 219, 223, 227, 231, 244-245, 257-258, 270-271
----------------------------------------------------------------------------------------------------------------------------------------------
TOTAL                                                                                               2487   1680    600     26    29%

=========================== short test summary info ============================
FAILED test_config.py::test_load_config_from_yaml_file - assert 'sub_key: sub...
=================== 1 failed, 35 passed, 3 skipped in 4.26s ====================
