============================= test session starts ==============================
platform darwin -- Python 3.13.3, pytest-8.3.4, pluggy-1.5.0
benchmark: 5.1.0 (defaults: timer=time.perf_counter disable_gc=False min_rounds=5 min_time=0.000005 max_time=1.0 calibration_precision=10 warmup=False warmup_iterations=100000)
rootdir: /REDACTED_ABS_PATH
configfile: pyproject.toml
plugins: cov-6.0.0, hypothesis-6.127.1, testmon-2.1.3, asyncio-0.25.3, anyio-4.8.0, typeguard-2.13.3, benchmark-5.1.0, trace-1.0.0, xdist-3.6.1
asyncio: mode=Mode.AUTO, asyncio_default_fixture_loop_scope=function
collected 12 items

test_factories.py::test_create_basic_protocol PASSED                     [  8%]
test_factories.py::test_plugin_protocol_basic PASSED                     [ 16%]
test_factories.py::test_plugin_protocol_no_servicer_fn PASSED            [ 25%]
test_factories.py::test_plugin_server_unix_transport_default_path PASSED [ 33%]
test_factories.py::test_plugin_server_unix_transport_custom_path PASSED  [ 41%]
test_factories.py::test_plugin_server_tcp_transport_default_host_port PASSED [ 50%]
test_factories.py::test_plugin_server_tcp_transport_custom_host_port PASSED [ 58%]
test_factories.py::test_plugin_server_invalid_transport PASSED           [ 66%]
test_factories.py::test_plugin_client_basic PASSED                       [ 75%]
test_factories.py::test_plugin_client_with_options_and_auto_connect PASSED [ 83%]
test_factories.py::test_plugin_client_server_not_found PASSED            [ 91%]
test_factories.py::test_plugin_client_server_not_executable PASSED       [100%]/REDACTED_ABS_PATH:481: RuntimeWarning: coroutine 'AsyncMockMixin._execute_mock_call' was never awaited
  tuples.append((l1, l2))
RuntimeWarning: Enable tracemalloc to get the object allocation traceback


---------- coverage: platform darwin, python 3.13.3-final-0 ----------
Name                                                                                               Stmts   Miss Branch BrPart  Cover   Missing
----------------------------------------------------------------------------------------------------------------------------------------------
/REDACTED_ABS_PATH                                6      0      0      0   100%
/REDACTED_ABS_PATH                         4      0      0      0   100%
/REDACTED_ABS_PATH                           303    249     78      0    14%   149, 173-193, 206-224, 242-275, 285-296, 313-445, 462-523, 539-550, 566-574, 587-609, 628-664, 678-687, 705-760
/REDACTED_ABS_PATH                      76     48     18      0    30%   47-50, 55, 65-67, 79-88, 94-106, 118-120, 135-137, 145-157, 168-169, 172, 175-177
/REDACTED_ABS_PATH                           12      0      8      4    80%   25->exit, 26->exit, 27->exit, 28->exit
/REDACTED_ABS_PATH                                258    177    104     12    30%   210-218, 230, 235, 239, 242, 248-250, 256-269, 291-292, 300-304, 330-332, 358-360, 370->373, 386-388, 400-404, 417-422, 431, 440, 449, 458, 467, 476, 485, 494, 503, 544-616, 634-662, 675-700, 713-732, 745-768, 774-777
/REDACTED_ABS_PATH                         6      0      0      0   100%
/REDACTED_ABS_PATH                    311    221     86      0    23%   80-137, 142, 195-318, 325-386, 391-416, 422, 427, 432-435, 440-450, 455-456, 461-462, 467-468, 473-474, 480-512, 516-559, 564-576, 581-591, 598-609
/REDACTED_ABS_PATH                        8      0      0      0   100%
/REDACTED_ABS_PATH                           93     86     28      0     6%   30-143, 157-191
/REDACTED_ABS_PATH                      22     11      8      0    37%   20, 26, 57-72
/REDACTED_ABS_PATH                           14      0      6      3    85%   23->exit, 25->exit, 27->exit
/REDACTED_ABS_PATH                              14      0      0      0   100%
/REDACTED_ABS_PATH                              66      0     16      0   100%
/REDACTED_ABS_PATH                             249    222     86      0     8%   65-104, 119-132, 144, 158-199, 212-265, 274-315, 335-429, 445-473, 491-549
/REDACTED_ABS_PATH                       6      0      0      0   100%
/REDACTED_ABS_PATH                           3      0      0      0   100%
/REDACTED_ABS_PATH               20      7      2      1    64%   31-37
/REDACTED_ABS_PATH          27     10      2      1    62%   22, 40, 53-55, 59-70, 90
/REDACTED_ABS_PATH           18      5      2      1    70%   31-35
/REDACTED_ABS_PATH      27     10      2      1    62%   22, 40, 53-55, 59-70, 90
/REDACTED_ABS_PATH                20      7      2      1    64%   33-39
/REDACTED_ABS_PATH           28     10      2      1    63%   23, 44, 65-67, 71-82, 105
/REDACTED_ABS_PATH                      124     89     12      0    26%   45-47, 50-54, 57-61, 75, 82-140, 149-150, 154-160, 164-196, 201-202, 213-214, 218-225, 229-239, 244-252
/REDACTED_ABS_PATH                                307    255     58      0    14%   101-120, 135-183, 196, 209-228, 250-285, 299-339, 359-473, 491-531, 540-552, 568-573, 592-649, 658-676
/REDACTED_ABS_PATH                      4      0      0      0   100%
/REDACTED_ABS_PATH                          7      0      2      1    89%   49->exit
/REDACTED_ABS_PATH                         143    117     18      0    16%   30-34, 60-62, 68-91, 99-125, 133-180, 186-194, 202-229
/REDACTED_ABS_PATH                        17      0      6      3    87%   42->exit, 43->exit, 44->exit
/REDACTED_ABS_PATH                        220    190     54      0    11%   28-45, 86-100, 104-129, 133-184, 205-247, 253-285, 289-297, 302-362
/REDACTED_ABS_PATH                                  74     21      0      0    72%   65, 75, 87, 108, 117, 123, 142, 155, 174, 186, 192, 219, 223, 227, 231, 244-245, 257-258, 270-271
----------------------------------------------------------------------------------------------------------------------------------------------
TOTAL                                                                                               2487   1735    600     29    26%


============================== 12 passed in 1.53s ==============================
