============================= test session starts ==============================
platform darwin -- Python 3.13.3, pytest-8.3.4, pluggy-1.5.0
benchmark: 5.1.0 (defaults: timer=time.perf_counter disable_gc=False min_rounds=5 min_time=0.000005 max_time=1.0 calibration_precision=10 warmup=False warmup_iterations=100000)
rootdir: /REDACTED_ABS_PATH
configfile: pyproject.toml
plugins: cov-6.0.0, hypothesis-6.127.1, testmon-2.1.3, asyncio-0.25.3, anyio-4.8.0, typeguard-2.13.3, benchmark-5.1.0, trace-1.0.0, xdist-3.6.1
asyncio: mode=Mode.AUTO, asyncio_default_fixture_loop_scope=function
collected 72 items

transport/tcp/test_transport_tcp_close.py::test_tcp_socket_transport_close_connection_active PASSED [  1%]
transport/tcp/test_transport_tcp_close.py::test_tcp_socket_transport_close_no_connection PASSED [  2%]
transport/tcp/test_transport_tcp_close.py::test_tcp_socket_transport_close_writer_oserror PASSED [  4%]
transport/tcp/test_transport_tcp_close.py::test_tcp_socket_transport_server_error PASSED [  5%]
transport/tcp/test_transport_tcp_close.py::test_tcp_socket_transport_connect_timeout PASSED [  6%]
transport/tcp/test_transport_tcp_connect.py::test_tcp_socket_transport_connect_unreachable_address PASSED [  8%]
transport/tcp/test_transport_tcp_connect.py::test_tcp_socket_transport_connect_invalid_endpoint PASSED [  9%]
transport/tcp/test_transport_tcp_connect.py::test_tcp_socket_transport_default_host PASSED [ 11%]
transport/tcp/test_transport_tcp_handle_client.py::test_tcp_handle_client_called PASSED [ 12%]
transport/tcp/test_transport_tcp_handle_client.py::test_tcp_handle_client_direct PASSED [ 13%]
transport/tcp/test_transport_tcp_listen.py::test_tcp_socket_transport_listen_and_connect PASSED [ 15%]
transport/tcp/test_transport_tcp_listen.py::test_tcp_socket_transport_listen_port_in_use PASSED [ 16%]
transport/test_base_abc.py::test_transport_base_abstract_methods PASSED  [ 18%]
transport/test_transport_base.py::test_transport_init PASSED             [ 19%]
transport/test_transport_base.py::test_transport_listen PASSED           [ 20%]
transport/test_transport_base.py::test_transport_connect PASSED          [ 22%]
transport/test_transport_base.py::test_transport_close PASSED            [ 23%]
transport/test_transport_base.py::test_abstract_transport_methods PASSED [ 25%]
transport/test_transport_base_direct.py::test_transport_abc_listen PASSED [ 26%]
transport/test_transport_base_direct.py::test_transport_abc_connect PASSED [ 27%]
transport/test_transport_base_direct.py::test_transport_abc_close PASSED [ 29%]
transport/test_transport_suite.py::test_tcp_transport_basic PASSED       [ 30%]
transport/test_transport_suite.py::test_unix_transport_basic PASSED      [ 31%]
transport/test_transport_suite.py::test_transport_connection[tcp] PASSED [ 33%]
transport/test_transport_suite.py::test_transport_connection[unix] PASSED [ 34%]
transport/test_transport_suite.py::test_server_with_transport[tcp] FAILED [ 36%]
transport/test_transport_suite.py::test_server_with_transport[unix] FAILED [ 37%]
transport/test_transport_suite.py::test_unix_socket_error_handling PASSED [ 38%]
transport/test_transport_suite.py::test_tcp_transport_error_handling PASSED [ 40%]
transport/test_transport_suite_2.py::test_server_startup_and_shutdown[tcp] FAILED [ 41%]
transport/test_transport_suite_2.py::test_server_startup_and_shutdown[unix] FAILED [ 43%]
transport/test_transport_suite_2.py::test_connection_refused[tcp] PASSED [ 44%]
transport/test_transport_suite_2.py::test_connection_refused[unix] PASSED [ 45%]
transport/test_transport_suite_2.py::test_basic_client_server_connect_disconnect[tcp] FAILED [ 47%]
transport/test_transport_suite_2.py::test_basic_client_server_connect_disconnect[unix] FAILED [ 48%]
transport/test_transport_suite_2.py::test_transport_error_scenarios[tcp] PASSED [ 50%]
transport/test_transport_suite_2.py::test_transport_error_scenarios[unix] PASSED [ 51%]
transport/test_transport_types_direct.py::test_connection_protocol PASSED [ 52%]
transport/test_transport_types_direct.py::test_transport_type PASSED     [ 54%]
transport/unix/test_transport_unix.py::test_unix_transport_server_initialization PASSED [ 55%]
transport/unix/test_transport_unix.py::test_unix_socket_connection_metrics PASSED [ 56%]
transport/unix/test_transport_unix_close.py::test_unix_socket_transport_close_no_path PASSED [ 58%]
transport/unix/test_transport_unix_close.py::test_unix_socket_transport_close_oserror 
-------------------------------- live log call ---------------------------------
ERROR    asyncio:unix_events.py:491 Unable to clean up listening UNIX socket '/REDACTED_TMP': OSError('Mocked unlink error')
ERROR    asyncio:unix_events.py:491 Unable to clean up listening UNIX socket '/REDACTED_TMP': OSError('Mocked unlink error')
PASSED                                                                   [ 59%]
transport/unix/test_transport_unix_close.py::test_unix_close_unlink_error PASSED [ 61%]
transport/unix/test_transport_unix_close.py::test_unix_socket_close_connection_active PASSED [ 62%]
transport/unix/test_transport_unix_close.py::test_unix_socket_close_no_server PASSED [ 63%]
transport/unix/test_transport_unix_close.py::test_unix_socket_close_no_path PASSED [ 65%]
transport/unix/test_transport_unix_close.py::test_unix_socket_close_oserror 
-------------------------------- live log call ---------------------------------
ERROR    asyncio:unix_events.py:491 Unable to clean up listening UNIX socket '/REDACTED_TMP': OSError('Mocked unlink error')
ERROR    asyncio:unix_events.py:491 Unable to clean up listening UNIX socket '/REDACTED_TMP': OSError('Mocked unlink error')
PASSED                                                                   [ 66%]
transport/unix/test_transport_unix_close.py::test_close_writer_exception PASSED [ 68%]
transport/unix/test_transport_unix_concurrent_connections.py::test_unix_socket_concurrent_connections PASSED [ 69%]
transport/unix/test_transport_unix_concurrent_connections.py::test_unix_socket_connection_tracking PASSED [ 70%]
transport/unix/test_transport_unix_concurrent_connections.py::test_unix_socket_multiple_clients_data_transfer PASSED [ 72%]
transport/unix/test_transport_unix_connect.py::test_unix_connect_success FAILED [ 73%]
transport/unix/test_transport_unix_connect.py::test_unix_connect_nonexistent PASSED [ 75%]
transport/unix/test_transport_unix_connect.py::test_unix_connect_oserror PASSED [ 76%]
transport/unix/test_transport_unix_connect.py::test_unix_socket_connect_invalid_endpoint PASSED [ 77%]
transport/unix/test_transport_unix_connect.py::test_unix_socket_connect_nonexistent_path PASSED [ 79%]
transport/unix/test_transport_unix_handle_client.py::test_unix_socket_handle_client_called PASSED [ 80%]
transport/unix/test_transport_unix_handle_client.py::test_unix_socket_handle_client_direct PASSED [ 81%]
transport/unix/test_transport_unix_handle_client.py::test_unix_socket_handle_client_error PASSED [ 83%]
transport/unix/test_transport_unix_handle_client.py::test_handle_client_echo PASSED [ 84%]
transport/unix/test_transport_unix_listen.py::test_unix_socket_listen_and_connect PASSED [ 86%]
transport/unix/test_transport_unix_listen.py::test_unix_socket_listen_path_creation_failure 
-------------------------------- live log call ---------------------------------
ERROR    asyncio:unix_events.py:317 Unable to check or remove stale UNIX socket '/REDACTED_TMP': PermissionError(13, 'Permission denied')
ERROR    asyncio:unix_events.py:317 Unable to check or remove stale UNIX socket '/REDACTED_TMP': PermissionError(13, 'Permission denied')
PASSED                                                                   [ 87%]
transport/unix/test_transport_unix_listen.py::test_unix_socket_listen_socket_in_use PASSED [ 88%]
transport/unix/test_transport_unix_listen.py::test_unix_listen_socket_in_use PASSED [ 90%]
transport/unix/test_transport_unix_listen.py::test_unix_socket_listen_unlink_file_not_found PASSED [ 91%]
transport/unix/test_transport_unix_listen.py::test_unix_listen_success PASSED [ 93%]
transport/unix/test_transport_unix_listen.py::test_unix_listen_stale_file_error PASSED [ 94%]
transport/unix/test_unix_error_handling.py::test_unix_socket_error_handling 
-------------------------------- live log call ---------------------------------
ERROR    asyncio:unix_events.py:491 Unable to clean up listening UNIX socket '/REDACTED_TMP': PermissionError('Mocked permission error')
ERROR    asyncio:unix_events.py:491 Unable to clean up listening UNIX socket '/REDACTED_TMP': PermissionError('Mocked permission error')
PASSED                                                                   [ 95%]
transport/unix/test_unix_error_handling.py::test_unix_socket_close_error_handling PASSED [ 97%]
transport/unix/test_unix_error_handling.py::test_unix_socket_path_normalization PASSED [ 98%]
transport/unix/test_unix_error_handling.py::test_unix_socket_connect_timeout PASSED [100%]

=================================== FAILURES ===================================
_______________________ test_server_with_transport[tcp] ________________________

transport_type = 'tcp'
transport_factory = <function transport_factory.<locals>.create at 0x107b10680>
server_factory = <function server_factory.<locals>.create at 0x107b10e00>
temp_sock_dir = '/REDACTED_TMP'

    @pytest.mark.asyncio
    @pytest.mark.parametrize("transport_type", ["tcp", "unix"]) # Parametrize test
    async def test_server_with_transport(
        transport_type, transport_factory, server_factory, temp_sock_dir # Use temp_sock_dir if needed
    ) -> None:
        """Test server creation and basic operation with different transports."""
        transport = await transport_factory(transport_type)
        server = await server_factory(transport=transport) # Pass transport explicitly
    
        # Server needs a future to await on in serve()
        server._serving_future = asyncio.Future()
        # server._serving_event is created by default
    
        # Start server in background task
        server_task = asyncio.create_task(server.serve())
    
        try:
            # Wait for server to be ready (Increased timeout)
            await asyncio.wait_for(server.wait_for_server_ready(), timeout=7.0)
            assert server._serving_event.is_set()
    
            # Simple check: try to connect to the endpoint
            client = await transport_factory(transport_type)
>           await client.connect(transport.endpoint)

transport/test_transport_suite.py:275: 
_ _ _ _ _ _ _ _ _ _ _ _ _ _ _ _ _ _ _ _ _ _ _ _ _ _ _ _ _ _ _ _ _ _ _ _ _ _ _ _ 
../src/pyvider/rpcplugin/transport/tcp.py:134: in connect
    if not is_valid_tcp_endpoint(endpoint):
_ _ _ _ _ _ _ _ _ _ _ _ _ _ _ _ _ _ _ _ _ _ _ _ _ _ _ _ _ _ _ _ _ _ _ _ _ _ _ _ 

endpoint = None

    def is_valid_tcp_endpoint(endpoint: str) -> TypeGuard[str]:
        """
        🔌✅🕵️  Validate that a TCP endpoint is of the form 'host:port' with a numeric port.
        Returns True if valid; otherwise, False.
        """
>       parts = endpoint.split(":")
E       AttributeError: 'NoneType' object has no attribute 'split'

../src/pyvider/rpcplugin/transport/tcp.py:30: AttributeError

During handling of the above exception, another exception occurred:

transport_type = 'tcp'
transport_factory = <function transport_factory.<locals>.create at 0x107b10680>
server_factory = <function server_factory.<locals>.create at 0x107b10e00>
temp_sock_dir = '/REDACTED_TMP'

    @pytest.mark.asyncio
    @pytest.mark.parametrize("transport_type", ["tcp", "unix"]) # Parametrize test
    async def test_server_with_transport(
        transport_type, transport_factory, server_factory, temp_sock_dir # Use temp_sock_dir if needed
    ) -> None:
        """Test server creation and basic operation with different transports."""
        transport = await transport_factory(transport_type)
        server = await server_factory(transport=transport) # Pass transport explicitly
    
        # Server needs a future to await on in serve()
        server._serving_future = asyncio.Future()
        # server._serving_event is created by default
    
        # Start server in background task
        server_task = asyncio.create_task(server.serve())
    
        try:
            # Wait for server to be ready (Increased timeout)
            await asyncio.wait_for(server.wait_for_server_ready(), timeout=7.0)
            assert server._serving_event.is_set()
    
            # Simple check: try to connect to the endpoint
            client = await transport_factory(transport_type)
            await client.connect(transport.endpoint)
            await client.close()
    
            # Trigger server shutdown
            server._shutdown_requested() # This should set the future
    
            # Wait for server task to complete (Increased timeout)
            await asyncio.wait_for(server_task, timeout=7.0)
            assert server._serving_future.done()
    
        except asyncio.TimeoutError as e:
             pytest.fail(f"Test timed out: {e}")
        except Exception as e:
>            pytest.fail(f"Test failed unexpectedly: {e}")
E            Failed: Test failed unexpectedly: 'NoneType' object has no attribute 'split'

transport/test_transport_suite.py:288: Failed
----------------------------- Captured stdout call -----------------------------
2025-05-27 09:36:54 [debug    ] 🔌🚀✅: TCP transport initialized with host=127.0.0.1, port=0 [pyvider.dynamic_call]
2025-05-27 09:36:54 [debug    ] 🛎️⚙️ Initializing HandshakeConfig from configuration. [pyvider.dynamic_call]
2025-05-27 09:36:54 [debug    ] ⚙️📖 Getting config PLUGIN_MAGIC_COOKIE_KEY = BASIC_PLUGIN [pyvider.dynamic_call]
2025-05-27 09:36:54 [debug    ] ⚙️📖 Getting config PLUGIN_MAGIC_COOKIE_VALUE = hello [pyvider.dynamic_call]
2025-05-27 09:36:54 [debug    ] ⚙️📖 Getting config PLUGIN_PROTOCOL_VERSIONS = [1] [pyvider.dynamic_call]
2025-05-27 09:36:54 [debug    ] ⚙️📖 Getting list config PLUGIN_PROTOCOL_VERSIONS = [1] [pyvider.dynamic_call]
2025-05-27 09:36:54 [debug    ] ⚙️📖 Getting config PLUGIN_SERVER_TRANSPORTS = ['unix', 'tcp'] [pyvider.dynamic_call]
2025-05-27 09:36:54 [debug    ] ⚙️📖 Getting list config PLUGIN_SERVER_TRANSPORTS = ['unix', 'tcp'] [pyvider.dynamic_call]
2025-05-27 09:36:54 [debug    ] 🛎️⚙️ HandshakeConfig set: HandshakeConfig(magic_cookie_key='BASIC_PLUGIN', magic_cookie_value='hello', protocol_versions=[1], supported_transports=['unix', 'tcp']) [pyvider.dynamic_call]
2025-05-27 09:36:54 [debug    ] 🛎️⚙️ Global RPCPluginServer instance set. [pyvider.dynamic_call]
2025-05-27 09:36:54 [debug    ] 🛎️⏳ Waiting for server ready event... [pyvider.dynamic_call]
2025-05-27 09:36:54 [debug    ] 🛎️ Entering serve(); starting server setup... [pyvider.dynamic_call]
2025-05-27 09:36:54 [debug    ] 🛎️ Registering signal handlers for graceful shutdown... [pyvider.dynamic_call]
2025-05-27 09:36:54 [debug    ] 🛎️ Signal handler registered for SIGINT. [pyvider.dynamic_call]
2025-05-27 09:36:54 [debug    ] 🛎️ Signal handler registered for SIGTERM. [pyvider.dynamic_call]
2025-05-27 09:36:54 [debug    ] 🤝 Starting handshake negotiation... [pyvider.dynamic_call]
2025-05-27 09:36:54 [debug    ] 🍪🔍 Starting magic cookie validation... [pyvider.dynamic_call]
2025-05-27 09:36:54 [debug    ] ⚙️📖 Getting config PLUGIN_MAGIC_COOKIE_KEY = BASIC_PLUGIN [pyvider.dynamic_call]
2025-05-27 09:36:54 [debug    ] ⚙️📖 Getting config PLUGIN_MAGIC_COOKIE_VALUE = hello [pyvider.dynamic_call]
2025-05-27 09:36:54 [debug    ] ⚙️📖 Getting config PLUGIN_MAGIC_COOKIE = hello [pyvider.dynamic_call]
2025-05-27 09:36:54 [debug    ] 🍪 cookie_key: BASIC_PLUGIN     [pyvider.dynamic_call]
2025-05-27 09:36:54 [debug    ] 🍪 cookie_value: hello          [pyvider.dynamic_call]
2025-05-27 09:36:54 [debug    ] 🍪 cookie_provided: hello       [pyvider.dynamic_call]
2025-05-27 09:36:54 [debug    ] 🍪✅ Magic cookie validated successfully. [pyvider.dynamic_call]
2025-05-27 09:36:54 [debug    ] 🤝 Magic cookie validated.      [pyvider.dynamic_call]
2025-05-27 09:36:54 [debug    ] 🤝🔄 Negotiating protocol version. Server supports: [1] [pyvider.dynamic_call]
2025-05-27 09:36:54 [debug    ] ⚙️📖 Getting config SUPPORTED_PROTOCOL_VERSIONS = [1, 2, 3, 4, 5, 6, 7] [pyvider.dynamic_call]
2025-05-27 09:36:54 [info     ] 🤝✅ Selected protocol version: 1 [pyvider.dynamic_call]
2025-05-27 09:36:54 [info     ] 🤝 Selected protocol version: 1 [pyvider.dynamic_call]
2025-05-27 09:36:54 [debug    ] 🤝 Using provided transport instance. [pyvider.dynamic_call]
2025-05-27 09:36:54 [debug    ] 🤝 Handshake negotiation completed; transport selected: tcp. [pyvider.dynamic_call]
2025-05-27 09:36:54 [debug    ] ⚙️📖 Getting config PLUGIN_CLIENT_CERT = None [pyvider.dynamic_call]
2025-05-27 09:36:54 [debug    ] 🛎️🔐⚠️ No client certificate provided; operating insecurely. [pyvider.dynamic_call]
2025-05-27 09:36:54 [debug    ] 🛎️ Setting up gRPC server instance... [pyvider.dynamic_call]
2025-05-27 09:36:54 [debug    ] 🛎️ gRPC server instance created. [pyvider.dynamic_call]
2025-05-27 09:36:54 [debug    ] 🛎️ Registering protocol service to gRPC server... [pyvider.dynamic_call]
2025-05-27 09:36:54 [debug    ] 🔌🚀✅ MockProtocol.add_to_server called. [pyvider.dynamic_call]
2025-05-27 09:36:54 [debug    ] 🔌 ProtocolService => Registered GRPCStdio, GRPCBroker, GRPCController. [pyvider.dynamic_call]
2025-05-27 09:36:54 [debug    ] 🛎️ Protocol service registered successfully. [pyvider.dynamic_call]
2025-05-27 09:36:54 [debug    ] 🛎️ Insecure mode – no TLS credentials used. [pyvider.dynamic_call]
2025-05-27 09:36:54 [debug    ] ⚙️📖 Getting config PLUGIN_SERVER_ENDPOINT = None [pyvider.dynamic_call]
2025-05-27 09:36:54 [debug    ] 🛎️ Binding to TCP address: 127.0.0.1:0 [pyvider.dynamic_call]
2025-05-27 09:36:54 [debug    ] 🛎️ Bound to TCP port: 59080.   [pyvider.dynamic_call]
2025-05-27 09:36:54 [debug    ] 🛎️ gRPC server started successfully. [pyvider.dynamic_call]
2025-05-27 09:36:54 [debug    ] 🤝📝🔄 Building handshake response... [pyvider.dynamic_call]
2025-05-27 09:36:54 [debug    ] 🤝📝✅ TCP endpoint set: 127.0.0.1:59080 [pyvider.dynamic_call]
2025-05-27 09:36:54 [debug    ] ⚙️📖 Getting config PLUGIN_CORE_VERSION = 1 [pyvider.dynamic_call]
2025-05-27 09:36:54 [debug    ] 🤝📝🔄 Base response structure: ['1', '1', 'tcp', '127.0.0.1:59080', 'grpc', ''] [pyvider.dynamic_call]
2025-05-27 09:36:54 [debug    ] 🤝📝✅ Handshake response successfully built: 1|1|tcp|127.0.0.1:59080|grpc| [pyvider.dynamic_call]
2025-05-27 09:36:54 [debug    ] 🤝📝 Handshake response built: 1|1|tcp|127.0.0.1:59080|grpc| [pyvider.dynamic_call]
1|1|tcp|127.0.0.1:59080|grpc|
2025-05-27 09:36:54 [debug    ] 🤝📝✅ Handshake response sent to stdout [pyvider.dynamic_call]
2025-05-27 09:36:54 [debug    ] 🛎️ Server running; awaiting shutdown signal... [pyvider.dynamic_call]
2025-05-27 09:36:54 [debug    ] 🛎️✅ Server ready event received. [pyvider.dynamic_call]
2025-05-27 09:36:54 [debug    ] 🔌🚀✅: TCP transport initialized with host=127.0.0.1, port=0 [pyvider.dynamic_call]
2025-05-27 09:36:54 [debug    ] 🔌🚀🕵️: Attempting connection to TCP endpoint: None [pyvider.dynamic_call]
2025-05-27 09:36:54 [debug    ] 🛎️ Exiting serve(); initiating shutdown... [pyvider.dynamic_call]
2025-05-27 09:36:54 [debug    ] 🛎️ Stopping server...          [pyvider.dynamic_call]
2025-05-27 09:36:54 [debug    ] 🛎️ gRPC server stopped successfully. [pyvider.dynamic_call]
2025-05-27 09:36:54 [debug    ] 🔌🔒🛑: Closing TCP transport at endpoint None [pyvider.dynamic_call]
2025-05-27 09:36:54 [debug    ] 🔌🔒✅: TCP socket transport closed completely [pyvider.dynamic_call]
2025-05-27 09:36:54 [debug    ] 🛎️ Transport closed successfully. [pyvider.dynamic_call]
2025-05-27 09:36:54 [debug    ] 🛎️ Server shutdown complete.   [pyvider.dynamic_call]
2025-05-27 09:36:54 [debug    ] 🛎️ Shutdown complete; exiting process. [pyvider.dynamic_call]
--------------------------- Captured stdout teardown ---------------------------
2025-05-27 09:36:54 [debug    ] 🛎️ Stopping server...          [pyvider.dynamic_call]
2025-05-27 09:36:54 [debug    ] 🛎️ Server shutdown complete.   [pyvider.dynamic_call]
2025-05-27 09:36:54 [debug    ] 🔌🔒🛑: Closing TCP transport at endpoint None [pyvider.dynamic_call]
2025-05-27 09:36:54 [debug    ] 🔌🔒✅: TCP socket transport closed completely [pyvider.dynamic_call]
2025-05-27 09:36:54 [debug    ] 🔌🔒🛑: Closing TCP transport at endpoint None [pyvider.dynamic_call]
2025-05-27 09:36:54 [debug    ] 🔌🔒✅: TCP socket transport closed completely [pyvider.dynamic_call]
_______________________ test_server_with_transport[unix] _______________________

self = RPCPluginServer(protocol=<tests.fixtures.mocks.MockProtocol object at 0x107aaa0d0>, handler=<tests.fixtures.mocks.Mock...vent object at 0x107ab6510 [set]>, _shutdown_event=<asyncio.locks.Event object at 0x107ab68d0 [unset]>, _instance=None)
timeout = 3.14

    async def wait_for_server_ready(self, timeout: float = 3.14) -> None:
        """
        Wait for the server to be in a ready state.
    
        This method blocks until the server is fully initialized and ready to accept
        connections, or until the specified timeout is reached.
    
        Args:
            timeout: Maximum time to wait for server readiness, in seconds
    
        Raises:
            TimeoutError: If the server does not become ready within the timeout period
        """
        try:
            logger.debug("🛎️⏳ Waiting for server ready event...")
    
            # First wait for the internal event to be set
            await asyncio.wait_for(self._serving_event.wait(), timeout)
            logger.debug("🛎️✅ Server ready event received.")
    
            # Additional verification: ensure transport endpoint is active and connectable
            if self._transport and hasattr(self._transport, 'endpoint') and self._transport.endpoint:
                if isinstance(self._transport, UnixSocketTransport):
                    # For Unix sockets, check file exists and is connectable
                    if not os.path.exists(self._transport.path):
                        logger.error("🛎️❌ Unix socket file doesn't exist")
                        raise TimeoutError("Unix socket file not created")
    
                    # Try to connect to verify socket is active
                    try:
                        logger.debug(f"🛎️🔍 Testing Unix socket connection to {self._transport.path}")
>                       sock = socket.socket(socket.AF_UNIX, socket.SOCK_STREAM)
E                       NameError: name 'socket' is not defined. Did you forget to import 'socket'?

../src/pyvider/rpcplugin/server.py:153: NameError

During handling of the above exception, another exception occurred:

self = RPCPluginServer(protocol=<tests.fixtures.mocks.MockProtocol object at 0x107aaa0d0>, handler=<tests.fixtures.mocks.Mock...vent object at 0x107ab6510 [set]>, _shutdown_event=<asyncio.locks.Event object at 0x107ab68d0 [unset]>, _instance=None)
timeout = 3.14

    async def wait_for_server_ready(self, timeout: float = 3.14) -> None:
        """
        Wait for the server to be in a ready state.
    
        This method blocks until the server is fully initialized and ready to accept
        connections, or until the specified timeout is reached.
    
        Args:
            timeout: Maximum time to wait for server readiness, in seconds
    
        Raises:
            TimeoutError: If the server does not become ready within the timeout period
        """
        try:
            logger.debug("🛎️⏳ Waiting for server ready event...")
    
            # First wait for the internal event to be set
            await asyncio.wait_for(self._serving_event.wait(), timeout)
            logger.debug("🛎️✅ Server ready event received.")
    
            # Additional verification: ensure transport endpoint is active and connectable
            if self._transport and hasattr(self._transport, 'endpoint') and self._transport.endpoint:
                if isinstance(self._transport, UnixSocketTransport):
                    # For Unix sockets, check file exists and is connectable
                    if not os.path.exists(self._transport.path):
                        logger.error("🛎️❌ Unix socket file doesn't exist")
                        raise TimeoutError("Unix socket file not created")
    
                    # Try to connect to verify socket is active
                    try:
                        logger.debug(f"🛎️🔍 Testing Unix socket connection to {self._transport.path}")
                        sock = socket.socket(socket.AF_UNIX, socket.SOCK_STREAM)
                        sock.settimeout(1.0)
                        sock.connect(self._transport.path)
                        sock.close()
                        logger.debug("🛎️✅ Unix socket connection test successful")
                    except Exception as e:
                        logger.error(f"🛎️❌ Unix socket connection test failed: {e}")
>                       raise TimeoutError(f"Unix socket not connectable: {e}")
E                       TimeoutError: Unix socket not connectable: name 'socket' is not defined

../src/pyvider/rpcplugin/server.py:160: TimeoutError

During handling of the above exception, another exception occurred:

transport_type = 'unix'
transport_factory = <function transport_factory.<locals>.create at 0x107b10040>
server_factory = <function server_factory.<locals>.create at 0x107b114e0>
temp_sock_dir = '/REDACTED_TMP'

    @pytest.mark.asyncio
    @pytest.mark.parametrize("transport_type", ["tcp", "unix"]) # Parametrize test
    async def test_server_with_transport(
        transport_type, transport_factory, server_factory, temp_sock_dir # Use temp_sock_dir if needed
    ) -> None:
        """Test server creation and basic operation with different transports."""
        transport = await transport_factory(transport_type)
        server = await server_factory(transport=transport) # Pass transport explicitly
    
        # Server needs a future to await on in serve()
        server._serving_future = asyncio.Future()
        # server._serving_event is created by default
    
        # Start server in background task
        server_task = asyncio.create_task(server.serve())
    
        try:
            # Wait for server to be ready (Increased timeout)
>           await asyncio.wait_for(server.wait_for_server_ready(), timeout=7.0)

transport/test_transport_suite.py:270: 
_ _ _ _ _ _ _ _ _ _ _ _ _ _ _ _ _ _ _ _ _ _ _ _ _ _ _ _ _ _ _ _ _ _ _ _ _ _ _ _ 
/REDACTED_ABS_PATH:507: in wait_for
    return await fut
_ _ _ _ _ _ _ _ _ _ _ _ _ _ _ _ _ _ _ _ _ _ _ _ _ _ _ _ _ _ _ _ _ _ _ _ _ _ _ _ 

self = RPCPluginServer(protocol=<tests.fixtures.mocks.MockProtocol object at 0x107aaa0d0>, handler=<tests.fixtures.mocks.Mock...vent object at 0x107ab6510 [set]>, _shutdown_event=<asyncio.locks.Event object at 0x107ab68d0 [unset]>, _instance=None)
timeout = 3.14

    async def wait_for_server_ready(self, timeout: float = 3.14) -> None:
        """
        Wait for the server to be in a ready state.
    
        This method blocks until the server is fully initialized and ready to accept
        connections, or until the specified timeout is reached.
    
        Args:
            timeout: Maximum time to wait for server readiness, in seconds
    
        Raises:
            TimeoutError: If the server does not become ready within the timeout period
        """
        try:
            logger.debug("🛎️⏳ Waiting for server ready event...")
    
            # First wait for the internal event to be set
            await asyncio.wait_for(self._serving_event.wait(), timeout)
            logger.debug("🛎️✅ Server ready event received.")
    
            # Additional verification: ensure transport endpoint is active and connectable
            if self._transport and hasattr(self._transport, 'endpoint') and self._transport.endpoint:
                if isinstance(self._transport, UnixSocketTransport):
                    # For Unix sockets, check file exists and is connectable
                    if not os.path.exists(self._transport.path):
                        logger.error("🛎️❌ Unix socket file doesn't exist")
                        raise TimeoutError("Unix socket file not created")
    
                    # Try to connect to verify socket is active
                    try:
                        logger.debug(f"🛎️🔍 Testing Unix socket connection to {self._transport.path}")
                        sock = socket.socket(socket.AF_UNIX, socket.SOCK_STREAM)
                        sock.settimeout(1.0)
                        sock.connect(self._transport.path)
                        sock.close()
                        logger.debug("🛎️✅ Unix socket connection test successful")
                    except Exception as e:
                        logger.error(f"🛎️❌ Unix socket connection test failed: {e}")
                        raise TimeoutError(f"Unix socket not connectable: {e}")
    
                elif isinstance(self._transport, TCPSocketTransport):
                    # For TCP, verify endpoint is reachable
                    try:
                        logger.debug(f"🛎️🔍 Testing TCP connection to {self._transport.endpoint}")
                        host, port_str = self._transport.endpoint.split(":")
                        sock = socket.socket(socket.AF_INET, socket.SOCK_STREAM)
                        sock.settimeout(1.0)
                        sock.connect((host, int(port_str)))
                        sock.close()
                        logger.debug("🛎️✅ TCP connection test successful")
                    except Exception as e:
                        logger.error(f"🛎️❌ TCP connection test failed: {e}")
                        raise TimeoutError(f"TCP socket not connectable: {e}")
        except asyncio.TimeoutError:
            logger.error(
                "🛎️❌ Server did not become ready within timeout.",
                extra={"timeout": timeout},
            )
>           raise TimeoutError("Server failed to become ready")
E           TimeoutError: Server failed to become ready

../src/pyvider/rpcplugin/server.py:180: TimeoutError

During handling of the above exception, another exception occurred:

transport_type = 'unix'
transport_factory = <function transport_factory.<locals>.create at 0x107b10040>
server_factory = <function server_factory.<locals>.create at 0x107b114e0>
temp_sock_dir = '/REDACTED_TMP'

    @pytest.mark.asyncio
    @pytest.mark.parametrize("transport_type", ["tcp", "unix"]) # Parametrize test
    async def test_server_with_transport(
        transport_type, transport_factory, server_factory, temp_sock_dir # Use temp_sock_dir if needed
    ) -> None:
        """Test server creation and basic operation with different transports."""
        transport = await transport_factory(transport_type)
        server = await server_factory(transport=transport) # Pass transport explicitly
    
        # Server needs a future to await on in serve()
        server._serving_future = asyncio.Future()
        # server._serving_event is created by default
    
        # Start server in background task
        server_task = asyncio.create_task(server.serve())
    
        try:
            # Wait for server to be ready (Increased timeout)
            await asyncio.wait_for(server.wait_for_server_ready(), timeout=7.0)
            assert server._serving_event.is_set()
    
            # Simple check: try to connect to the endpoint
            client = await transport_factory(transport_type)
            await client.connect(transport.endpoint)
            await client.close()
    
            # Trigger server shutdown
            server._shutdown_requested() # This should set the future
    
            # Wait for server task to complete (Increased timeout)
            await asyncio.wait_for(server_task, timeout=7.0)
            assert server._serving_future.done()
    
        except asyncio.TimeoutError as e:
>            pytest.fail(f"Test timed out: {e}")
E            Failed: Test timed out: Server failed to become ready

transport/test_transport_suite.py:286: Failed
----------------------------- Captured stdout call -----------------------------
2025-05-27 09:36:54 [debug    ] 📞🔍🚀 * Normalizing Unix path: /REDACTED_TMP [pyvider.dynamic_call]
2025-05-27 09:36:54 [debug    ] 📞🔍✅ * Normalized path: /REDACTED_TMP [pyvider.dynamic_call]
2025-05-27 09:36:54 [debug    ] 📞🚀✅ UnixSocketTransport initialized with path=/REDACTED_TMP [pyvider.dynamic_call]
2025-05-27 09:36:54 [debug    ] 🛎️⚙️ Initializing HandshakeConfig from configuration. [pyvider.dynamic_call]
2025-05-27 09:36:54 [debug    ] ⚙️📖 Getting config PLUGIN_MAGIC_COOKIE_KEY = BASIC_PLUGIN [pyvider.dynamic_call]
2025-05-27 09:36:54 [debug    ] ⚙️📖 Getting config PLUGIN_MAGIC_COOKIE_VALUE = hello [pyvider.dynamic_call]
2025-05-27 09:36:54 [debug    ] ⚙️📖 Getting config PLUGIN_PROTOCOL_VERSIONS = [1] [pyvider.dynamic_call]
2025-05-27 09:36:54 [debug    ] ⚙️📖 Getting list config PLUGIN_PROTOCOL_VERSIONS = [1] [pyvider.dynamic_call]
2025-05-27 09:36:54 [debug    ] ⚙️📖 Getting config PLUGIN_SERVER_TRANSPORTS = ['unix', 'tcp'] [pyvider.dynamic_call]
2025-05-27 09:36:54 [debug    ] ⚙️📖 Getting list config PLUGIN_SERVER_TRANSPORTS = ['unix', 'tcp'] [pyvider.dynamic_call]
2025-05-27 09:36:54 [debug    ] 🛎️⚙️ HandshakeConfig set: HandshakeConfig(magic_cookie_key='BASIC_PLUGIN', magic_cookie_value='hello', protocol_versions=[1], supported_transports=['unix', 'tcp']) [pyvider.dynamic_call]
2025-05-27 09:36:54 [debug    ] 🛎️⚙️ Global RPCPluginServer instance set. [pyvider.dynamic_call]
2025-05-27 09:36:54 [debug    ] 🛎️⏳ Waiting for server ready event... [pyvider.dynamic_call]
2025-05-27 09:36:54 [debug    ] 🛎️ Entering serve(); starting server setup... [pyvider.dynamic_call]
2025-05-27 09:36:54 [debug    ] 🛎️ Registering signal handlers for graceful shutdown... [pyvider.dynamic_call]
2025-05-27 09:36:54 [debug    ] 🛎️ Signal handler registered for SIGINT. [pyvider.dynamic_call]
2025-05-27 09:36:54 [debug    ] 🛎️ Signal handler registered for SIGTERM. [pyvider.dynamic_call]
2025-05-27 09:36:54 [debug    ] 🤝 Starting handshake negotiation... [pyvider.dynamic_call]
2025-05-27 09:36:54 [debug    ] 🍪🔍 Starting magic cookie validation... [pyvider.dynamic_call]
2025-05-27 09:36:54 [debug    ] ⚙️📖 Getting config PLUGIN_MAGIC_COOKIE_KEY = BASIC_PLUGIN [pyvider.dynamic_call]
2025-05-27 09:36:54 [debug    ] ⚙️📖 Getting config PLUGIN_MAGIC_COOKIE_VALUE = hello [pyvider.dynamic_call]
2025-05-27 09:36:54 [debug    ] ⚙️📖 Getting config PLUGIN_MAGIC_COOKIE = hello [pyvider.dynamic_call]
2025-05-27 09:36:54 [debug    ] 🍪 cookie_key: BASIC_PLUGIN     [pyvider.dynamic_call]
2025-05-27 09:36:54 [debug    ] 🍪 cookie_value: hello          [pyvider.dynamic_call]
2025-05-27 09:36:54 [debug    ] 🍪 cookie_provided: hello       [pyvider.dynamic_call]
2025-05-27 09:36:54 [debug    ] 🍪✅ Magic cookie validated successfully. [pyvider.dynamic_call]
2025-05-27 09:36:54 [debug    ] 🤝 Magic cookie validated.      [pyvider.dynamic_call]
2025-05-27 09:36:54 [debug    ] 🤝🔄 Negotiating protocol version. Server supports: [1] [pyvider.dynamic_call]
2025-05-27 09:36:54 [debug    ] ⚙️📖 Getting config SUPPORTED_PROTOCOL_VERSIONS = [1, 2, 3, 4, 5, 6, 7] [pyvider.dynamic_call]
2025-05-27 09:36:54 [info     ] 🤝✅ Selected protocol version: 1 [pyvider.dynamic_call]
2025-05-27 09:36:54 [info     ] 🤝 Selected protocol version: 1 [pyvider.dynamic_call]
2025-05-27 09:36:54 [debug    ] 🤝 Using provided transport instance. [pyvider.dynamic_call]
2025-05-27 09:36:54 [debug    ] 🤝 Handshake negotiation completed; transport selected: unix. [pyvider.dynamic_call]
2025-05-27 09:36:54 [debug    ] ⚙️📖 Getting config PLUGIN_CLIENT_CERT = None [pyvider.dynamic_call]
2025-05-27 09:36:54 [debug    ] 🛎️🔐⚠️ No client certificate provided; operating insecurely. [pyvider.dynamic_call]
2025-05-27 09:36:54 [debug    ] 🛎️ Setting up gRPC server instance... [pyvider.dynamic_call]
2025-05-27 09:36:54 [debug    ] 🛎️ gRPC server instance created. [pyvider.dynamic_call]
2025-05-27 09:36:54 [debug    ] 🛎️ Registering protocol service to gRPC server... [pyvider.dynamic_call]
2025-05-27 09:36:54 [debug    ] 🔌🚀✅ MockProtocol.add_to_server called. [pyvider.dynamic_call]
2025-05-27 09:36:54 [debug    ] 🔌 ProtocolService => Registered GRPCStdio, GRPCBroker, GRPCController. [pyvider.dynamic_call]
2025-05-27 09:36:54 [debug    ] 🛎️ Protocol service registered successfully. [pyvider.dynamic_call]
2025-05-27 09:36:54 [debug    ] 🛎️ Insecure mode – no TLS credentials used. [pyvider.dynamic_call]
2025-05-27 09:36:54 [debug    ] ⚙️📖 Getting config PLUGIN_SERVER_ENDPOINT = None [pyvider.dynamic_call]
2025-05-27 09:36:54 [debug    ] 🛎️ Using Unix socket transport; listening on socket... [pyvider.dynamic_call]
2025-05-27 09:36:54 [debug    ] 📞🕹✅ Created directory: /REDACTED_TMP [pyvider.dynamic_call]
2025-05-27 09:36:54 [debug    ] 📞🕹🚀 Creating Unix socket at /REDACTED_TMP [pyvider.dynamic_call]
2025-05-27 09:36:54 [debug    ] 📞🕹✅ Set world-writable permissions (0770) on /REDACTED_TMP [pyvider.dynamic_call]
2025-05-27 09:36:54 [debug    ] 📞🕹✅ Server listening on /REDACTED_TMP [pyvider.dynamic_call]
2025-05-27 09:36:54 [debug    ] 🛎️ Bound to Unix socket at unix:/REDACTED_TMP [pyvider.dynamic_call]
2025-05-27 09:36:54 [debug    ] 🛎️ gRPC server started successfully. [pyvider.dynamic_call]
2025-05-27 09:36:54 [debug    ] 🛎️ Verified Unix socket file permissions at /REDACTED_TMP [pyvider.dynamic_call]
2025-05-27 09:36:54 [debug    ] 🤝📝🔄 Building handshake response... [pyvider.dynamic_call]
2025-05-27 09:36:54 [debug    ] 🤝📝✅ Using existing Unix transport endpoint: /REDACTED_TMP [pyvider.dynamic_call]
2025-05-27 09:36:54 [debug    ] ⚙️📖 Getting config PLUGIN_CORE_VERSION = 1 [pyvider.dynamic_call]
2025-05-27 09:36:54 [debug    ] 🤝📝🔄 Base response structure: ['1', '1', 'unix', '/REDACTED_TMP', 'grpc', ''] [pyvider.dynamic_call]
2025-05-27 09:36:54 [debug    ] 🤝📝✅ Handshake response successfully built: 1|1|unix|/REDACTED_TMP|grpc| [pyvider.dynamic_call]
2025-05-27 09:36:54 [debug    ] 🤝📝 Handshake response built: 1|1|unix|/REDACTED_TMP|grpc| [pyvider.dynamic_call]
1|1|unix|/REDACTED_TMP|grpc|
2025-05-27 09:36:54 [debug    ] 🤝📝✅ Handshake response sent to stdout [pyvider.dynamic_call]
2025-05-27 09:36:54 [debug    ] 🛎️ Server running; awaiting shutdown signal... [pyvider.dynamic_call]
2025-05-27 09:36:54 [debug    ] 🛎️✅ Server ready event received. [pyvider.dynamic_call]
2025-05-27 09:36:54 [debug    ] 🛎️🔍 Testing Unix socket connection to /REDACTED_TMP [pyvider.dynamic_call]
2025-05-27 09:36:54 [error    ] 🛎️❌ Unix socket connection test failed: name 'socket' is not defined [pyvider.dynamic_call]
2025-05-27 09:36:54 [error    ] 🛎️❌ Server did not become ready within timeout. [pyvider.dynamic_call] extra={'timeout': 3.14}
2025-05-27 09:36:54 [debug    ] 🛎️ Exiting serve(); initiating shutdown... [pyvider.dynamic_call]
2025-05-27 09:36:54 [debug    ] 🛎️ Stopping server...          [pyvider.dynamic_call]
2025-05-27 09:36:54 [debug    ] 🛎️ gRPC server stopped successfully. [pyvider.dynamic_call]
2025-05-27 09:36:54 [debug    ] 📞🔒🚀 Closing Unix socket transport at /REDACTED_TMP [pyvider.dynamic_call]
2025-05-27 09:36:54 [debug    ] 📞🔒✅ Closed server              [pyvider.dynamic_call]
2025-05-27 09:36:54 [debug    ] 📞🔒✅ Unix socket transport closed completely [pyvider.dynamic_call]
2025-05-27 09:36:54 [debug    ] 🛎️ Transport closed successfully. [pyvider.dynamic_call]
2025-05-27 09:36:54 [debug    ] 🛎️ Server shutdown complete.   [pyvider.dynamic_call]
2025-05-27 09:36:54 [debug    ] 🛎️ Shutdown complete; exiting process. [pyvider.dynamic_call]
--------------------------- Captured stdout teardown ---------------------------
2025-05-27 09:36:54 [debug    ] 🛎️ Stopping server...          [pyvider.dynamic_call]
2025-05-27 09:36:54 [debug    ] 🛎️ Server shutdown complete.   [pyvider.dynamic_call]
2025-05-27 09:36:54 [debug    ] 📞🔒🚀 Closing Unix socket transport at /REDACTED_TMP [pyvider.dynamic_call]
2025-05-27 09:36:54 [debug    ] 📞🔒✅ Unix socket transport closed completely [pyvider.dynamic_call]
____________________ test_server_startup_and_shutdown[tcp] _____________________

rpc_server = RPCPluginServer(protocol=<tests.fixtures.mocks.MockProtocol object at 0x107aaa350>, handler=<tests.fixtures.mocks.Mock...vent object at 0x107ab44d0 [set]>, _shutdown_event=<asyncio.locks.Event object at 0x107ab6570 [unset]>, _instance=None)
transport_fixture = ('tcp', <function transport_fixture.<locals>.<lambda> at 0x107b100e0>, '127.0.0.1:59090')
socket_monitor = <function socket_monitor.<locals>.create_monitor at 0x107b107c0>

    @pytest.mark.asyncio
    async def test_server_startup_and_shutdown(rpc_server: RPCPluginServer, transport_fixture, socket_monitor):
        """Test server starts listening and shuts down cleanly."""
        transport_type, _, endpoint = transport_fixture
    
        # Create a socket monitor appropriate for the transport type
        monitor = None
        if transport_type == "unix":
            monitor = socket_monitor(endpoint)  # Use the fixture correctly here
    
    
        logger.info(f"Testing server startup: Type={transport_type}, Endpoint={endpoint}")
        server_task = asyncio.create_task(rpc_server.serve())
        # Add a small delay *before* checking readiness to allow server task to proceed
        await asyncio.sleep(0.1)
    
        # Wait for the server to be ready (listening on socket/port)
        try:
            # Use increased timeout for readiness check
            await asyncio.wait_for(rpc_server.wait_for_server_ready(), timeout=7.0)
            logger.info("Server reported ready.")
    
            # Verify the transport endpoint is active
            if transport_type == "unix":
                assert monitor is not None
                assert await monitor.wait_for_active(timeout=2.0), "Transport endpoint did not become active"
                # Add stat check
                assert stat.S_ISSOCK(os.stat(endpoint).st_mode), "Unix path is not a socket"
            else:  # tcp
                # For TCP, try to connect to verify it's active
                sock = socket.socket(socket.AF_INET, socket.SOCK_STREAM)
                host, port_str = endpoint.split(":")
                sock.settimeout(2.0)
>               sock.connect((host, int(port_str)))
E               ConnectionRefusedError: [Errno 61] Connection refused

transport/test_transport_suite_2.py:162: ConnectionRefusedError

During handling of the above exception, another exception occurred:

rpc_server = RPCPluginServer(protocol=<tests.fixtures.mocks.MockProtocol object at 0x107aaa350>, handler=<tests.fixtures.mocks.Mock...vent object at 0x107ab44d0 [set]>, _shutdown_event=<asyncio.locks.Event object at 0x107ab6570 [unset]>, _instance=None)
transport_fixture = ('tcp', <function transport_fixture.<locals>.<lambda> at 0x107b100e0>, '127.0.0.1:59090')
socket_monitor = <function socket_monitor.<locals>.create_monitor at 0x107b107c0>

    @pytest.mark.asyncio
    async def test_server_startup_and_shutdown(rpc_server: RPCPluginServer, transport_fixture, socket_monitor):
        """Test server starts listening and shuts down cleanly."""
        transport_type, _, endpoint = transport_fixture
    
        # Create a socket monitor appropriate for the transport type
        monitor = None
        if transport_type == "unix":
            monitor = socket_monitor(endpoint)  # Use the fixture correctly here
    
    
        logger.info(f"Testing server startup: Type={transport_type}, Endpoint={endpoint}")
        server_task = asyncio.create_task(rpc_server.serve())
        # Add a small delay *before* checking readiness to allow server task to proceed
        await asyncio.sleep(0.1)
    
        # Wait for the server to be ready (listening on socket/port)
        try:
            # Use increased timeout for readiness check
            await asyncio.wait_for(rpc_server.wait_for_server_ready(), timeout=7.0)
            logger.info("Server reported ready.")
    
            # Verify the transport endpoint is active
            if transport_type == "unix":
                assert monitor is not None
                assert await monitor.wait_for_active(timeout=2.0), "Transport endpoint did not become active"
                # Add stat check
                assert stat.S_ISSOCK(os.stat(endpoint).st_mode), "Unix path is not a socket"
            else:  # tcp
                # For TCP, try to connect to verify it's active
                sock = socket.socket(socket.AF_INET, socket.SOCK_STREAM)
                host, port_str = endpoint.split(":")
                sock.settimeout(2.0)
                sock.connect((host, int(port_str)))
                sock.close()
    
            logger.info("Transport endpoint confirmed active.")
        except Exception as e:
             server_task.cancel()
             await asyncio.gather(server_task, return_exceptions=True)
>            pytest.fail(f"Server readiness check failed for {transport_type}: {e}")
E            Failed: Server readiness check failed for tcp: [Errno 61] Connection refused

transport/test_transport_suite_2.py:169: Failed
---------------------------- Captured stdout setup -----------------------------
2025-05-27 09:36:56 [debug    ] Creating SERVER transport: Type=tcp, Endpoint=127.0.0.1:59090 [pyvider.dynamic_call]
2025-05-27 09:36:56 [debug    ] 🔌🚀✅: TCP transport initialized with host=127.0.0.1, port=59090 [pyvider.dynamic_call]
2025-05-27 09:36:56 [debug    ] Creating RPCPluginServer instance for test... [pyvider.dynamic_call]
2025-05-27 09:36:56 [debug    ] 🛎️⚙️ Initializing HandshakeConfig from configuration. [pyvider.dynamic_call]
2025-05-27 09:36:56 [debug    ] ⚙️📖 Getting config PLUGIN_MAGIC_COOKIE_KEY = BASIC_PLUGIN [pyvider.dynamic_call]
2025-05-27 09:36:56 [debug    ] ⚙️📖 Getting config PLUGIN_MAGIC_COOKIE_VALUE = hello [pyvider.dynamic_call]
2025-05-27 09:36:56 [debug    ] ⚙️📖 Getting config PLUGIN_PROTOCOL_VERSIONS = [1] [pyvider.dynamic_call]
2025-05-27 09:36:56 [debug    ] ⚙️📖 Getting list config PLUGIN_PROTOCOL_VERSIONS = [1] [pyvider.dynamic_call]
2025-05-27 09:36:56 [debug    ] ⚙️📖 Getting config PLUGIN_SERVER_TRANSPORTS = ['unix', 'tcp'] [pyvider.dynamic_call]
2025-05-27 09:36:56 [debug    ] ⚙️📖 Getting list config PLUGIN_SERVER_TRANSPORTS = ['unix', 'tcp'] [pyvider.dynamic_call]
2025-05-27 09:36:56 [debug    ] 🛎️⚙️ HandshakeConfig set: HandshakeConfig(magic_cookie_key='BASIC_PLUGIN', magic_cookie_value='hello', protocol_versions=[1], supported_transports=['unix', 'tcp']) [pyvider.dynamic_call]
2025-05-27 09:36:56 [debug    ] 🛎️⚙️ Global RPCPluginServer instance set. [pyvider.dynamic_call]
----------------------------- Captured stdout call -----------------------------
2025-05-27 09:36:56 [info     ] Testing server startup: Type=tcp, Endpoint=127.0.0.1:59090 [pyvider.dynamic_call]
2025-05-27 09:36:56 [debug    ] 🛎️ Entering serve(); starting server setup... [pyvider.dynamic_call]
2025-05-27 09:36:56 [debug    ] 🛎️ Registering signal handlers for graceful shutdown... [pyvider.dynamic_call]
2025-05-27 09:36:56 [debug    ] 🛎️ Signal handler registered for SIGINT. [pyvider.dynamic_call]
2025-05-27 09:36:56 [debug    ] 🛎️ Signal handler registered for SIGTERM. [pyvider.dynamic_call]
2025-05-27 09:36:56 [debug    ] 🤝 Starting handshake negotiation... [pyvider.dynamic_call]
2025-05-27 09:36:56 [debug    ] 🍪🔍 Starting magic cookie validation... [pyvider.dynamic_call]
2025-05-27 09:36:56 [debug    ] ⚙️📖 Getting config PLUGIN_MAGIC_COOKIE_KEY = BASIC_PLUGIN [pyvider.dynamic_call]
2025-05-27 09:36:56 [debug    ] ⚙️📖 Getting config PLUGIN_MAGIC_COOKIE_VALUE = hello [pyvider.dynamic_call]
2025-05-27 09:36:56 [debug    ] ⚙️📖 Getting config PLUGIN_MAGIC_COOKIE = hello [pyvider.dynamic_call]
2025-05-27 09:36:56 [debug    ] 🍪 cookie_key: BASIC_PLUGIN     [pyvider.dynamic_call]
2025-05-27 09:36:56 [debug    ] 🍪 cookie_value: hello          [pyvider.dynamic_call]
2025-05-27 09:36:56 [debug    ] 🍪 cookie_provided: hello       [pyvider.dynamic_call]
2025-05-27 09:36:56 [debug    ] 🍪✅ Magic cookie validated successfully. [pyvider.dynamic_call]
2025-05-27 09:36:56 [debug    ] 🤝 Magic cookie validated.      [pyvider.dynamic_call]
2025-05-27 09:36:56 [debug    ] 🤝🔄 Negotiating protocol version. Server supports: [1] [pyvider.dynamic_call]
2025-05-27 09:36:56 [debug    ] ⚙️📖 Getting config SUPPORTED_PROTOCOL_VERSIONS = [1, 2, 3, 4, 5, 6, 7] [pyvider.dynamic_call]
2025-05-27 09:36:56 [info     ] 🤝✅ Selected protocol version: 1 [pyvider.dynamic_call]
2025-05-27 09:36:56 [info     ] 🤝 Selected protocol version: 1 [pyvider.dynamic_call]
2025-05-27 09:36:56 [debug    ] 🤝 Using provided transport instance. [pyvider.dynamic_call]
2025-05-27 09:36:56 [debug    ] 🤝 Handshake negotiation completed; transport selected: tcp. [pyvider.dynamic_call]
2025-05-27 09:36:56 [debug    ] ⚙️📖 Getting config PLUGIN_CLIENT_CERT = None [pyvider.dynamic_call]
2025-05-27 09:36:56 [debug    ] 🛎️🔐⚠️ No client certificate provided; operating insecurely. [pyvider.dynamic_call]
2025-05-27 09:36:56 [debug    ] 🛎️ Setting up gRPC server instance... [pyvider.dynamic_call]
2025-05-27 09:36:56 [debug    ] 🛎️ gRPC server instance created. [pyvider.dynamic_call]
2025-05-27 09:36:56 [debug    ] 🛎️ Registering protocol service to gRPC server... [pyvider.dynamic_call]
2025-05-27 09:36:56 [debug    ] 🔌🚀✅ MockProtocol.add_to_server called. [pyvider.dynamic_call]
2025-05-27 09:36:56 [debug    ] 🔌 ProtocolService => Registered GRPCStdio, GRPCBroker, GRPCController. [pyvider.dynamic_call]
2025-05-27 09:36:56 [debug    ] 🛎️ Protocol service registered successfully. [pyvider.dynamic_call]
2025-05-27 09:36:56 [debug    ] 🛎️ Insecure mode – no TLS credentials used. [pyvider.dynamic_call]
2025-05-27 09:36:56 [debug    ] ⚙️📖 Getting config PLUGIN_SERVER_ENDPOINT = None [pyvider.dynamic_call]
2025-05-27 09:36:56 [debug    ] 🛎️ Binding to TCP address: 127.0.0.1:0 [pyvider.dynamic_call]
2025-05-27 09:36:56 [debug    ] 🛎️ Bound to TCP port: 59091.   [pyvider.dynamic_call]
2025-05-27 09:36:56 [debug    ] 🛎️ gRPC server started successfully. [pyvider.dynamic_call]
2025-05-27 09:36:56 [debug    ] 🤝📝🔄 Building handshake response... [pyvider.dynamic_call]
2025-05-27 09:36:56 [debug    ] 🤝📝✅ TCP endpoint set: 127.0.0.1:59091 [pyvider.dynamic_call]
2025-05-27 09:36:56 [debug    ] ⚙️📖 Getting config PLUGIN_CORE_VERSION = 1 [pyvider.dynamic_call]
2025-05-27 09:36:56 [debug    ] 🤝📝🔄 Base response structure: ['1', '1', 'tcp', '127.0.0.1:59091', 'grpc', ''] [pyvider.dynamic_call]
2025-05-27 09:36:56 [debug    ] 🤝📝✅ Handshake response successfully built: 1|1|tcp|127.0.0.1:59091|grpc| [pyvider.dynamic_call]
2025-05-27 09:36:56 [debug    ] 🤝📝 Handshake response built: 1|1|tcp|127.0.0.1:59091|grpc| [pyvider.dynamic_call]
1|1|tcp|127.0.0.1:59091|grpc|
2025-05-27 09:36:56 [debug    ] 🤝📝✅ Handshake response sent to stdout [pyvider.dynamic_call]
2025-05-27 09:36:56 [debug    ] 🛎️ Server running; awaiting shutdown signal... [pyvider.dynamic_call]
2025-05-27 09:36:56 [debug    ] 🛎️⏳ Waiting for server ready event... [pyvider.dynamic_call]
2025-05-27 09:36:56 [debug    ] 🛎️✅ Server ready event received. [pyvider.dynamic_call]
2025-05-27 09:36:56 [info     ] Server reported ready.         [pyvider.dynamic_call]
2025-05-27 09:36:56 [debug    ] 🛎️ Exiting serve(); initiating shutdown... [pyvider.dynamic_call]
2025-05-27 09:36:56 [debug    ] 🛎️ Stopping server...          [pyvider.dynamic_call]
2025-05-27 09:36:56 [debug    ] 🛎️ gRPC server stopped successfully. [pyvider.dynamic_call]
2025-05-27 09:36:56 [debug    ] 🔌🔒🛑: Closing TCP transport at endpoint None [pyvider.dynamic_call]
2025-05-27 09:36:57 [debug    ] 🔌🔒✅: TCP socket transport closed completely [pyvider.dynamic_call]
2025-05-27 09:36:57 [debug    ] 🛎️ Transport closed successfully. [pyvider.dynamic_call]
2025-05-27 09:36:57 [debug    ] 🛎️ Server shutdown complete.   [pyvider.dynamic_call]
2025-05-27 09:36:57 [debug    ] 🛎️ Shutdown complete; exiting process. [pyvider.dynamic_call]
--------------------------- Captured stdout teardown ---------------------------
2025-05-27 09:36:57 [debug    ] Stopping RPCPluginServer instance in fixture teardown... [pyvider.dynamic_call]
2025-05-27 09:36:57 [debug    ] Closing SERVER transport: Type=tcp, Endpoint=127.0.0.1:59090 [pyvider.dynamic_call]
2025-05-27 09:36:57 [debug    ] 🔌🔒🛑: Closing TCP transport at endpoint None [pyvider.dynamic_call]
2025-05-27 09:36:57 [debug    ] 🔌🔒✅: TCP socket transport closed completely [pyvider.dynamic_call]
____________________ test_server_startup_and_shutdown[unix] ____________________

self = RPCPluginServer(protocol=<tests.fixtures.mocks.MockProtocol object at 0x107ab9a70>, handler=<tests.fixtures.mocks.Mock...vent object at 0x107aa65d0 [set]>, _shutdown_event=<asyncio.locks.Event object at 0x107aa6930 [unset]>, _instance=None)
timeout = 3.14

    async def wait_for_server_ready(self, timeout: float = 3.14) -> None:
        """
        Wait for the server to be in a ready state.
    
        This method blocks until the server is fully initialized and ready to accept
        connections, or until the specified timeout is reached.
    
        Args:
            timeout: Maximum time to wait for server readiness, in seconds
    
        Raises:
            TimeoutError: If the server does not become ready within the timeout period
        """
        try:
            logger.debug("🛎️⏳ Waiting for server ready event...")
    
            # First wait for the internal event to be set
            await asyncio.wait_for(self._serving_event.wait(), timeout)
            logger.debug("🛎️✅ Server ready event received.")
    
            # Additional verification: ensure transport endpoint is active and connectable
            if self._transport and hasattr(self._transport, 'endpoint') and self._transport.endpoint:
                if isinstance(self._transport, UnixSocketTransport):
                    # For Unix sockets, check file exists and is connectable
                    if not os.path.exists(self._transport.path):
                        logger.error("🛎️❌ Unix socket file doesn't exist")
                        raise TimeoutError("Unix socket file not created")
    
                    # Try to connect to verify socket is active
                    try:
                        logger.debug(f"🛎️🔍 Testing Unix socket connection to {self._transport.path}")
>                       sock = socket.socket(socket.AF_UNIX, socket.SOCK_STREAM)
E                       NameError: name 'socket' is not defined. Did you forget to import 'socket'?

../src/pyvider/rpcplugin/server.py:153: NameError

During handling of the above exception, another exception occurred:

self = RPCPluginServer(protocol=<tests.fixtures.mocks.MockProtocol object at 0x107ab9a70>, handler=<tests.fixtures.mocks.Mock...vent object at 0x107aa65d0 [set]>, _shutdown_event=<asyncio.locks.Event object at 0x107aa6930 [unset]>, _instance=None)
timeout = 3.14

    async def wait_for_server_ready(self, timeout: float = 3.14) -> None:
        """
        Wait for the server to be in a ready state.
    
        This method blocks until the server is fully initialized and ready to accept
        connections, or until the specified timeout is reached.
    
        Args:
            timeout: Maximum time to wait for server readiness, in seconds
    
        Raises:
            TimeoutError: If the server does not become ready within the timeout period
        """
        try:
            logger.debug("🛎️⏳ Waiting for server ready event...")
    
            # First wait for the internal event to be set
            await asyncio.wait_for(self._serving_event.wait(), timeout)
            logger.debug("🛎️✅ Server ready event received.")
    
            # Additional verification: ensure transport endpoint is active and connectable
            if self._transport and hasattr(self._transport, 'endpoint') and self._transport.endpoint:
                if isinstance(self._transport, UnixSocketTransport):
                    # For Unix sockets, check file exists and is connectable
                    if not os.path.exists(self._transport.path):
                        logger.error("🛎️❌ Unix socket file doesn't exist")
                        raise TimeoutError("Unix socket file not created")
    
                    # Try to connect to verify socket is active
                    try:
                        logger.debug(f"🛎️🔍 Testing Unix socket connection to {self._transport.path}")
                        sock = socket.socket(socket.AF_UNIX, socket.SOCK_STREAM)
                        sock.settimeout(1.0)
                        sock.connect(self._transport.path)
                        sock.close()
                        logger.debug("🛎️✅ Unix socket connection test successful")
                    except Exception as e:
                        logger.error(f"🛎️❌ Unix socket connection test failed: {e}")
>                       raise TimeoutError(f"Unix socket not connectable: {e}")
E                       TimeoutError: Unix socket not connectable: name 'socket' is not defined

../src/pyvider/rpcplugin/server.py:160: TimeoutError

During handling of the above exception, another exception occurred:

rpc_server = RPCPluginServer(protocol=<tests.fixtures.mocks.MockProtocol object at 0x107ab9a70>, handler=<tests.fixtures.mocks.Mock...vent object at 0x107aa65d0 [set]>, _shutdown_event=<asyncio.locks.Event object at 0x107aa6930 [unset]>, _instance=None)
transport_fixture = ('unix', <function transport_fixture.<locals>.<lambda> at 0x107b44d60>, '/REDACTED_TMP')
socket_monitor = <function socket_monitor.<locals>.create_monitor at 0x107b45080>

    @pytest.mark.asyncio
    async def test_server_startup_and_shutdown(rpc_server: RPCPluginServer, transport_fixture, socket_monitor):
        """Test server starts listening and shuts down cleanly."""
        transport_type, _, endpoint = transport_fixture
    
        # Create a socket monitor appropriate for the transport type
        monitor = None
        if transport_type == "unix":
            monitor = socket_monitor(endpoint)  # Use the fixture correctly here
    
    
        logger.info(f"Testing server startup: Type={transport_type}, Endpoint={endpoint}")
        server_task = asyncio.create_task(rpc_server.serve())
        # Add a small delay *before* checking readiness to allow server task to proceed
        await asyncio.sleep(0.1)
    
        # Wait for the server to be ready (listening on socket/port)
        try:
            # Use increased timeout for readiness check
>           await asyncio.wait_for(rpc_server.wait_for_server_ready(), timeout=7.0)

transport/test_transport_suite_2.py:148: 
_ _ _ _ _ _ _ _ _ _ _ _ _ _ _ _ _ _ _ _ _ _ _ _ _ _ _ _ _ _ _ _ _ _ _ _ _ _ _ _ 
/REDACTED_ABS_PATH:507: in wait_for
    return await fut
_ _ _ _ _ _ _ _ _ _ _ _ _ _ _ _ _ _ _ _ _ _ _ _ _ _ _ _ _ _ _ _ _ _ _ _ _ _ _ _ 

self = RPCPluginServer(protocol=<tests.fixtures.mocks.MockProtocol object at 0x107ab9a70>, handler=<tests.fixtures.mocks.Mock...vent object at 0x107aa65d0 [set]>, _shutdown_event=<asyncio.locks.Event object at 0x107aa6930 [unset]>, _instance=None)
timeout = 3.14

    async def wait_for_server_ready(self, timeout: float = 3.14) -> None:
        """
        Wait for the server to be in a ready state.
    
        This method blocks until the server is fully initialized and ready to accept
        connections, or until the specified timeout is reached.
    
        Args:
            timeout: Maximum time to wait for server readiness, in seconds
    
        Raises:
            TimeoutError: If the server does not become ready within the timeout period
        """
        try:
            logger.debug("🛎️⏳ Waiting for server ready event...")
    
            # First wait for the internal event to be set
            await asyncio.wait_for(self._serving_event.wait(), timeout)
            logger.debug("🛎️✅ Server ready event received.")
    
            # Additional verification: ensure transport endpoint is active and connectable
            if self._transport and hasattr(self._transport, 'endpoint') and self._transport.endpoint:
                if isinstance(self._transport, UnixSocketTransport):
                    # For Unix sockets, check file exists and is connectable
                    if not os.path.exists(self._transport.path):
                        logger.error("🛎️❌ Unix socket file doesn't exist")
                        raise TimeoutError("Unix socket file not created")
    
                    # Try to connect to verify socket is active
                    try:
                        logger.debug(f"🛎️🔍 Testing Unix socket connection to {self._transport.path}")
                        sock = socket.socket(socket.AF_UNIX, socket.SOCK_STREAM)
                        sock.settimeout(1.0)
                        sock.connect(self._transport.path)
                        sock.close()
                        logger.debug("🛎️✅ Unix socket connection test successful")
                    except Exception as e:
                        logger.error(f"🛎️❌ Unix socket connection test failed: {e}")
                        raise TimeoutError(f"Unix socket not connectable: {e}")
    
                elif isinstance(self._transport, TCPSocketTransport):
                    # For TCP, verify endpoint is reachable
                    try:
                        logger.debug(f"🛎️🔍 Testing TCP connection to {self._transport.endpoint}")
                        host, port_str = self._transport.endpoint.split(":")
                        sock = socket.socket(socket.AF_INET, socket.SOCK_STREAM)
                        sock.settimeout(1.0)
                        sock.connect((host, int(port_str)))
                        sock.close()
                        logger.debug("🛎️✅ TCP connection test successful")
                    except Exception as e:
                        logger.error(f"🛎️❌ TCP connection test failed: {e}")
                        raise TimeoutError(f"TCP socket not connectable: {e}")
        except asyncio.TimeoutError:
            logger.error(
                "🛎️❌ Server did not become ready within timeout.",
                extra={"timeout": timeout},
            )
>           raise TimeoutError("Server failed to become ready")
E           TimeoutError: Server failed to become ready

../src/pyvider/rpcplugin/server.py:180: TimeoutError

During handling of the above exception, another exception occurred:

rpc_server = RPCPluginServer(protocol=<tests.fixtures.mocks.MockProtocol object at 0x107ab9a70>, handler=<tests.fixtures.mocks.Mock...vent object at 0x107aa65d0 [set]>, _shutdown_event=<asyncio.locks.Event object at 0x107aa6930 [unset]>, _instance=None)
transport_fixture = ('unix', <function transport_fixture.<locals>.<lambda> at 0x107b44d60>, '/REDACTED_TMP')
socket_monitor = <function socket_monitor.<locals>.create_monitor at 0x107b45080>

    @pytest.mark.asyncio
    async def test_server_startup_and_shutdown(rpc_server: RPCPluginServer, transport_fixture, socket_monitor):
        """Test server starts listening and shuts down cleanly."""
        transport_type, _, endpoint = transport_fixture
    
        # Create a socket monitor appropriate for the transport type
        monitor = None
        if transport_type == "unix":
            monitor = socket_monitor(endpoint)  # Use the fixture correctly here
    
    
        logger.info(f"Testing server startup: Type={transport_type}, Endpoint={endpoint}")
        server_task = asyncio.create_task(rpc_server.serve())
        # Add a small delay *before* checking readiness to allow server task to proceed
        await asyncio.sleep(0.1)
    
        # Wait for the server to be ready (listening on socket/port)
        try:
            # Use increased timeout for readiness check
            await asyncio.wait_for(rpc_server.wait_for_server_ready(), timeout=7.0)
            logger.info("Server reported ready.")
    
            # Verify the transport endpoint is active
            if transport_type == "unix":
                assert monitor is not None
                assert await monitor.wait_for_active(timeout=2.0), "Transport endpoint did not become active"
                # Add stat check
                assert stat.S_ISSOCK(os.stat(endpoint).st_mode), "Unix path is not a socket"
            else:  # tcp
                # For TCP, try to connect to verify it's active
                sock = socket.socket(socket.AF_INET, socket.SOCK_STREAM)
                host, port_str = endpoint.split(":")
                sock.settimeout(2.0)
                sock.connect((host, int(port_str)))
                sock.close()
    
            logger.info("Transport endpoint confirmed active.")
        except Exception as e:
             server_task.cancel()
             await asyncio.gather(server_task, return_exceptions=True)
>            pytest.fail(f"Server readiness check failed for {transport_type}: {e}")
E            Failed: Server readiness check failed for unix: Server failed to become ready

transport/test_transport_suite_2.py:169: Failed
---------------------------- Captured stdout setup -----------------------------
2025-05-27 09:36:57 [debug    ] Creating SERVER transport: Type=unix, Endpoint=/REDACTED_TMP [pyvider.dynamic_call]
2025-05-27 09:36:57 [debug    ] 📞🔍🚀 * Normalizing Unix path: /REDACTED_TMP [pyvider.dynamic_call]
2025-05-27 09:36:57 [debug    ] 📞🔍✅ * Normalized path: /REDACTED_TMP [pyvider.dynamic_call]
2025-05-27 09:36:57 [debug    ] 📞🚀✅ UnixSocketTransport initialized with path=/REDACTED_TMP [pyvider.dynamic_call]
2025-05-27 09:36:57 [debug    ] Creating RPCPluginServer instance for test... [pyvider.dynamic_call]
2025-05-27 09:36:57 [debug    ] 🛎️⚙️ Initializing HandshakeConfig from configuration. [pyvider.dynamic_call]
2025-05-27 09:36:57 [debug    ] ⚙️📖 Getting config PLUGIN_MAGIC_COOKIE_KEY = BASIC_PLUGIN [pyvider.dynamic_call]
2025-05-27 09:36:57 [debug    ] ⚙️📖 Getting config PLUGIN_MAGIC_COOKIE_VALUE = hello [pyvider.dynamic_call]
2025-05-27 09:36:57 [debug    ] ⚙️📖 Getting config PLUGIN_PROTOCOL_VERSIONS = [1] [pyvider.dynamic_call]
2025-05-27 09:36:57 [debug    ] ⚙️📖 Getting list config PLUGIN_PROTOCOL_VERSIONS = [1] [pyvider.dynamic_call]
2025-05-27 09:36:57 [debug    ] ⚙️📖 Getting config PLUGIN_SERVER_TRANSPORTS = ['unix', 'tcp'] [pyvider.dynamic_call]
2025-05-27 09:36:57 [debug    ] ⚙️📖 Getting list config PLUGIN_SERVER_TRANSPORTS = ['unix', 'tcp'] [pyvider.dynamic_call]
2025-05-27 09:36:57 [debug    ] 🛎️⚙️ HandshakeConfig set: HandshakeConfig(magic_cookie_key='BASIC_PLUGIN', magic_cookie_value='hello', protocol_versions=[1], supported_transports=['unix', 'tcp']) [pyvider.dynamic_call]
2025-05-27 09:36:57 [debug    ] 🛎️⚙️ Global RPCPluginServer instance set. [pyvider.dynamic_call]
----------------------------- Captured stdout call -----------------------------
2025-05-27 09:36:57 [info     ] Testing server startup: Type=unix, Endpoint=/REDACTED_TMP [pyvider.dynamic_call]
2025-05-27 09:36:57 [debug    ] 🛎️ Entering serve(); starting server setup... [pyvider.dynamic_call]
2025-05-27 09:36:57 [debug    ] 🛎️ Registering signal handlers for graceful shutdown... [pyvider.dynamic_call]
2025-05-27 09:36:57 [debug    ] 🛎️ Signal handler registered for SIGINT. [pyvider.dynamic_call]
2025-05-27 09:36:57 [debug    ] 🛎️ Signal handler registered for SIGTERM. [pyvider.dynamic_call]
2025-05-27 09:36:57 [debug    ] 🤝 Starting handshake negotiation... [pyvider.dynamic_call]
2025-05-27 09:36:57 [debug    ] 🍪🔍 Starting magic cookie validation... [pyvider.dynamic_call]
2025-05-27 09:36:57 [debug    ] ⚙️📖 Getting config PLUGIN_MAGIC_COOKIE_KEY = BASIC_PLUGIN [pyvider.dynamic_call]
2025-05-27 09:36:57 [debug    ] ⚙️📖 Getting config PLUGIN_MAGIC_COOKIE_VALUE = hello [pyvider.dynamic_call]
2025-05-27 09:36:57 [debug    ] ⚙️📖 Getting config PLUGIN_MAGIC_COOKIE = hello [pyvider.dynamic_call]
2025-05-27 09:36:57 [debug    ] 🍪 cookie_key: BASIC_PLUGIN     [pyvider.dynamic_call]
2025-05-27 09:36:57 [debug    ] 🍪 cookie_value: hello          [pyvider.dynamic_call]
2025-05-27 09:36:57 [debug    ] 🍪 cookie_provided: hello       [pyvider.dynamic_call]
2025-05-27 09:36:57 [debug    ] 🍪✅ Magic cookie validated successfully. [pyvider.dynamic_call]
2025-05-27 09:36:57 [debug    ] 🤝 Magic cookie validated.      [pyvider.dynamic_call]
2025-05-27 09:36:57 [debug    ] 🤝🔄 Negotiating protocol version. Server supports: [1] [pyvider.dynamic_call]
2025-05-27 09:36:57 [debug    ] ⚙️📖 Getting config SUPPORTED_PROTOCOL_VERSIONS = [1, 2, 3, 4, 5, 6, 7] [pyvider.dynamic_call]
2025-05-27 09:36:57 [info     ] 🤝✅ Selected protocol version: 1 [pyvider.dynamic_call]
2025-05-27 09:36:57 [info     ] 🤝 Selected protocol version: 1 [pyvider.dynamic_call]
2025-05-27 09:36:57 [debug    ] 🤝 Using provided transport instance. [pyvider.dynamic_call]
2025-05-27 09:36:57 [debug    ] 🤝 Handshake negotiation completed; transport selected: unix. [pyvider.dynamic_call]
2025-05-27 09:36:57 [debug    ] ⚙️📖 Getting config PLUGIN_CLIENT_CERT = None [pyvider.dynamic_call]
2025-05-27 09:36:57 [debug    ] 🛎️🔐⚠️ No client certificate provided; operating insecurely. [pyvider.dynamic_call]
2025-05-27 09:36:57 [debug    ] 🛎️ Setting up gRPC server instance... [pyvider.dynamic_call]
2025-05-27 09:36:57 [debug    ] 🛎️ gRPC server instance created. [pyvider.dynamic_call]
2025-05-27 09:36:57 [debug    ] 🛎️ Registering protocol service to gRPC server... [pyvider.dynamic_call]
2025-05-27 09:36:57 [debug    ] 🔌🚀✅ MockProtocol.add_to_server called. [pyvider.dynamic_call]
2025-05-27 09:36:57 [debug    ] 🔌 ProtocolService => Registered GRPCStdio, GRPCBroker, GRPCController. [pyvider.dynamic_call]
2025-05-27 09:36:57 [debug    ] 🛎️ Protocol service registered successfully. [pyvider.dynamic_call]
2025-05-27 09:36:57 [debug    ] 🛎️ Insecure mode – no TLS credentials used. [pyvider.dynamic_call]
2025-05-27 09:36:57 [debug    ] ⚙️📖 Getting config PLUGIN_SERVER_ENDPOINT = None [pyvider.dynamic_call]
2025-05-27 09:36:57 [debug    ] 🛎️ Using Unix socket transport; listening on socket... [pyvider.dynamic_call]
2025-05-27 09:36:57 [debug    ] 📞🕹✅ Created directory: /REDACTED_TMP [pyvider.dynamic_call]
2025-05-27 09:36:57 [debug    ] 📞🕹🚀 Creating Unix socket at /REDACTED_TMP [pyvider.dynamic_call]
2025-05-27 09:36:57 [debug    ] 📞🕹✅ Set world-writable permissions (0770) on /REDACTED_TMP [pyvider.dynamic_call]
2025-05-27 09:36:57 [debug    ] 📞🕹✅ Server listening on /REDACTED_TMP [pyvider.dynamic_call]
2025-05-27 09:36:57 [debug    ] 🛎️ Bound to Unix socket at unix:/REDACTED_TMP [pyvider.dynamic_call]
2025-05-27 09:36:57 [debug    ] 🛎️ gRPC server started successfully. [pyvider.dynamic_call]
2025-05-27 09:36:57 [debug    ] 🛎️ Verified Unix socket file permissions at /REDACTED_TMP [pyvider.dynamic_call]
2025-05-27 09:36:57 [debug    ] 🤝📝🔄 Building handshake response... [pyvider.dynamic_call]
2025-05-27 09:36:57 [debug    ] 🤝📝✅ Using existing Unix transport endpoint: /REDACTED_TMP [pyvider.dynamic_call]
2025-05-27 09:36:57 [debug    ] ⚙️📖 Getting config PLUGIN_CORE_VERSION = 1 [pyvider.dynamic_call]
2025-05-27 09:36:57 [debug    ] 🤝📝🔄 Base response structure: ['1', '1', 'unix', '/REDACTED_TMP', 'grpc', ''] [pyvider.dynamic_call]
2025-05-27 09:36:57 [debug    ] 🤝📝✅ Handshake response successfully built: 1|1|unix|/REDACTED_TMP|grpc| [pyvider.dynamic_call]
2025-05-27 09:36:57 [debug    ] 🤝📝 Handshake response built: 1|1|unix|/REDACTED_TMP|grpc| [pyvider.dynamic_call]
1|1|unix|/REDACTED_TMP|grpc|
2025-05-27 09:36:57 [debug    ] 🤝📝✅ Handshake response sent to stdout [pyvider.dynamic_call]
2025-05-27 09:36:57 [debug    ] 🛎️ Server running; awaiting shutdown signal... [pyvider.dynamic_call]
2025-05-27 09:36:57 [debug    ] 🛎️⏳ Waiting for server ready event... [pyvider.dynamic_call]
2025-05-27 09:36:57 [debug    ] 🛎️✅ Server ready event received. [pyvider.dynamic_call]
2025-05-27 09:36:57 [debug    ] 🛎️🔍 Testing Unix socket connection to /REDACTED_TMP [pyvider.dynamic_call]
2025-05-27 09:36:57 [error    ] 🛎️❌ Unix socket connection test failed: name 'socket' is not defined [pyvider.dynamic_call]
2025-05-27 09:36:57 [error    ] 🛎️❌ Server did not become ready within timeout. [pyvider.dynamic_call] extra={'timeout': 3.14}
2025-05-27 09:36:57 [debug    ] 🛎️ Exiting serve(); initiating shutdown... [pyvider.dynamic_call]
2025-05-27 09:36:57 [debug    ] 🛎️ Stopping server...          [pyvider.dynamic_call]
2025-05-27 09:36:57 [debug    ] 🛎️ gRPC server stopped successfully. [pyvider.dynamic_call]
2025-05-27 09:36:57 [debug    ] 📞🔒🚀 Closing Unix socket transport at /REDACTED_TMP [pyvider.dynamic_call]
2025-05-27 09:36:57 [debug    ] 📞🔒✅ Closed server              [pyvider.dynamic_call]
2025-05-27 09:36:57 [debug    ] 📞🔒✅ Unix socket transport closed completely [pyvider.dynamic_call]
2025-05-27 09:36:57 [debug    ] 🛎️ Transport closed successfully. [pyvider.dynamic_call]
2025-05-27 09:36:57 [debug    ] 🛎️ Server shutdown complete.   [pyvider.dynamic_call]
2025-05-27 09:36:57 [debug    ] 🛎️ Shutdown complete; exiting process. [pyvider.dynamic_call]
--------------------------- Captured stdout teardown ---------------------------
2025-05-27 09:36:57 [debug    ] Stopping RPCPluginServer instance in fixture teardown... [pyvider.dynamic_call]
2025-05-27 09:36:57 [debug    ] Closing SERVER transport: Type=unix, Endpoint=/REDACTED_TMP [pyvider.dynamic_call]
2025-05-27 09:36:57 [debug    ] 📞🔒🚀 Closing Unix socket transport at /REDACTED_TMP [pyvider.dynamic_call]
2025-05-27 09:36:57 [debug    ] 📞🔒✅ Unix socket transport closed completely [pyvider.dynamic_call]
_______________ test_basic_client_server_connect_disconnect[tcp] _______________

rpc_server = RPCPluginServer(protocol=<tests.fixtures.mocks.MockProtocol object at 0x107abb360>, handler=<tests.fixtures.mocks.Mock...vent object at 0x107aa6870 [set]>, _shutdown_event=<asyncio.locks.Event object at 0x107aa7530 [unset]>, _instance=None)
transport_fixture = ('tcp', <function transport_fixture.<locals>.<lambda> at 0x107b459e0>, '127.0.0.1:59120')

    @pytest.mark.asyncio
    async def test_basic_client_server_connect_disconnect(rpc_server, transport_fixture):
        """Test a client connecting to and disconnecting from a running server."""
        transport_type, client_factory, endpoint = transport_fixture
    
        logger.info(f"Testing connect/disconnect: Type={transport_type}, Endpoint={endpoint}")
        server_task = asyncio.create_task(rpc_server.serve())
        # Add delay before checking readiness
        await asyncio.sleep(0.1)
    
        try:
            # Wait for server to be ready
            await asyncio.wait_for(rpc_server.wait_for_server_ready(), timeout=7.0) # Increased timeout
    
            # Verify endpoint is active
            if transport_type == "unix":
                assert os.path.exists(endpoint), "Unix socket file does not exist"
                assert stat.S_ISSOCK(os.stat(endpoint).st_mode), "Unix path is not a socket"
                # Verify socket is active with a direct socket connection
                sock = socket.socket(socket.AF_UNIX, socket.SOCK_STREAM)
                sock.settimeout(2.0)
                sock.connect(endpoint)
                sock.close()
            else:  # tcp
                # For TCP, verify with a direct socket connection
                sock = socket.socket(socket.AF_INET, socket.SOCK_STREAM)
                host, port_str = endpoint.split(":")
                sock.settimeout(2.0)
>               sock.connect((host, int(port_str)))
E               ConnectionRefusedError: [Errno 61] Connection refused

transport/test_transport_suite_2.py:258: ConnectionRefusedError
---------------------------- Captured stdout setup -----------------------------
2025-05-27 09:36:59 [debug    ] Creating SERVER transport: Type=tcp, Endpoint=127.0.0.1:59120 [pyvider.dynamic_call]
2025-05-27 09:36:59 [debug    ] 🔌🚀✅: TCP transport initialized with host=127.0.0.1, port=59120 [pyvider.dynamic_call]
2025-05-27 09:36:59 [debug    ] Creating RPCPluginServer instance for test... [pyvider.dynamic_call]
2025-05-27 09:36:59 [debug    ] 🛎️⚙️ Initializing HandshakeConfig from configuration. [pyvider.dynamic_call]
2025-05-27 09:36:59 [debug    ] ⚙️📖 Getting config PLUGIN_MAGIC_COOKIE_KEY = BASIC_PLUGIN [pyvider.dynamic_call]
2025-05-27 09:36:59 [debug    ] ⚙️📖 Getting config PLUGIN_MAGIC_COOKIE_VALUE = hello [pyvider.dynamic_call]
2025-05-27 09:36:59 [debug    ] ⚙️📖 Getting config PLUGIN_PROTOCOL_VERSIONS = [1] [pyvider.dynamic_call]
2025-05-27 09:36:59 [debug    ] ⚙️📖 Getting list config PLUGIN_PROTOCOL_VERSIONS = [1] [pyvider.dynamic_call]
2025-05-27 09:36:59 [debug    ] ⚙️📖 Getting config PLUGIN_SERVER_TRANSPORTS = ['unix', 'tcp'] [pyvider.dynamic_call]
2025-05-27 09:36:59 [debug    ] ⚙️📖 Getting list config PLUGIN_SERVER_TRANSPORTS = ['unix', 'tcp'] [pyvider.dynamic_call]
2025-05-27 09:36:59 [debug    ] 🛎️⚙️ HandshakeConfig set: HandshakeConfig(magic_cookie_key='BASIC_PLUGIN', magic_cookie_value='hello', protocol_versions=[1], supported_transports=['unix', 'tcp']) [pyvider.dynamic_call]
2025-05-27 09:36:59 [debug    ] 🛎️⚙️ Global RPCPluginServer instance set. [pyvider.dynamic_call]
----------------------------- Captured stdout call -----------------------------
2025-05-27 09:36:59 [info     ] Testing connect/disconnect: Type=tcp, Endpoint=127.0.0.1:59120 [pyvider.dynamic_call]
2025-05-27 09:36:59 [debug    ] 🛎️ Entering serve(); starting server setup... [pyvider.dynamic_call]
2025-05-27 09:36:59 [debug    ] 🛎️ Registering signal handlers for graceful shutdown... [pyvider.dynamic_call]
2025-05-27 09:36:59 [debug    ] 🛎️ Signal handler registered for SIGINT. [pyvider.dynamic_call]
2025-05-27 09:36:59 [debug    ] 🛎️ Signal handler registered for SIGTERM. [pyvider.dynamic_call]
2025-05-27 09:36:59 [debug    ] 🤝 Starting handshake negotiation... [pyvider.dynamic_call]
2025-05-27 09:36:59 [debug    ] 🍪🔍 Starting magic cookie validation... [pyvider.dynamic_call]
2025-05-27 09:36:59 [debug    ] ⚙️📖 Getting config PLUGIN_MAGIC_COOKIE_KEY = BASIC_PLUGIN [pyvider.dynamic_call]
2025-05-27 09:36:59 [debug    ] ⚙️📖 Getting config PLUGIN_MAGIC_COOKIE_VALUE = hello [pyvider.dynamic_call]
2025-05-27 09:36:59 [debug    ] ⚙️📖 Getting config PLUGIN_MAGIC_COOKIE = hello [pyvider.dynamic_call]
2025-05-27 09:36:59 [debug    ] 🍪 cookie_key: BASIC_PLUGIN     [pyvider.dynamic_call]
2025-05-27 09:36:59 [debug    ] 🍪 cookie_value: hello          [pyvider.dynamic_call]
2025-05-27 09:36:59 [debug    ] 🍪 cookie_provided: hello       [pyvider.dynamic_call]
2025-05-27 09:36:59 [debug    ] 🍪✅ Magic cookie validated successfully. [pyvider.dynamic_call]
2025-05-27 09:36:59 [debug    ] 🤝 Magic cookie validated.      [pyvider.dynamic_call]
2025-05-27 09:36:59 [debug    ] 🤝🔄 Negotiating protocol version. Server supports: [1] [pyvider.dynamic_call]
2025-05-27 09:36:59 [debug    ] ⚙️📖 Getting config SUPPORTED_PROTOCOL_VERSIONS = [1, 2, 3, 4, 5, 6, 7] [pyvider.dynamic_call]
2025-05-27 09:36:59 [info     ] 🤝✅ Selected protocol version: 1 [pyvider.dynamic_call]
2025-05-27 09:36:59 [info     ] 🤝 Selected protocol version: 1 [pyvider.dynamic_call]
2025-05-27 09:36:59 [debug    ] 🤝 Using provided transport instance. [pyvider.dynamic_call]
2025-05-27 09:36:59 [debug    ] 🤝 Handshake negotiation completed; transport selected: tcp. [pyvider.dynamic_call]
2025-05-27 09:36:59 [debug    ] ⚙️📖 Getting config PLUGIN_CLIENT_CERT = None [pyvider.dynamic_call]
2025-05-27 09:36:59 [debug    ] 🛎️🔐⚠️ No client certificate provided; operating insecurely. [pyvider.dynamic_call]
2025-05-27 09:36:59 [debug    ] 🛎️ Setting up gRPC server instance... [pyvider.dynamic_call]
2025-05-27 09:36:59 [debug    ] 🛎️ gRPC server instance created. [pyvider.dynamic_call]
2025-05-27 09:36:59 [debug    ] 🛎️ Registering protocol service to gRPC server... [pyvider.dynamic_call]
[...]
                        sock.settimeout(1.0)
                        sock.connect((host, int(port_str)))
                        sock.close()
                        logger.debug("🛎️✅ TCP connection test successful")
                    except Exception as e:
                        logger.error(f"🛎️❌ TCP connection test failed: {e}")
                        raise TimeoutError(f"TCP socket not connectable: {e}")
        except asyncio.TimeoutError:
            logger.error(
                "🛎️❌ Server did not become ready within timeout.",
                extra={"timeout": timeout},
            )
>           raise TimeoutError("Server failed to become ready")
E           TimeoutError: Server failed to become ready

../src/pyvider/rpcplugin/server.py:180: TimeoutError
---------------------------- Captured stdout setup -----------------------------
2025-05-27 09:36:59 [debug    ] Creating SERVER transport: Type=unix, Endpoint=/REDACTED_TMP [pyvider.dynamic_call]
2025-05-27 09:36:59 [debug    ] 📞🔍🚀 * Normalizing Unix path: /REDACTED_TMP [pyvider.dynamic_call]
2025-05-27 09:36:59 [debug    ] 📞🔍✅ * Normalized path: /REDACTED_TMP [pyvider.dynamic_call]
2025-05-27 09:36:59 [debug    ] 📞🚀✅ UnixSocketTransport initialized with path=/REDACTED_TMP [pyvider.dynamic_call]
2025-05-27 09:36:59 [debug    ] Creating RPCPluginServer instance for test... [pyvider.dynamic_call]
2025-05-27 09:36:59 [debug    ] 🛎️⚙️ Initializing HandshakeConfig from configuration. [pyvider.dynamic_call]
2025-05-27 09:36:59 [debug    ] ⚙️📖 Getting config PLUGIN_MAGIC_COOKIE_KEY = BASIC_PLUGIN [pyvider.dynamic_call]
2025-05-27 09:36:59 [debug    ] ⚙️📖 Getting config PLUGIN_MAGIC_COOKIE_VALUE = hello [pyvider.dynamic_call]
2025-05-27 09:36:59 [debug    ] ⚙️📖 Getting config PLUGIN_PROTOCOL_VERSIONS = [1] [pyvider.dynamic_call]
2025-05-27 09:36:59 [debug    ] ⚙️📖 Getting list config PLUGIN_PROTOCOL_VERSIONS = [1] [pyvider.dynamic_call]
2025-05-27 09:36:59 [debug    ] ⚙️📖 Getting config PLUGIN_SERVER_TRANSPORTS = ['unix', 'tcp'] [pyvider.dynamic_call]
2025-05-27 09:36:59 [debug    ] ⚙️📖 Getting list config PLUGIN_SERVER_TRANSPORTS = ['unix', 'tcp'] [pyvider.dynamic_call]
2025-05-27 09:36:59 [debug    ] 🛎️⚙️ HandshakeConfig set: HandshakeConfig(magic_cookie_key='BASIC_PLUGIN', magic_cookie_value='hello', protocol_versions=[1], supported_transports=['unix', 'tcp']) [pyvider.dynamic_call]
2025-05-27 09:36:59 [debug    ] 🛎️⚙️ Global RPCPluginServer instance set. [pyvider.dynamic_call]
----------------------------- Captured stdout call -----------------------------
2025-05-27 09:36:59 [info     ] Testing connect/disconnect: Type=unix, Endpoint=/REDACTED_TMP [pyvider.dynamic_call]
2025-05-27 09:36:59 [debug    ] 🛎️ Entering serve(); starting server setup... [pyvider.dynamic_call]
2025-05-27 09:36:59 [debug    ] 🛎️ Registering signal handlers for graceful shutdown... [pyvider.dynamic_call]
2025-05-27 09:36:59 [debug    ] 🛎️ Signal handler registered for SIGINT. [pyvider.dynamic_call]
2025-05-27 09:36:59 [debug    ] 🛎️ Signal handler registered for SIGTERM. [pyvider.dynamic_call]
2025-05-27 09:36:59 [debug    ] 🤝 Starting handshake negotiation... [pyvider.dynamic_call]
2025-05-27 09:36:59 [debug    ] 🍪🔍 Starting magic cookie validation... [pyvider.dynamic_call]
2025-05-27 09:36:59 [debug    ] ⚙️📖 Getting config PLUGIN_MAGIC_COOKIE_KEY = BASIC_PLUGIN [pyvider.dynamic_call]
2025-05-27 09:36:59 [debug    ] ⚙️📖 Getting config PLUGIN_MAGIC_COOKIE_VALUE = hello [pyvider.dynamic_call]
2025-05-27 09:36:59 [debug    ] ⚙️📖 Getting config PLUGIN_MAGIC_COOKIE = hello [pyvider.dynamic_call]
2025-05-27 09:36:59 [debug    ] 🍪 cookie_key: BASIC_PLUGIN     [pyvider.dynamic_call]
2025-05-27 09:36:59 [debug    ] 🍪 cookie_value: hello          [pyvider.dynamic_call]
2025-05-27 09:36:59 [debug    ] 🍪 cookie_provided: hello       [pyvider.dynamic_call]
2025-05-27 09:36:59 [debug    ] 🍪✅ Magic cookie validated successfully. [pyvider.dynamic_call]
2025-05-27 09:36:59 [debug    ] 🤝 Magic cookie validated.      [pyvider.dynamic_call]
2025-05-27 09:36:59 [debug    ] 🤝🔄 Negotiating protocol version. Server supports: [1] [pyvider.dynamic_call]
2025-05-27 09:36:59 [debug    ] ⚙️📖 Getting config SUPPORTED_PROTOCOL_VERSIONS = [1, 2, 3, 4, 5, 6, 7] [pyvider.dynamic_call]
2025-05-27 09:36:59 [info     ] 🤝✅ Selected protocol version: 1 [pyvider.dynamic_call]
2025-05-27 09:36:59 [info     ] 🤝 Selected protocol version: 1 [pyvider.dynamic_call]
2025-05-27 09:36:59 [debug    ] 🤝 Using provided transport instance. [pyvider.dynamic_call]
2025-05-27 09:36:59 [debug    ] 🤝 Handshake negotiation completed; transport selected: unix. [pyvider.dynamic_call]
2025-05-27 09:36:59 [debug    ] ⚙️📖 Getting config PLUGIN_CLIENT_CERT = None [pyvider.dynamic_call]
2025-05-27 09:36:59 [debug    ] 🛎️🔐⚠️ No client certificate provided; operating insecurely. [pyvider.dynamic_call]
2025-05-27 09:36:59 [debug    ] 🛎️ Setting up gRPC server instance... [pyvider.dynamic_call]
2025-05-27 09:36:59 [debug    ] 🛎️ gRPC server instance created. [pyvider.dynamic_call]
2025-05-27 09:36:59 [debug    ] 🛎️ Registering protocol service to gRPC server... [pyvider.dynamic_call]
2025-05-27 09:36:59 [debug    ] 🔌🚀✅ MockProtocol.add_to_server called. [pyvider.dynamic_call]
2025-05-27 09:36:59 [debug    ] 🔌 ProtocolService => Registered GRPCStdio, GRPCBroker, GRPCController. [pyvider.dynamic_call]
2025-05-27 09:36:59 [debug    ] 🛎️ Protocol service registered successfully. [pyvider.dynamic_call]
2025-05-27 09:36:59 [debug    ] 🛎️ Insecure mode – no TLS credentials used. [pyvider.dynamic_call]
2025-05-27 09:36:59 [debug    ] ⚙️📖 Getting config PLUGIN_SERVER_ENDPOINT = None [pyvider.dynamic_call]
2025-05-27 09:36:59 [debug    ] 🛎️ Using Unix socket transport; listening on socket... [pyvider.dynamic_call]
2025-05-27 09:36:59 [debug    ] 📞🕹✅ Created directory: /REDACTED_TMP [pyvider.dynamic_call]
2025-05-27 09:36:59 [debug    ] 📞🕹🚀 Creating Unix socket at /REDACTED_TMP [pyvider.dynamic_call]
2025-05-27 09:36:59 [debug    ] 📞🕹✅ Set world-writable permissions (0770) on /REDACTED_TMP [pyvider.dynamic_call]
2025-05-27 09:36:59 [debug    ] 📞🕹✅ Server listening on /REDACTED_TMP [pyvider.dynamic_call]
2025-05-27 09:36:59 [debug    ] 🛎️ Bound to Unix socket at unix:/REDACTED_TMP [pyvider.dynamic_call]
2025-05-27 09:36:59 [debug    ] 🛎️ gRPC server started successfully. [pyvider.dynamic_call]
2025-05-27 09:36:59 [debug    ] 🛎️ Verified Unix socket file permissions at /REDACTED_TMP [pyvider.dynamic_call]
2025-05-27 09:36:59 [debug    ] 🤝📝🔄 Building handshake response... [pyvider.dynamic_call]
2025-05-27 09:36:59 [debug    ] 🤝📝✅ Using existing Unix transport endpoint: /REDACTED_TMP [pyvider.dynamic_call]
2025-05-27 09:36:59 [debug    ] ⚙️📖 Getting config PLUGIN_CORE_VERSION = 1 [pyvider.dynamic_call]
2025-05-27 09:36:59 [debug    ] 🤝📝🔄 Base response structure: ['1', '1', 'unix', '/REDACTED_TMP', 'grpc', ''] [pyvider.dynamic_call]
2025-05-27 09:36:59 [debug    ] 🤝📝✅ Handshake response successfully built: 1|1|unix|/REDACTED_TMP|grpc| [pyvider.dynamic_call]
2025-05-27 09:36:59 [debug    ] 🤝📝 Handshake response built: 1|1|unix|/REDACTED_TMP|grpc| [pyvider.dynamic_call]
1|1|unix|/REDACTED_TMP|grpc|
2025-05-27 09:36:59 [debug    ] 🤝📝✅ Handshake response sent to stdout [pyvider.dynamic_call]
2025-05-27 09:36:59 [debug    ] 🛎️ Server running; awaiting shutdown signal... [pyvider.dynamic_call]
2025-05-27 09:36:59 [debug    ] 🛎️⏳ Waiting for server ready event... [pyvider.dynamic_call]
2025-05-27 09:36:59 [debug    ] 🛎️✅ Server ready event received. [pyvider.dynamic_call]
2025-05-27 09:36:59 [debug    ] 🛎️🔍 Testing Unix socket connection to /REDACTED_TMP [pyvider.dynamic_call]
2025-05-27 09:36:59 [error    ] 🛎️❌ Unix socket connection test failed: name 'socket' is not defined [pyvider.dynamic_call]
2025-05-27 09:36:59 [error    ] 🛎️❌ Server did not become ready within timeout. [pyvider.dynamic_call] extra={'timeout': 3.14}
2025-05-27 09:36:59 [error    ] Test failure: Server failed to become ready [pyvider.dynamic_call]
2025-05-27 09:36:59 [debug    ] 🛎️ Stopping server...          [pyvider.dynamic_call]
2025-05-27 09:36:59 [debug    ] 🛎️ gRPC server stopped successfully. [pyvider.dynamic_call]
2025-05-27 09:36:59 [debug    ] 📞🔒🚀 Closing Unix socket transport at /REDACTED_TMP [pyvider.dynamic_call]
2025-05-27 09:36:59 [debug    ] 📞🔒✅ Closed server              [pyvider.dynamic_call]
2025-05-27 09:36:59 [debug    ] 📞🔒✅ Unix socket transport closed completely [pyvider.dynamic_call]
2025-05-27 09:36:59 [debug    ] 🛎️ Transport closed successfully. [pyvider.dynamic_call]
2025-05-27 09:36:59 [info     ] 🛎️ Shutdown signal received; initiating graceful shutdown... [pyvider.dynamic_call]
2025-05-27 09:36:59 [debug    ] 🛎️ Serving future resolved on shutdown request. [pyvider.dynamic_call]
2025-05-27 09:36:59 [debug    ] 🛎️ Server shutdown complete.   [pyvider.dynamic_call]
2025-05-27 09:36:59 [debug    ] 🛎️ Exiting serve(); initiating shutdown... [pyvider.dynamic_call]
2025-05-27 09:36:59 [debug    ] 🛎️ Stopping server...          [pyvider.dynamic_call]
2025-05-27 09:36:59 [debug    ] 🛎️ Server shutdown complete.   [pyvider.dynamic_call]
2025-05-27 09:36:59 [debug    ] 🛎️ Shutdown complete; exiting process. [pyvider.dynamic_call]
--------------------------- Captured stdout teardown ---------------------------
2025-05-27 09:37:00 [debug    ] Stopping RPCPluginServer instance in fixture teardown... [pyvider.dynamic_call]
2025-05-27 09:37:00 [debug    ] Closing SERVER transport: Type=unix, Endpoint=/REDACTED_TMP [pyvider.dynamic_call]
2025-05-27 09:37:00 [debug    ] 📞🔒🚀 Closing Unix socket transport at /REDACTED_TMP [pyvider.dynamic_call]
2025-05-27 09:37:00 [debug    ] 📞🔒✅ Unix socket transport closed completely [pyvider.dynamic_call]
__________________________ test_unix_connect_success ___________________________

monkeypatch = <_pytest.monkeypatch.MonkeyPatch object at 0x1169f6210>
tmp_path = PosixPath('/REDACTED_TMP')

    @pytest.mark.asyncio
    async def test_unix_connect_success(monkeypatch, tmp_path) -> None:
        sock_path = str(tmp_path / "connect.sock")
        # Create the file so that os.path.exists returns True.
        with open(sock_path, "w") as f:
            f.write("")
        transport = UnixSocketTransport(path=sock_path)
        dummy_reader = DummyReader(b"dummy")
        dummy_writer = DummyWriter()
        monkeypatch.setattr(
            asyncio,
            "open_unix_connection",
            AsyncMock(return_value=(dummy_reader, dummy_writer)),
        )
>       await transport.connect("unix:" + sock_path)

transport/unix/test_transport_unix_connect.py:27: 
_ _ _ _ _ _ _ _ _ _ _ _ _ _ _ _ _ _ _ _ _ _ _ _ _ _ _ _ _ _ _ _ _ _ _ _ _ _ _ _ 

self = UnixSocketTransport(path='/REDACTED_TMP), _running=False, _closing=False, _lock=<asyncio.locks.Lock object at 0x116900ef0 [unlocked]>, _transport_name='unix')
endpoint = '/REDACTED_TMP'

    async def connect(self, endpoint: str) -> None:
        """
        Connect to a remote Unix socket with robust path handling.
    
        This method:
        1. Normalizes the endpoint path to handle various formats
        2. Verifies the socket file exists (with retries)
        3. Establishes the connection with timeout handling
    
        Args:
            endpoint: The Unix socket path to connect to, which can be in various formats:
                     - Absolute path: "/tmp/socket.sock"
                     - With prefix: "unix:/tmp/socket.sock"
    
        Raises:
            TransportError: If the socket file doesn't exist or connection fails
            TimeoutError: If the connection attempt times out
        """
        # Save original endpoint for logging
        orig_endpoint = endpoint
    
        # Normalize endpoint path
        endpoint = normalize_unix_path(endpoint)
    
        logger.debug(f"📞🤝🚀 Connecting to Unix socket at '{endpoint}' (from '{orig_endpoint}')")
    
        # Verify socket file exists with retries
        retries = 3
        for attempt in range(retries):
            if os.path.exists(endpoint):
                break
            if attempt < retries - 1:
                logger.debug(f"📞🤝⚠️ Socket file not found, retrying ({attempt+1}/{retries})")
                await asyncio.sleep(0.5)  # Short delay between retries
    
        if not os.path.exists(endpoint):
            logger.error(f"📞🤝❌ Socket file does not exist: {endpoint}")
            raise TransportError(f"Socket {endpoint} does not exist")
    
        # Add validation that it's actually a socket
        try:
            if not stat.S_ISSOCK(os.stat(endpoint).st_mode):
                logger.error(f"📞🤝❌ Path exists but is not a socket: {endpoint}")
>               raise TransportError(f"Path exists but is not a socket: {endpoint}")
E               pyvider.rpcplugin.exception.TransportError: Path exists but is not a socket: /REDACTED_TMP

../src/pyvider/rpcplugin/transport/unix.py:229: TransportError
----------------------------- Captured stdout call -----------------------------
2025-05-27 09:37:18 [debug    ] 📞🔍🚀 * Normalizing Unix path: /REDACTED_TMP [pyvider.dynamic_call]
2025-05-27 09:37:18 [debug    ] 📞🔍✅ * Normalized path: /REDACTED_TMP [pyvider.dynamic_call]
2025-05-27 09:37:18 [debug    ] 📞🚀✅ UnixSocketTransport initialized with path=/REDACTED_TMP [pyvider.dynamic_call]
2025-05-27 09:37:18 [debug    ] 📞🔍🚀 * Normalizing Unix path: unix:/REDACTED_TMP [pyvider.dynamic_call]
2025-05-27 09:37:18 [debug    ] 📞🔍✅ * Normalized path: /REDACTED_TMP [pyvider.dynamic_call]
2025-05-27 09:37:18 [debug    ] 📞🤝🚀 Connecting to Unix socket at '/REDACTED_TMP' (from 'unix:/REDACTED_TMP') [pyvider.dynamic_call]
2025-05-27 09:37:18 [error    ] 📞🤝❌ Path exists but is not a socket: /REDACTED_TMP [pyvider.dynamic_call]
=============================== warnings summary ===============================
tests/transport/unix/test_transport_unix_close.py::test_unix_socket_close_oserror
tests/transport/unix/test_transport_unix_listen.py::test_unix_listen_success
  /REDACTED_ABS_PATH:85: PytestUnraisableExceptionWarning: Exception ignored in: <function _SelectorTransport.__del__ at 0x103c4f920>
  
  Traceback (most recent call last):
    File "/REDACTED_ABS_PATH", line 872, in __del__
      self._server._detach(self)
      ~~~~~~~~~~~~~~~~~~~~^^^^^^
    File "/REDACTED_ABS_PATH", line 303, in _detach
      self._wakeup()
      ~~~~~~~~~~~~^^
    File "/REDACTED_ABS_PATH", line 308, in _wakeup
      for waiter in waiters:
                    ^^^^^^^
  TypeError: 'NoneType' object is not iterable
  
    warnings.warn(pytest.PytestUnraisableExceptionWarning(msg))

-- Docs: https://docs.pytest.org/en/stable/how-to/capture-warnings.html

---------- coverage: platform darwin, python 3.13.3-final-0 ----------
Name                                                                                               Stmts   Miss Branch BrPart  Cover   Missing
----------------------------------------------------------------------------------------------------------------------------------------------
/REDACTED_ABS_PATH                                6      0      0      0   100%
/REDACTED_ABS_PATH                         4      0      0      0   100%
/REDACTED_ABS_PATH                           303    249     78      0    14%   149, 173-193, 206-224, 242-275, 285-296, 313-445, 462-523, 539-550, 566-574, 587-609, 628-664, 678-687, 705-760
/REDACTED_ABS_PATH                      76     11     18      5    81%   47->49, 49->exit, 102-106, 119, 136, 156-157, 169, 175-177
/REDACTED_ABS_PATH                           12      0      8      4    80%   25->exit, 26->exit, 27->exit, 28->exit
/REDACTED_ABS_PATH                                258    167    104     13    33%   210-218, 230, 235, 239, 242, 248-250, 256-269, 291-292, 300-304, 330-332, 358-360, 370->373, 402, 417-422, 458, 467, 476, 485, 494, 503, 544-616, 634-662, 675-700, 713-732, 745-768, 774-777
/REDACTED_ABS_PATH                         6      0      0      0   100%
/REDACTED_ABS_PATH                    311    221     86      0    23%   80-137, 142, 195-318, 325-386, 391-416, 422, 427, 432-435, 440-450, 455-456, 461-462, 467-468, 473-474, 480-512, 516-559, 564-576, 581-591, 598-609
/REDACTED_ABS_PATH                        8      0      0      0   100%
/REDACTED_ABS_PATH                           93     86     28      0     6%   30-143, 157-191
/REDACTED_ABS_PATH                      22     11      8      0    37%   20, 26, 57-72
/REDACTED_ABS_PATH                           14      0      6      3    85%   23->exit, 25->exit, 27->exit
/REDACTED_ABS_PATH                              14      0      0      0   100%
/REDACTED_ABS_PATH                              66     66     16      0     0%   17-226
/REDACTED_ABS_PATH                             249    188     86     10    22%   65-104, 124->123, 128-132, 144, 181-182, 185-186, 189-190, 193-197, 217-218, 227-232, 245-253, 261-265, 274-315, 335-429, 445-473, 491-549
/REDACTED_ABS_PATH                       6      0      0      0   100%
/REDACTED_ABS_PATH                           3      0      0      0   100%
/REDACTED_ABS_PATH               20      7      2      1    64%   31-37
/REDACTED_ABS_PATH          27      6      2      1    76%   22, 40, 53-55, 90
/REDACTED_ABS_PATH           18      5      2      1    70%   31-35
/REDACTED_ABS_PATH      27      6      2      1    76%   22, 40, 53-55, 90
/REDACTED_ABS_PATH                20      7      2      1    64%   33-39
/REDACTED_ABS_PATH           28      6      2      1    77%   23, 44, 65-67, 105
/REDACTED_ABS_PATH                      124     77     12      0    35%   45-47, 50-54, 57-61, 82-140, 154-160, 164-196, 201-202, 218-225, 229-239
/REDACTED_ABS_PATH                                307    115     58     17    61%   113-118, 147-148, 154-157, 162-174, 181-183, 196, 212-215, 220, 225-228, 250-285, 308, 312-313, 320-321, 330-331, 376-381, 388, 398-402, 406-407, 411-413, 431-432, 443-448, 453-455, 460-464, 468-473, 503-504, 514-518, 526-531, 547-552, 570, 571->exit, 598-603, 625-628, 635-639, 644-645, 662->exit, 665-666, 670, 674-676
/REDACTED_ABS_PATH                      4      0      0      0   100%
/REDACTED_ABS_PATH                          7      0      2      1    89%   49->exit
/REDACTED_ABS_PATH                         143     27     18      4    81%   70-71, 89-91, 111-114, 121, 124-125, 146-148, 153-157, 178-180, 187, 192, 210-211, 220-221
/REDACTED_ABS_PATH                        17      0      6      3    87%   42->exit, 43->exit, 44->exit
/REDACTED_ABS_PATH                        220     33     54      7    85%   116-124, 128-129, 135-136, 146->155, 150-152, 162->166, 231-232, 242-247, 265->280, 276, 290, 294-295, 305-306, 332-333, 353
/REDACTED_ABS_PATH                                  74     21      0      0    72%   65, 75, 87, 108, 117, 123, 142, 155, 174, 186, 192, 219, 223, 227, 231, 244-245, 257-258, 270-271
----------------------------------------------------------------------------------------------------------------------------------------------
TOTAL                                                                                               2487   1309    600     73    43%

=========================== short test summary info ============================
FAILED transport/test_transport_suite.py::test_server_with_transport[tcp] - F...
FAILED transport/test_transport_suite.py::test_server_with_transport[unix] - ...
FAILED transport/test_transport_suite_2.py::test_server_startup_and_shutdown[tcp]
FAILED transport/test_transport_suite_2.py::test_server_startup_and_shutdown[unix]
FAILED transport/test_transport_suite_2.py::test_basic_client_server_connect_disconnect[tcp]
FAILED transport/test_transport_suite_2.py::test_basic_client_server_connect_disconnect[unix]
FAILED transport/unix/test_transport_unix_connect.py::test_unix_connect_success
================== 7 failed, 65 passed, 2 warnings in 50.29s ===================
